TN:
SF:src/app/error.tsx
FN:13,ErrorPage
FN:106,(anonymous_3)
FN:114,(anonymous_4)
FN:137,(anonymous_5)
FN:146,(anonymous_6)
FNF:5
FNH:0
FNDA:0,ErrorPage
FNDA:0,(anonymous_3)
FNDA:0,(anonymous_4)
FNDA:0,(anonymous_5)
FNDA:0,(anonymous_6)
DA:3,0
DA:4,0
DA:5,0
DA:6,0
DA:13,0
DA:106,0
DA:114,0
DA:137,0
DA:146,0
LF:9
LH:0
BRDA:57,0,0,0
BRDA:71,1,0,0
BRF:2
BRH:0
end_of_record
TN:
SF:src/app/layout.tsx
FN:115,RootLayout
FNF:1
FNH:0
FNDA:0,RootLayout
DA:2,0
DA:3,0
DA:4,0
DA:5,0
DA:8,0
DA:14,0
DA:21,0
DA:103,0
DA:115,0
LF:9
LH:0
BRDA:46,0,0,0
BRDA:46,0,1,0
BRF:2
BRH:0
end_of_record
TN:
SF:src/app/not-found.tsx
FN:9,NotFound
FNF:1
FNH:0
FNDA:0,NotFound
DA:3,0
DA:4,0
DA:5,0
DA:6,0
DA:7,0
DA:9,0
LF:6
LH:0
BRF:0
BRH:0
end_of_record
TN:
SF:src/app/page.tsx
FN:17,LandingPage
FN:27,(anonymous_6)
FN:28,(anonymous_7)
FN:43,(anonymous_8)
FN:48,(anonymous_9)
FN:53,(anonymous_10)
FN:58,(anonymous_11)
FN:63,(anonymous_12)
FN:68,(anonymous_13)
FN:70,(anonymous_14)
FN:75,(anonymous_15)
FN:81,(anonymous_16)
FN:88,(anonymous_17)
FN:143,(anonymous_18)
FN:159,(anonymous_19)
FN:162,(anonymous_20)
FN:183,(anonymous_21)
FN:186,(anonymous_22)
FN:211,(anonymous_23)
FN:251,(anonymous_24)
FN:255,(anonymous_25)
FN:268,(anonymous_26)
FN:272,(anonymous_27)
FN:284,(anonymous_28)
FN:288,(anonymous_29)
FN:296,(anonymous_30)
FN:321,(anonymous_31)
FN:331,(anonymous_32)
FN:489,(anonymous_33)
FN:506,(anonymous_34)
FN:664,(anonymous_35)
FN:776,(anonymous_36)
FNF:32
FNH:0
FNDA:0,LandingPage
FNDA:0,(anonymous_6)
FNDA:0,(anonymous_7)
FNDA:0,(anonymous_8)
FNDA:0,(anonymous_9)
FNDA:0,(anonymous_10)
FNDA:0,(anonymous_11)
FNDA:0,(anonymous_12)
FNDA:0,(anonymous_13)
FNDA:0,(anonymous_14)
FNDA:0,(anonymous_15)
FNDA:0,(anonymous_16)
FNDA:0,(anonymous_17)
FNDA:0,(anonymous_18)
FNDA:0,(anonymous_19)
FNDA:0,(anonymous_20)
FNDA:0,(anonymous_21)
FNDA:0,(anonymous_22)
FNDA:0,(anonymous_23)
FNDA:0,(anonymous_24)
FNDA:0,(anonymous_25)
FNDA:0,(anonymous_26)
FNDA:0,(anonymous_27)
FNDA:0,(anonymous_28)
FNDA:0,(anonymous_29)
FNDA:0,(anonymous_30)
FNDA:0,(anonymous_31)
FNDA:0,(anonymous_32)
FNDA:0,(anonymous_33)
FNDA:0,(anonymous_34)
FNDA:0,(anonymous_35)
FNDA:0,(anonymous_36)
DA:3,0
DA:4,0
DA:5,0
DA:6,0
DA:7,0
DA:8,0
DA:9,0
DA:10,0
DA:12,0
DA:13,0
DA:14,0
DA:15,0
DA:17,0
DA:18,0
DA:19,0
DA:20,0
DA:21,0
DA:22,0
DA:23,0
DA:24,0
DA:27,0
DA:28,0
DA:29,0
DA:30,0
DA:31,0
DA:32,0
DA:34,0
DA:36,0
DA:40,0
DA:43,0
DA:44,0
DA:45,0
DA:48,0
DA:49,0
DA:50,0
DA:53,0
DA:54,0
DA:58,0
DA:59,0
DA:60,0
DA:63,0
DA:64,0
DA:65,0
DA:68,0
DA:69,0
DA:70,0
DA:71,0
DA:75,0
DA:76,0
DA:79,0
DA:81,0
DA:82,0
DA:83,0
DA:88,0
DA:89,0
DA:90,0
DA:91,0
DA:94,0
DA:121,0
DA:143,0
DA:159,0
DA:162,0
DA:183,0
DA:186,0
DA:211,0
DA:252,0
DA:253,0
DA:256,0
DA:269,0
DA:270,0
DA:273,0
DA:285,0
DA:286,0
DA:289,0
DA:297,0
DA:298,0
DA:322,0
DA:332,0
DA:489,0
DA:507,0
DA:665,0
DA:666,0
DA:777,0
DA:778,0
LF:84
LH:0
BRDA:32,0,0,0
BRDA:32,0,1,0
BRDA:146,1,0,0
BRDA:170,2,0,0
BRDA:198,3,0,0
BRDA:216,4,0,0
BRDA:216,4,1,0
BRDA:216,5,0,0
BRDA:216,5,1,0
BRDA:217,6,0,0
BRDA:217,6,1,0
BRDA:218,7,0,0
BRDA:218,7,1,0
BRDA:219,8,0,0
BRDA:219,8,1,0
BRDA:220,9,0,0
BRDA:220,9,1,0
BRDA:226,10,0,0
BRDA:226,10,1,0
BRDA:226,11,0,0
BRDA:226,11,1,0
BRDA:227,12,0,0
BRDA:227,12,1,0
BRDA:228,13,0,0
BRDA:228,13,1,0
BRDA:229,14,0,0
BRDA:229,14,1,0
BRDA:230,15,0,0
BRDA:230,15,1,0
BRDA:231,16,0,0
BRDA:231,16,1,0
BRDA:244,17,0,0
BRDA:244,17,1,0
BRDA:248,18,0,0
BRDA:248,18,1,0
BRDA:263,19,0,0
BRDA:279,20,0,0
BRDA:294,21,0,0
BRDA:305,22,0,0
BRDA:319,23,0,0
BRDA:343,24,0,0
BRDA:351,25,0,0
BRDA:393,26,0,0
BRDA:397,27,0,0
BRDA:402,28,0,0
BRDA:402,28,1,0
BRDA:403,29,0,0
BRDA:403,29,1,0
BRDA:409,30,0,0
BRDA:412,31,0,0
BRDA:413,32,0,0
BRDA:419,33,0,0
BRDA:425,34,0,0
BRDA:443,35,0,0
BRDA:534,36,0,0
BRDA:534,36,1,0
BRDA:536,37,0,0
BRDA:536,37,1,0
BRDA:541,38,0,0
BRDA:541,38,1,0
BRDA:545,39,0,0
BRDA:545,39,1,0
BRDA:547,40,0,0
BRDA:553,41,0,0
BRDA:553,41,1,0
BRDA:556,42,0,0
BRDA:556,42,1,0
BRDA:593,43,0,0
BRDA:593,43,1,0
BRDA:601,44,0,0
BRDA:601,44,1,0
BRDA:608,45,0,0
BRDA:608,45,1,0
BRDA:609,46,0,0
BRDA:609,46,1,0
BRDA:617,47,0,0
BRDA:617,47,1,0
BRDA:627,48,0,0
BRDA:627,48,1,0
BRDA:628,49,0,0
BRDA:628,49,1,0
BRDA:678,50,0,0
BRDA:678,50,1,0
BRDA:679,51,0,0
BRDA:679,51,1,0
BRDA:680,52,0,0
BRDA:680,52,1,0
BRF:87
BRH:0
end_of_record
TN:
SF:src/app/admin/page.tsx
FN:82,AdminDashboard
FN:189,(anonymous_3)
FNF:2
FNH:0
FNDA:0,AdminDashboard
FNDA:0,(anonymous_3)
DA:3,0
DA:4,0
DA:5,0
DA:6,0
DA:7,0
DA:8,0
DA:18,0
DA:21,0
DA:30,0
DA:40,0
DA:47,0
DA:82,0
DA:190,0
LF:13
LH:0
BRDA:205,0,0,0
BRDA:205,0,1,0
BRDA:207,1,0,0
BRDA:207,1,1,0
BRF:4
BRH:0
end_of_record
TN:
SF:src/app/admin/analytics/page.tsx
FN:88,AnalyticsPage
FN:92,(anonymous_6)
FN:112,(anonymous_7)
FN:285,(anonymous_8)
FNF:4
FNH:0
FNDA:0,AnalyticsPage
FNDA:0,(anonymous_6)
FNDA:0,(anonymous_7)
FNDA:0,(anonymous_8)
DA:3,0
DA:4,0
DA:5,0
DA:6,0
DA:7,0
DA:8,0
DA:21,0
DA:24,0
DA:39,0
DA:47,0
DA:53,0
DA:62,0
DA:70,0
DA:79,0
DA:88,0
DA:89,0
DA:90,0
DA:92,0
DA:93,0
DA:112,0
DA:286,0
LF:21
LH:0
BRF:0
BRH:0
end_of_record
TN:
SF:src/app/admin/audit/page.tsx
FN:141,(anonymous_5)
FN:142,(anonymous_6)
FN:170,(anonymous_7)
FN:171,(anonymous_8)
FN:193,AuditPage
FN:201,(anonymous_10)
FN:281,(anonymous_17)
FN:282,(anonymous_18)
FN:283,(anonymous_19)
FN:285,(anonymous_20)
FN:305,(anonymous_21)
FN:391,(anonymous_22)
FN:392,(anonymous_23)
FN:419,(anonymous_24)
FN:420,(anonymous_25)
FN:426,(anonymous_26)
FNF:16
FNH:0
FNDA:0,(anonymous_5)
FNDA:0,(anonymous_6)
FNDA:0,(anonymous_7)
FNDA:0,(anonymous_8)
FNDA:0,AuditPage
FNDA:0,(anonymous_10)
FNDA:0,(anonymous_17)
FNDA:0,(anonymous_18)
FNDA:0,(anonymous_19)
FNDA:0,(anonymous_20)
FNDA:0,(anonymous_21)
FNDA:0,(anonymous_22)
FNDA:0,(anonymous_23)
FNDA:0,(anonymous_24)
FNDA:0,(anonymous_25)
FNDA:0,(anonymous_26)
DA:3,0
DA:4,0
DA:5,0
DA:6,0
DA:7,0
DA:20,0
DA:43,0
DA:132,0
DA:141,0
DA:142,0
DA:143,0
DA:145,0
DA:147,0
DA:149,0
DA:151,0
DA:155,0
DA:156,0
DA:170,0
DA:171,0
DA:172,0
DA:180,0
DA:183,0
DA:193,0
DA:194,0
DA:195,0
DA:197,0
DA:202,0
DA:280,0
DA:281,0
DA:282,0
DA:283,0
DA:285,0
DA:286,0
DA:305,0
DA:392,0
DA:393,0
DA:420,0
DA:421,0
DA:426,0
LF:39
LH:0
BRDA:143,0,0,0
BRDA:143,0,1,0
BRDA:143,0,2,0
BRDA:143,0,3,0
BRDA:156,1,0,0
BRDA:156,1,1,0
BRDA:180,2,0,0
BRDA:180,2,1,0
BRDA:242,3,0,0
BRDA:339,4,0,0
BRDA:339,4,1,0
BRDA:340,5,0,0
BRDA:340,5,1,0
BRDA:363,6,0,0
BRF:14
BRH:0
end_of_record
TN:
SF:src/app/admin/reports/page.tsx
FN:78,(anonymous_5)
FN:79,(anonymous_6)
FN:80,(anonymous_7)
FN:81,(anonymous_8)
FN:82,(anonymous_9)
FN:85,(anonymous_10)
FN:86,(anonymous_11)
FN:117,(anonymous_12)
FN:134,ReportsPage
FN:140,(anonymous_14)
FN:142,(anonymous_15)
FN:143,(anonymous_16)
FN:144,(anonymous_17)
FN:145,(anonymous_18)
FN:147,(anonymous_19)
FN:151,(anonymous_20)
FN:204,(anonymous_21)
FN:207,(anonymous_22)
FN:224,(anonymous_23)
FN:267,(anonymous_24)
FN:279,(anonymous_25)
FNF:21
FNH:0
FNDA:0,(anonymous_5)
FNDA:0,(anonymous_6)
FNDA:0,(anonymous_7)
FNDA:0,(anonymous_8)
FNDA:0,(anonymous_9)
FNDA:0,(anonymous_10)
FNDA:0,(anonymous_11)
FNDA:0,(anonymous_12)
FNDA:0,ReportsPage
FNDA:0,(anonymous_14)
FNDA:0,(anonymous_15)
FNDA:0,(anonymous_16)
FNDA:0,(anonymous_17)
FNDA:0,(anonymous_18)
FNDA:0,(anonymous_19)
FNDA:0,(anonymous_20)
FNDA:0,(anonymous_21)
FNDA:0,(anonymous_22)
FNDA:0,(anonymous_23)
FNDA:0,(anonymous_24)
FNDA:0,(anonymous_25)
DA:3,0
DA:4,0
DA:5,0
DA:15,0
DA:29,0
DA:76,0
DA:78,0
DA:79,0
DA:80,0
DA:81,0
DA:82,0
DA:85,0
DA:86,0
DA:87,0
DA:89,0
DA:91,0
DA:93,0
DA:95,0
DA:97,0
DA:101,0
DA:102,0
DA:117,0
DA:118,0
DA:134,0
DA:135,0
DA:136,0
DA:138,0
DA:140,0
DA:142,0
DA:143,0
DA:144,0
DA:145,0
DA:147,0
DA:148,0
DA:151,0
DA:152,0
DA:205,0
DA:207,0
DA:225,0
DA:267,0
DA:279,0
LF:41
LH:0
BRDA:87,0,0,0
BRDA:87,0,1,0
BRDA:87,0,2,0
BRDA:87,0,3,0
BRDA:87,0,4,0
BRDA:102,1,0,0
BRDA:102,1,1,0
BRDA:118,2,0,0
BRDA:118,2,1,0
BRDA:138,3,0,0
BRDA:138,3,1,0
BRDA:188,4,0,0
BRDA:188,4,1,0
BRDA:189,5,0,0
BRDA:189,5,1,0
BRDA:209,6,0,0
BRDA:209,6,1,0
BRDA:255,7,0,0
BRDA:270,8,0,0
BRDA:270,8,1,0
BRDA:276,9,0,0
BRDA:276,9,1,0
BRDA:282,10,0,0
BRDA:282,10,1,0
BRDA:295,11,0,0
BRF:25
BRH:0
end_of_record
TN:
SF:src/app/admin/security/page.tsx
FN:136,(anonymous_5)
FN:137,(anonymous_6)
FN:162,(anonymous_7)
FN:163,(anonymous_8)
FN:211,(anonymous_10)
FN:217,(anonymous_11)
FN:253,SecurityPage
FN:260,(anonymous_13)
FN:341,(anonymous_21)
FN:342,(anonymous_22)
FN:343,(anonymous_23)
FN:350,(anonymous_24)
FN:422,(anonymous_25)
FN:424,(anonymous_26)
FNF:14
FNH:0
FNDA:0,(anonymous_5)
FNDA:0,(anonymous_6)
FNDA:0,(anonymous_7)
FNDA:0,(anonymous_8)
FNDA:0,(anonymous_10)
FNDA:0,(anonymous_11)
FNDA:0,SecurityPage
FNDA:0,(anonymous_13)
FNDA:0,(anonymous_21)
FNDA:0,(anonymous_22)
FNDA:0,(anonymous_23)
FNDA:0,(anonymous_24)
FNDA:0,(anonymous_25)
FNDA:0,(anonymous_26)
DA:3,0
DA:4,0
DA:5,0
DA:6,0
DA:7,0
DA:8,0
DA:24,0
DA:44,0
DA:119,0
DA:128,0
DA:136,0
DA:137,0
DA:138,0
DA:140,0
DA:142,0
DA:144,0
DA:146,0
DA:148,0
DA:152,0
DA:162,0
DA:163,0
DA:164,0
DA:166,0
DA:168,0
DA:170,0
DA:172,0
DA:174,0
DA:176,0
DA:178,0
DA:182,0
DA:211,0
DA:212,0
DA:217,0
DA:253,0
DA:254,0
DA:256,0
DA:261,0
DA:340,0
DA:341,0
DA:342,0
DA:343,0
DA:344,0
DA:345,0
DA:346,0
DA:347,0
DA:350,0
DA:351,0
DA:422,0
DA:425,0
LF:49
LH:0
BRDA:138,0,0,0
BRDA:138,0,1,0
BRDA:138,0,2,0
BRDA:138,0,3,0
BRDA:138,0,4,0
BRDA:164,1,0,0
BRDA:164,1,1,0
BRDA:164,1,2,0
BRDA:164,1,3,0
BRDA:164,1,4,0
BRDA:164,1,5,0
BRDA:164,1,6,0
BRDA:193,2,0,0
BRDA:193,2,1,0
BRDA:198,3,0,0
BRDA:223,4,0,0
BRDA:230,5,0,0
BRDA:236,6,0,0
BRDA:290,7,0,0
BRDA:344,8,0,0
BRDA:344,8,1,0
BRDA:344,9,0,0
BRDA:344,9,1,0
BRDA:422,10,0,0
BRDA:422,10,1,0
BRDA:441,11,0,0
BRDA:441,11,1,0
BRF:27
BRH:0
end_of_record
TN:
SF:src/app/admin/settings/page.tsx
FN:68,SettingsPage
FN:121,(anonymous_6)
FN:122,(anonymous_7)
FN:132,(anonymous_8)
FN:138,(anonymous_9)
FN:154,(anonymous_11)
FN:165,(anonymous_12)
FN:178,(anonymous_13)
FN:195,(anonymous_14)
FN:213,(anonymous_15)
FN:235,(anonymous_17)
FN:248,(anonymous_18)
FN:266,(anonymous_19)
FN:284,(anonymous_20)
FN:301,(anonymous_22)
FN:310,(anonymous_23)
FN:313,(anonymous_24)
FN:319,(anonymous_25)
FN:329,(anonymous_26)
FN:360,(anonymous_27)
FN:363,(anonymous_28)
FN:388,(anonymous_29)
FNF:22
FNH:0
FNDA:0,SettingsPage
FNDA:0,(anonymous_6)
FNDA:0,(anonymous_7)
FNDA:0,(anonymous_8)
FNDA:0,(anonymous_9)
FNDA:0,(anonymous_11)
FNDA:0,(anonymous_12)
FNDA:0,(anonymous_13)
FNDA:0,(anonymous_14)
FNDA:0,(anonymous_15)
FNDA:0,(anonymous_17)
FNDA:0,(anonymous_18)
FNDA:0,(anonymous_19)
FNDA:0,(anonymous_20)
FNDA:0,(anonymous_22)
FNDA:0,(anonymous_23)
FNDA:0,(anonymous_24)
FNDA:0,(anonymous_25)
FNDA:0,(anonymous_26)
FNDA:0,(anonymous_27)
FNDA:0,(anonymous_28)
FNDA:0,(anonymous_29)
DA:3,0
DA:4,0
DA:20,0
DA:29,0
DA:68,0
DA:69,0
DA:70,0
DA:71,0
DA:119,0
DA:121,0
DA:122,0
DA:129,0
DA:132,0
DA:134,0
DA:135,0
DA:138,0
DA:140,0
DA:141,0
DA:154,0
DA:165,0
DA:178,0
DA:195,0
DA:213,0
DA:235,0
DA:248,0
DA:266,0
DA:284,0
DA:301,0
DA:311,0
DA:313,0
DA:319,0
DA:329,0
DA:330,0
DA:332,0
DA:334,0
DA:336,0
DA:361,0
DA:363,0
DA:388,0
LF:39
LH:0
BRDA:304,0,0,0
BRDA:305,1,0,0
BRDA:305,1,1,0
BRDA:317,2,0,0
BRDA:317,2,1,0
BRDA:330,3,0,0
BRDA:330,3,1,0
BRDA:330,3,2,0
BRDA:365,4,0,0
BRDA:365,4,1,0
BRDA:390,5,0,0
BRDA:415,6,0,0
BRDA:415,6,1,0
BRF:13
BRH:0
end_of_record
TN:
SF:src/app/admin/support/page.tsx
FN:101,(anonymous_5)
FN:102,(anonymous_6)
FN:126,(anonymous_7)
FN:127,(anonymous_8)
FN:152,(anonymous_9)
FN:153,(anonymous_10)
FN:171,(anonymous_11)
FN:177,(anonymous_12)
FN:205,SupportPage
FN:273,(anonymous_21)
FN:294,(anonymous_23)
FN:295,(anonymous_24)
FN:296,(anonymous_25)
FN:298,(anonymous_26)
FN:299,(anonymous_27)
FN:299,(anonymous_28)
FNF:16
FNH:0
FNDA:0,(anonymous_5)
FNDA:0,(anonymous_6)
FNDA:0,(anonymous_7)
FNDA:0,(anonymous_8)
FNDA:0,(anonymous_9)
FNDA:0,(anonymous_10)
FNDA:0,(anonymous_11)
FNDA:0,(anonymous_12)
FNDA:0,SupportPage
FNDA:0,(anonymous_21)
FNDA:0,(anonymous_23)
FNDA:0,(anonymous_24)
FNDA:0,(anonymous_25)
FNDA:0,(anonymous_26)
FNDA:0,(anonymous_27)
FNDA:0,(anonymous_28)
DA:3,0
DA:4,0
DA:5,0
DA:6,0
DA:19,0
DA:38,0
DA:101,0
DA:102,0
DA:103,0
DA:105,0
DA:107,0
DA:109,0
DA:111,0
DA:113,0
DA:117,0
DA:126,0
DA:127,0
DA:128,0
DA:130,0
DA:132,0
DA:134,0
DA:136,0
DA:138,0
DA:142,0
DA:152,0
DA:153,0
DA:154,0
DA:155,0
DA:156,0
DA:157,0
DA:158,0
DA:159,0
DA:160,0
DA:171,0
DA:172,0
DA:177,0
DA:205,0
DA:206,0
DA:208,0
DA:274,0
DA:294,0
DA:295,0
DA:296,0
DA:297,0
DA:298,0
DA:299,0
LF:46
LH:0
BRDA:103,0,0,0
BRDA:103,0,1,0
BRDA:103,0,2,0
BRDA:103,0,3,0
BRDA:103,0,4,0
BRDA:128,1,0,0
BRDA:128,1,1,0
BRDA:128,1,2,0
BRDA:128,1,3,0
BRDA:128,1,4,0
BRDA:154,2,0,0
BRDA:154,2,1,0
BRDA:154,2,2,0
BRDA:154,2,3,0
BRDA:154,2,4,0
BRDA:154,2,5,0
BRDA:183,3,0,0
BRDA:266,4,0,0
BRDA:266,4,1,0
BRDA:297,5,0,0
BRDA:297,5,1,0
BRDA:299,6,0,0
BRDA:299,6,1,0
BRDA:322,7,0,0
BRDA:322,7,1,0
BRF:25
BRH:0
end_of_record
TN:
SF:src/app/admin/transactions/page.tsx
FN:140,(anonymous_5)
FN:141,(anonymous_6)
FN:166,(anonymous_7)
FN:167,(anonymous_8)
FN:191,(anonymous_9)
FN:192,(anonymous_10)
FN:214,(anonymous_11)
FN:220,(anonymous_12)
FN:250,TransactionsPage
FN:309,(anonymous_20)
FN:330,(anonymous_22)
FN:331,(anonymous_23)
FN:332,(anonymous_24)
FN:333,(anonymous_25)
FN:335,(anonymous_26)
FNF:15
FNH:0
FNDA:0,(anonymous_5)
FNDA:0,(anonymous_6)
FNDA:0,(anonymous_7)
FNDA:0,(anonymous_8)
FNDA:0,(anonymous_9)
FNDA:0,(anonymous_10)
FNDA:0,(anonymous_11)
FNDA:0,(anonymous_12)
FNDA:0,TransactionsPage
FNDA:0,(anonymous_20)
FNDA:0,(anonymous_22)
FNDA:0,(anonymous_23)
FNDA:0,(anonymous_24)
FNDA:0,(anonymous_25)
FNDA:0,(anonymous_26)
DA:3,0
DA:4,0
DA:5,0
DA:6,0
DA:7,0
DA:22,0
DA:43,0
DA:131,0
DA:140,0
DA:141,0
DA:142,0
DA:144,0
DA:146,0
DA:148,0
DA:150,0
DA:152,0
DA:156,0
DA:166,0
DA:167,0
DA:168,0
DA:170,0
DA:172,0
DA:174,0
DA:176,0
DA:178,0
DA:182,0
DA:191,0
DA:192,0
DA:193,0
DA:195,0
DA:197,0
DA:199,0
DA:201,0
DA:205,0
DA:214,0
DA:215,0
DA:220,0
DA:250,0
DA:251,0
DA:253,0
DA:310,0
DA:330,0
DA:331,0
DA:332,0
DA:333,0
DA:335,0
DA:336,0
LF:47
LH:0
BRDA:142,0,0,0
BRDA:142,0,1,0
BRDA:142,0,2,0
BRDA:142,0,3,0
BRDA:142,0,4,0
BRDA:168,1,0,0
BRDA:168,1,1,0
BRDA:168,1,2,0
BRDA:168,1,3,0
BRDA:168,1,4,0
BRDA:193,2,0,0
BRDA:193,2,1,0
BRDA:193,2,2,0
BRDA:193,2,3,0
BRDA:226,3,0,0
BRDA:237,4,0,0
BRDA:272,5,0,0
BRDA:272,5,1,0
BRDA:332,6,0,0
BRDA:332,6,1,0
BRDA:333,7,0,0
BRDA:333,7,1,0
BRF:22
BRH:0
end_of_record
TN:
SF:src/app/admin/users/page.tsx
FN:99,(anonymous_5)
FN:100,(anonymous_6)
FN:134,(anonymous_8)
FN:140,(anonymous_9)
FN:168,UsersPage
FN:203,(anonymous_14)
FN:208,(anonymous_15)
FN:238,(anonymous_19)
FN:239,(anonymous_20)
FN:240,(anonymous_21)
FN:241,(anonymous_22)
FN:243,(anonymous_23)
FNF:12
FNH:0
FNDA:0,(anonymous_5)
FNDA:0,(anonymous_6)
FNDA:0,(anonymous_8)
FNDA:0,(anonymous_9)
FNDA:0,UsersPage
FNDA:0,(anonymous_14)
FNDA:0,(anonymous_15)
FNDA:0,(anonymous_19)
FNDA:0,(anonymous_20)
FNDA:0,(anonymous_21)
FNDA:0,(anonymous_22)
FNDA:0,(anonymous_23)
DA:3,0
DA:4,0
DA:5,0
DA:6,0
DA:20,0
DA:36,0
DA:99,0
DA:100,0
DA:101,0
DA:103,0
DA:105,0
DA:107,0
DA:109,0
DA:113,0
DA:134,0
DA:135,0
DA:140,0
DA:168,0
DA:169,0
DA:171,0
DA:203,0
DA:209,0
DA:210,0
DA:238,0
DA:239,0
DA:240,0
DA:241,0
DA:243,0
DA:245,0
LF:29
LH:0
BRDA:101,0,0,0
BRDA:101,0,1,0
BRDA:101,0,2,0
BRDA:101,0,3,0
BRDA:118,1,0,0
BRDA:118,1,1,0
BRDA:118,2,0,0
BRDA:118,2,1,0
BRDA:125,3,0,0
BRDA:125,3,1,0
BRDA:130,4,0,0
BRDA:130,4,1,0
BRDA:146,5,0,0
BRDA:159,6,0,0
BRDA:159,6,1,0
BRF:15
BRH:0
end_of_record
TN:
SF:src/app/admin/webhooks/page.tsx
FN:74,(anonymous_5)
FN:75,(anonymous_6)
FN:98,(anonymous_7)
FN:104,(anonymous_8)
FN:136,WebhooksPage
FN:159,(anonymous_12)
FN:194,(anonymous_15)
FN:215,(anonymous_17)
FN:216,(anonymous_18)
FN:217,(anonymous_19)
FN:218,(anonymous_20)
FNF:11
FNH:0
FNDA:0,(anonymous_5)
FNDA:0,(anonymous_6)
FNDA:0,(anonymous_7)
FNDA:0,(anonymous_8)
FNDA:0,WebhooksPage
FNDA:0,(anonymous_12)
FNDA:0,(anonymous_15)
FNDA:0,(anonymous_17)
FNDA:0,(anonymous_18)
FNDA:0,(anonymous_19)
FNDA:0,(anonymous_20)
DA:3,0
DA:4,0
DA:5,0
DA:6,0
DA:20,0
DA:35,0
DA:74,0
DA:75,0
DA:76,0
DA:78,0
DA:80,0
DA:82,0
DA:84,0
DA:88,0
DA:98,0
DA:99,0
DA:104,0
DA:136,0
DA:137,0
DA:139,0
DA:160,0
DA:195,0
DA:215,0
DA:216,0
DA:217,0
DA:218,0
LF:26
LH:0
BRDA:76,0,0,0
BRDA:76,0,1,0
BRDA:76,0,2,0
BRDA:76,0,3,0
BRDA:93,1,0,0
BRDA:93,1,1,0
BRDA:93,2,0,0
BRDA:93,2,1,0
BRDA:110,3,0,0
BRDA:164,4,0,0
BRDA:254,5,0,0
BRDA:254,5,1,0
BRDA:255,6,0,0
BRDA:255,6,1,0
BRF:14
BRH:0
end_of_record
TN:
SF:src/app/api-docs/postman/route.ts
FN:5,GET
FN:25,(anonymous_5)
FN:54,OPTIONS
FNF:3
FNH:0
FNDA:0,GET
FNDA:0,(anonymous_5)
FNDA:0,OPTIONS
DA:1,0
DA:2,0
DA:3,0
DA:5,0
DA:6,0
DA:7,0
DA:9,0
DA:10,0
DA:16,0
DA:17,0
DA:20,0
DA:25,0
DA:26,0
DA:27,0
DA:32,0
DA:35,0
DA:38,0
DA:39,0
DA:40,0
DA:42,0
DA:45,0
DA:46,0
DA:54,0
DA:55,0
LF:24
LH:0
BRDA:9,0,0,0
BRDA:9,0,1,0
BRDA:20,1,0,0
BRDA:20,1,1,0
BRDA:26,2,0,0
BRDA:26,2,1,0
BRF:6
BRH:0
end_of_record
TN:
SF:src/app/api/admin/security-stats/route.ts
FN:6,getSecurityStatsHandler
FNF:1
FNH:0
FNDA:0,getSecurityStatsHandler
DA:2,0
DA:3,0
DA:4,0
DA:7,0
DA:8,0
DA:9,0
DA:12,0
DA:13,0
DA:17,0
DA:20,0
DA:33,0
DA:36,0
DA:37,0
DA:42,0
DA:45,0
LF:15
LH:0
BRDA:9,0,0,0
BRDA:9,0,1,0
BRDA:12,1,0,0
BRDA:12,1,1,0
BRF:4
BRH:0
end_of_record
TN:
SF:src/app/api/analytics/stats/route.ts
FN:8,GET
FN:130,(anonymous_4)
FN:134,(anonymous_5)
FN:140,(anonymous_6)
FNF:4
FNH:0
FNDA:0,GET
FNDA:0,(anonymous_4)
FNDA:0,(anonymous_5)
FNDA:0,(anonymous_6)
DA:2,0
DA:3,0
DA:6,0
DA:8,0
DA:9,0
DA:10,0
DA:11,0
DA:20,0
DA:81,0
DA:90,0
DA:99,0
DA:100,0
DA:102,0
DA:119,0
DA:131,0
DA:132,0
DA:135,0
DA:136,0
DA:140,0
DA:149,0
DA:152,0
DA:153,0
LF:22
LH:0
BRDA:11,0,0,0
BRDA:11,0,1,0
BRDA:124,1,0,0
BRDA:124,1,1,0
BRDA:127,2,0,0
BRDA:127,2,1,0
BRDA:142,3,0,0
BRDA:142,3,1,0
BRF:8
BRH:0
end_of_record
TN:
SF:src/app/api/auth/login/route.ts
FN:23,loginHandler
FN:104,getClientIP
FN:116,generateSessionId
FN:123,GET
FNF:4
FNH:0
FNDA:0,loginHandler
FNDA:0,getClientIP
FNDA:0,generateSessionId
FNDA:0,GET
DA:2,0
DA:4,0
DA:5,0
DA:6,0
DA:7,0
DA:9,0
DA:15,0
DA:21,0
DA:24,0
DA:26,0
DA:27,0
DA:28,0
DA:32,0
DA:33,0
DA:35,0
DA:38,0
DA:49,0
DA:50,0
DA:51,0
DA:52,0
DA:56,0
DA:57,0
DA:58,0
DA:72,0
DA:73,0
DA:76,0
DA:79,0
DA:82,0
DA:85,0
DA:90,0
DA:97,0
DA:98,0
DA:99,0
DA:105,0
DA:106,0
DA:107,0
DA:109,0
DA:110,0
DA:113,0
DA:117,0
DA:121,0
DA:123,0
DA:124,0
LF:43
LH:0
BRDA:27,0,0,0
BRDA:27,0,1,0
BRDA:33,1,0,0
BRDA:33,1,1,0
BRDA:49,2,0,0
BRDA:49,2,1,0
BRDA:57,3,0,0
BRDA:57,3,1,0
BRDA:76,4,0,0
BRDA:76,4,1,0
BRDA:98,5,0,0
BRDA:98,5,1,0
BRDA:109,6,0,0
BRDA:109,6,1,0
BRDA:113,7,0,0
BRDA:113,7,1,0
BRDA:113,7,2,0
BRF:17
BRH:0
end_of_record
TN:
SF:src/app/api/auth/refresh/route.ts
FN:11,POST
FNF:1
FNH:0
FNDA:0,POST
DA:2,0
DA:3,0
DA:4,0
DA:5,0
DA:7,0
DA:11,0
DA:12,0
DA:13,0
DA:14,0
DA:16,0
DA:17,0
DA:18,0
DA:22,0
DA:33,0
DA:34,0
DA:37,0
DA:39,0
DA:45,0
DA:46,0
DA:49,0
DA:50,0
DA:54,0
LF:22
LH:0
BRDA:17,0,0,0
BRDA:17,0,1,0
BRDA:33,1,0,0
BRDA:33,1,1,0
BRDA:45,2,0,0
BRDA:45,2,1,0
BRF:6
BRH:0
end_of_record
TN:
SF:src/app/api/auth/register/route.ts
FN:18,POST
FNF:1
FNH:0
FNDA:0,POST
DA:2,0
DA:3,0
DA:4,0
DA:5,0
DA:6,0
DA:7,0
DA:8,0
DA:10,0
DA:12,0
DA:18,0
DA:19,0
DA:23,0
DA:25,0
DA:26,0
DA:29,0
DA:35,0
DA:38,0
DA:44,0
DA:47,0
DA:51,0
DA:53,0
DA:60,0
DA:67,0
DA:71,0
DA:77,0
DA:79,0
DA:95,0
DA:98,0
DA:105,0
DA:114,0
DA:122,0
DA:129,0
DA:137,0
DA:142,0
DA:148,0
DA:150,0
DA:152,0
DA:160,0
DA:173,0
DA:177,0
DA:185,0
DA:198,0
DA:199,0
LF:43
LH:0
BRDA:25,0,0,0
BRDA:25,0,1,0
BRDA:26,1,0,0
BRDA:26,1,1,0
BRDA:26,1,2,0
BRDA:51,2,0,0
BRDA:51,2,1,0
BRDA:125,3,0,0
BRDA:125,3,1,0
BRDA:150,4,0,0
BRDA:150,4,1,0
BRF:11
BRH:0
end_of_record
TN:
SF:src/app/api/biometric/face/route.ts
FN:19,POST
FN:54,PUT
FN:68,(anonymous_11)
FN:96,GET
FN:123,DELETE
FNF:5
FNH:0
FNDA:0,POST
FNDA:0,PUT
FNDA:0,(anonymous_11)
FNDA:0,GET
FNDA:0,DELETE
DA:2,0
DA:3,0
DA:4,0
DA:5,0
DA:7,0
DA:8,0
DA:13,0
DA:19,0
DA:20,0
DA:21,0
DA:22,0
DA:24,0
DA:25,0
DA:28,0
DA:34,0
DA:35,0
DA:38,0
DA:45,0
DA:46,0
DA:49,0
DA:50,0
DA:54,0
DA:55,0
DA:56,0
DA:57,0
DA:60,0
DA:63,0
DA:66,0
DA:67,0
DA:68,0
DA:72,0
DA:77,0
DA:87,0
DA:88,0
DA:91,0
DA:92,0
DA:96,0
DA:97,0
DA:98,0
DA:99,0
DA:101,0
DA:115,0
DA:118,0
DA:119,0
DA:123,0
DA:124,0
DA:125,0
DA:126,0
DA:128,0
DA:129,0
DA:131,0
DA:133,0
DA:142,0
DA:154,0
DA:157,0
DA:158,0
LF:56
LH:0
BRDA:22,0,0,0
BRDA:22,0,1,0
BRDA:34,1,0,0
BRDA:34,1,1,0
BRDA:45,2,0,0
BRDA:45,2,1,0
BRDA:60,3,0,0
BRDA:60,3,1,0
BRDA:60,3,2,0
BRDA:63,4,0,0
BRDA:63,4,1,0
BRDA:66,5,0,0
BRDA:66,5,1,0
BRDA:67,6,0,0
BRDA:67,6,1,0
BRDA:87,7,0,0
BRDA:87,7,1,0
BRDA:99,8,0,0
BRDA:99,8,1,0
BRDA:126,9,0,0
BRDA:126,9,1,0
BRDA:131,10,0,0
BRDA:131,10,1,0
BRF:23
BRH:0
end_of_record
TN:
SF:src/app/api/cron/cleanup/route.ts
FN:18,verifyCronAuth
FN:45,POST
FN:249,(anonymous_8)
FN:250,(anonymous_9)
FN:314,GET
FN:318,PUT
FN:322,DELETE
FNF:7
FNH:0
FNDA:0,verifyCronAuth
FNDA:0,POST
FNDA:0,(anonymous_8)
FNDA:0,(anonymous_9)
FNDA:0,GET
FNDA:0,PUT
FNDA:0,DELETE
DA:1,0
DA:2,0
DA:3,0
DA:4,0
DA:6,0
DA:19,0
DA:20,0
DA:23,0
DA:24,0
DA:25,0
DA:29,0
DA:30,0
DA:34,0
DA:45,0
DA:46,0
DA:48,0
DA:50,0
DA:51,0
DA:57,0
DA:63,0
DA:64,0
DA:67,0
DA:68,0
DA:69,0
DA:72,0
DA:84,0
DA:91,0
DA:101,0
DA:102,0
DA:103,0
DA:105,0
DA:113,0
DA:120,0
DA:130,0
DA:131,0
DA:132,0
DA:134,0
DA:143,0
DA:150,0
DA:160,0
DA:161,0
DA:162,0
DA:171,0
DA:178,0
DA:188,0
DA:189,0
DA:190,0
DA:193,0
DA:205,0
DA:212,0
DA:222,0
DA:223,0
DA:226,0
DA:229,0
DA:232,0
DA:239,0
DA:248,0
DA:249,0
DA:250,0
DA:253,0
DA:263,0
DA:264,0
DA:271,0
DA:277,0
DA:292,0
DA:294,0
DA:296,0
DA:304,0
DA:314,0
DA:315,0
DA:318,0
DA:319,0
DA:322,0
DA:323,0
LF:74
LH:0
BRDA:20,0,0,0
BRDA:20,0,1,0
BRDA:23,1,0,0
BRDA:23,1,1,0
BRDA:24,2,0,0
BRDA:24,2,1,0
BRDA:24,3,0,0
BRDA:24,3,1,0
BRDA:50,4,0,0
BRDA:50,4,1,0
BRDA:52,5,0,0
BRDA:52,5,1,0
BRDA:226,6,0,0
BRDA:226,6,1,0
BRDA:263,7,0,0
BRDA:263,7,1,0
BRF:16
BRH:0
end_of_record
TN:
SF:src/app/api/cron/health-check/route.ts
FN:16,verifyCronAuth
FN:43,checkDatabaseHealth
FN:74,checkExternalServices
FN:98,checkExternalService
FN:107,(anonymous_10)
FN:137,checkSystemMetrics
FN:185,checkRecentErrors
FN:235,POST
FN:269,(anonymous_14)
FN:270,(anonymous_15)
FN:282,(anonymous_16)
FN:293,(anonymous_17)
FN:294,(anonymous_18)
FN:301,(anonymous_19)
FN:357,GET
FN:361,PUT
FN:365,DELETE
FNF:17
FNH:0
FNDA:0,verifyCronAuth
FNDA:0,checkDatabaseHealth
FNDA:0,checkExternalServices
FNDA:0,checkExternalService
FNDA:0,(anonymous_10)
FNDA:0,checkSystemMetrics
FNDA:0,checkRecentErrors
FNDA:0,POST
FNDA:0,(anonymous_14)
FNDA:0,(anonymous_15)
FNDA:0,(anonymous_16)
FNDA:0,(anonymous_17)
FNDA:0,(anonymous_18)
FNDA:0,(anonymous_19)
FNDA:0,GET
FNDA:0,PUT
FNDA:0,DELETE
DA:1,0
DA:2,0
DA:3,0
DA:5,0
DA:17,0
DA:18,0
DA:21,0
DA:22,0
DA:23,0
DA:27,0
DA:28,0
DA:32,0
DA:44,0
DA:46,0
DA:48,0
DA:51,0
DA:53,0
DA:55,0
DA:65,0
DA:75,0
DA:78,0
DA:83,0
DA:86,0
DA:87,0
DA:92,0
DA:95,0
DA:103,0
DA:105,0
DA:106,0
DA:107,0
DA:109,0
DA:115,0
DA:116,0
DA:118,0
DA:128,0
DA:138,0
DA:140,0
DA:141,0
DA:149,0
DA:150,0
DA:151,0
DA:158,0
DA:159,0
DA:161,0
DA:169,0
DA:176,0
DA:186,0
DA:188,0
DA:190,0
DA:192,0
DA:202,0
DA:211,0
DA:212,0
DA:214,0
DA:226,0
DA:235,0
DA:236,0
DA:238,0
DA:240,0
DA:241,0
DA:247,0
DA:259,0
DA:266,0
DA:269,0
DA:270,0
DA:272,0
DA:275,0
DA:277,0
DA:282,0
DA:291,0
DA:292,0
DA:293,0
DA:294,0
DA:300,0
DA:301,0
DA:302,0
DA:305,0
DA:306,0
DA:323,0
DA:329,0
DA:332,0
DA:334,0
DA:336,0
DA:347,0
DA:357,0
DA:358,0
DA:361,0
DA:362,0
DA:365,0
DA:366,0
LF:90
LH:0
BRDA:18,0,0,0
BRDA:18,0,1,0
BRDA:21,1,0,0
BRDA:21,1,1,0
BRDA:22,2,0,0
BRDA:22,2,1,0
BRDA:22,3,0,0
BRDA:22,3,1,0
BRDA:57,4,0,0
BRDA:57,4,1,0
BRDA:86,5,0,0
BRDA:86,5,1,0
BRDA:120,6,0,0
BRDA:120,6,1,0
BRDA:149,7,0,0
BRDA:149,7,1,0
BRDA:159,8,0,0
BRDA:159,8,1,0
BRDA:159,9,0,0
BRDA:159,9,1,0
BRDA:212,10,0,0
BRDA:212,10,1,0
BRDA:212,11,0,0
BRDA:212,11,1,0
BRDA:240,12,0,0
BRDA:240,12,1,0
BRDA:242,13,0,0
BRDA:242,13,1,0
BRDA:272,14,0,0
BRDA:272,14,1,0
BRDA:273,15,0,0
BRDA:273,15,1,0
BRDA:291,16,0,0
BRDA:291,16,1,0
BRDA:300,17,0,0
BRDA:300,17,1,0
BRDA:305,18,0,0
BRDA:305,18,1,0
BRF:38
BRH:0
end_of_record
TN:
SF:src/app/api/docs/route.ts
FN:5,GET
FNF:1
FNH:0
FNDA:0,GET
DA:1,0
DA:3,0
DA:5,0
DA:6,0
DA:7,0
DA:8,0
DA:10,0
DA:92,0
DA:102,0
DA:103,0
LF:10
LH:0
BRF:0
BRH:0
end_of_record
TN:
SF:src/app/api/face-verification-test/route.ts
FN:6,POST
FNF:1
FNH:0
FNDA:0,POST
DA:1,0
DA:2,0
DA:4,0
DA:6,0
DA:7,0
DA:8,0
DA:9,0
DA:11,0
DA:12,0
DA:13,0
DA:16,0
DA:17,0
DA:20,0
DA:21,0
DA:22,0
DA:25,0
DA:33,0
DA:36,0
DA:39,0
DA:40,0
LF:20
LH:0
BRDA:11,0,0,0
BRDA:11,0,1,0
BRDA:12,1,0,0
BRDA:12,1,1,0
BRDA:12,2,0,0
BRDA:12,2,1,0
BRDA:20,3,0,0
BRDA:20,3,1,0
BRDA:21,4,0,0
BRDA:21,4,1,0
BRDA:29,5,0,0
BRDA:29,5,1,0
BRDA:30,6,0,0
BRDA:30,6,1,0
BRF:14
BRH:0
end_of_record
TN:
SF:src/app/api/health/route.ts
FN:30,checkDatabase
FN:56,checkMemory
FN:94,checkDisk
FN:123,checkExternalServices
FN:137,(anonymous_8)
FN:169,checkEnvironment
FN:177,(anonymous_10)
FN:198,getUptime
FN:202,determineOverallStatus
FN:203,(anonymous_13)
FN:204,(anonymous_14)
FN:215,GET
FN:244,(anonymous_16)
FN:245,(anonymous_17)
FN:246,(anonymous_18)
FN:311,HEAD
FNF:16
FNH:0
FNDA:0,checkDatabase
FNDA:0,checkMemory
FNDA:0,checkDisk
FNDA:0,checkExternalServices
FNDA:0,(anonymous_8)
FNDA:0,checkEnvironment
FNDA:0,(anonymous_10)
FNDA:0,getUptime
FNDA:0,determineOverallStatus
FNDA:0,(anonymous_13)
FNDA:0,(anonymous_14)
FNDA:0,GET
FNDA:0,(anonymous_16)
FNDA:0,(anonymous_17)
FNDA:0,(anonymous_18)
FNDA:0,HEAD
DA:1,0
DA:2,0
DA:31,0
DA:32,0
DA:34,0
DA:35,0
DA:37,0
DA:47,0
DA:57,0
DA:58,0
DA:59,0
DA:60,0
DA:61,0
DA:62,0
DA:65,0
DA:67,0
DA:79,0
DA:86,0
DA:95,0
DA:96,0
DA:98,0
DA:108,0
DA:115,0
DA:124,0
DA:127,0
DA:132,0
DA:133,0
DA:134,0
DA:136,0
DA:137,0
DA:139,0
DA:144,0
DA:145,0
DA:147,0
DA:157,0
DA:166,0
DA:170,0
DA:171,0
DA:177,0
DA:179,0
DA:190,0
DA:199,0
DA:203,0
DA:204,0
DA:206,0
DA:207,0
DA:208,0
DA:209,0
DA:211,0
DA:215,0
DA:216,0
DA:218,0
DA:226,0
DA:234,0
DA:243,0
DA:244,0
DA:245,0
DA:246,0
DA:250,0
DA:251,0
DA:253,0
DA:265,0
DA:268,0
DA:279,0
DA:299,0
DA:311,0
DA:312,0
DA:320,0
LF:68
LH:0
BRDA:39,0,0,0
BRDA:39,0,1,0
BRDA:58,1,0,0
BRDA:58,1,1,0
BRDA:58,2,0,0
BRDA:58,2,1,0
BRDA:65,3,0,0
BRDA:65,3,1,0
BRDA:65,4,0,0
BRDA:65,4,1,0
BRDA:96,5,0,0
BRDA:96,5,1,0
BRDA:96,6,0,0
BRDA:96,6,1,0
BRDA:149,7,0,0
BRDA:149,7,1,0
BRDA:181,8,0,0
BRDA:181,8,1,0
BRDA:185,9,0,0
BRDA:185,9,1,0
BRDA:199,10,0,0
BRDA:199,10,1,0
BRDA:199,11,0,0
BRDA:199,11,1,0
BRDA:206,12,0,0
BRDA:206,12,1,0
BRDA:208,13,0,0
BRDA:208,13,1,0
BRDA:258,14,0,0
BRDA:258,14,1,0
BRDA:265,15,0,0
BRDA:265,15,1,0
BRDA:266,16,0,0
BRDA:266,16,1,0
BRDA:284,17,0,0
BRDA:284,17,1,0
BRF:36
BRH:0
end_of_record
TN:
SF:src/app/api/openapi/route.ts
FN:6,GET
FNF:1
FNH:0
FNDA:0,GET
DA:1,0
DA:2,0
DA:4,0
DA:6,0
DA:7,0
DA:8,0
DA:9,0
DA:10,0
DA:12,0
DA:14,0
DA:15,0
DA:24,0
DA:32,0
DA:33,0
LF:14
LH:0
BRDA:9,0,0,0
BRDA:9,0,1,0
BRDA:10,1,0,0
BRDA:10,1,1,0
BRDA:14,2,0,0
BRDA:14,2,1,0
BRF:6
BRH:0
end_of_record
TN:
SF:src/app/api/payments/analytics/route.ts
FN:17,GET
FN:84,getStartDate
FN:108,generateOverview
FN:119,(anonymous_6)
FN:182,generateTimeSeries
FN:199,(anonymous_8)
FN:200,(anonymous_9)
FN:205,(anonymous_10)
FN:252,generateTimePoints
FN:284,formatDateLabel
FN:299,generatePaymentMethodAnalytics
FN:318,(anonymous_14)
FN:328,(anonymous_15)
FN:329,(anonymous_16)
FN:338,(anonymous_17)
FN:341,generateStatusAnalytics
FN:354,getTopTransactions
FN:372,generateFailureAnalytics
FN:391,(anonymous_21)
FN:402,(anonymous_22)
FN:403,(anonymous_23)
FN:405,(anonymous_24)
FNF:22
FNH:0
FNDA:0,GET
FNDA:0,getStartDate
FNDA:0,generateOverview
FNDA:0,(anonymous_6)
FNDA:0,generateTimeSeries
FNDA:0,(anonymous_8)
FNDA:0,(anonymous_9)
FNDA:0,(anonymous_10)
FNDA:0,generateTimePoints
FNDA:0,formatDateLabel
FNDA:0,generatePaymentMethodAnalytics
FNDA:0,(anonymous_14)
FNDA:0,(anonymous_15)
FNDA:0,(anonymous_16)
FNDA:0,(anonymous_17)
FNDA:0,generateStatusAnalytics
FNDA:0,getTopTransactions
FNDA:0,generateFailureAnalytics
FNDA:0,(anonymous_21)
FNDA:0,(anonymous_22)
FNDA:0,(anonymous_23)
FNDA:0,(anonymous_24)
DA:2,0
DA:3,0
DA:4,0
DA:7,0
DA:9,0
DA:17,0
DA:18,0
DA:19,0
DA:20,0
DA:22,0
DA:23,0
DA:24,0
DA:27,0
DA:28,0
DA:31,0
DA:48,0
DA:57,0
DA:72,0
DA:75,0
DA:76,0
DA:79,0
DA:80,0
DA:85,0
DA:87,0
DA:89,0
DA:90,0
DA:92,0
DA:93,0
DA:95,0
DA:96,0
DA:98,0
DA:99,0
DA:102,0
DA:105,0
DA:109,0
DA:119,0
DA:120,0
DA:121,0
DA:122,0
DA:124,0
DA:125,0
DA:127,0
DA:129,0
DA:130,0
DA:131,0
DA:133,0
DA:134,0
DA:135,0
DA:137,0
DA:138,0
DA:140,0
DA:141,0
DA:142,0
DA:143,0
DA:145,0
DA:148,0
DA:163,0
DA:166,0
DA:167,0
DA:168,0
DA:169,0
DA:171,0
DA:183,0
DA:197,0
DA:199,0
DA:200,0
DA:201,0
DA:202,0
DA:205,0
DA:206,0
DA:207,0
DA:209,0
DA:210,0
DA:212,0
DA:214,0
DA:215,0
DA:216,0
DA:218,0
DA:219,0
DA:221,0
DA:222,0
DA:224,0
DA:225,0
DA:226,0
DA:229,0
DA:241,0
DA:249,0
DA:253,0
DA:254,0
DA:256,0
DA:257,0
DA:258,0
DA:260,0
DA:262,0
DA:263,0
DA:265,0
DA:266,0
DA:268,0
DA:269,0
DA:272,0
DA:278,0
DA:281,0
DA:285,0
DA:287,0
DA:289,0
DA:290,0
DA:291,0
DA:293,0
DA:295,0
DA:300,0
DA:315,0
DA:318,0
DA:328,0
DA:329,0
DA:330,0
DA:338,0
DA:342,0
DA:355,0
DA:373,0
DA:388,0
DA:389,0
DA:391,0
DA:392,0
DA:393,0
DA:394,0
DA:395,0
DA:398,0
DA:402,0
DA:403,0
DA:405,0
LF:130
LH:0
BRDA:20,0,0,0
BRDA:20,0,1,0
BRDA:37,1,0,0
BRDA:37,1,1,0
BRDA:75,2,0,0
BRDA:75,2,1,0
BRDA:87,3,0,0
BRDA:87,3,1,0
BRDA:87,3,2,0
BRDA:87,3,3,0
BRDA:87,3,4,0
BRDA:122,4,0,0
BRDA:122,4,1,0
BRDA:122,5,0,0
BRDA:122,5,1,0
BRDA:127,6,0,0
BRDA:127,6,1,0
BRDA:127,6,2,0
BRDA:127,6,3,0
BRDA:141,7,0,0
BRDA:141,7,1,0
BRDA:142,8,0,0
BRDA:142,8,1,0
BRDA:143,9,0,0
BRDA:143,9,1,0
BRDA:163,10,0,0
BRDA:163,10,1,0
BRDA:166,11,0,0
BRDA:166,11,1,0
BRDA:167,12,0,0
BRDA:167,12,1,0
BRDA:168,13,0,0
BRDA:168,13,1,0
BRDA:169,14,0,0
BRDA:169,14,1,0
BRDA:202,15,0,0
BRDA:202,15,1,0
BRDA:207,16,0,0
BRDA:207,16,1,0
BRDA:207,17,0,0
BRDA:207,17,1,0
BRDA:212,18,0,0
BRDA:212,18,1,0
BRDA:212,18,2,0
BRDA:212,18,3,0
BRDA:225,19,0,0
BRDA:225,19,1,0
BRDA:260,20,0,0
BRDA:260,20,1,0
BRDA:260,20,2,0
BRDA:274,21,0,0
BRDA:274,21,1,0
BRDA:285,22,0,0
BRDA:285,22,1,0
BRDA:285,22,2,0
BRDA:285,22,3,0
BRDA:332,23,0,0
BRDA:332,23,1,0
BRDA:333,24,0,0
BRDA:333,24,1,0
BRDA:335,25,0,0
BRDA:335,25,1,0
BRDA:336,26,0,0
BRDA:336,26,1,0
BRDA:394,27,0,0
BRDA:394,27,1,0
BRDA:394,27,2,0
BRDA:395,28,0,0
BRDA:395,28,1,0
BRF:69
BRH:0
end_of_record
TN:
SF:src/app/api/payments/methods/route.ts
FN:20,GET
FN:43,(anonymous_6)
FN:77,POST
FNF:3
FNH:0
FNDA:0,GET
FNDA:0,(anonymous_6)
FNDA:0,POST
DA:2,0
DA:3,0
DA:4,0
DA:5,0
DA:7,0
DA:11,0
DA:20,0
DA:21,0
DA:22,0
DA:23,0
DA:25,0
DA:42,0
DA:44,0
DA:45,0
DA:46,0
DA:50,0
DA:61,0
DA:62,0
DA:65,0
DA:69,0
DA:72,0
DA:73,0
DA:77,0
DA:78,0
DA:79,0
DA:80,0
DA:82,0
DA:83,0
DA:86,0
DA:87,0
DA:99,0
DA:101,0
DA:103,0
DA:104,0
DA:105,0
DA:111,0
DA:113,0
DA:114,0
DA:118,0
DA:119,0
DA:125,0
DA:143,0
DA:146,0
DA:147,0
DA:150,0
DA:151,0
DA:155,0
LF:47
LH:0
BRDA:23,0,0,0
BRDA:23,0,1,0
BRDA:44,1,0,0
BRDA:44,1,1,0
BRDA:44,2,0,0
BRDA:44,2,1,0
BRDA:44,2,2,0
BRDA:44,2,3,0
BRDA:80,3,0,0
BRDA:80,3,1,0
BRDA:86,4,0,0
BRDA:86,4,1,0
BRDA:101,5,0,0
BRDA:101,5,1,0
BRDA:101,6,0,0
BRDA:101,6,1,0
BRDA:113,7,0,0
BRDA:113,7,1,0
BRDA:113,8,0,0
BRDA:113,8,1,0
BRDA:116,9,0,0
BRDA:116,9,1,0
BRDA:118,10,0,0
BRDA:118,10,1,0
BRDA:118,11,0,0
BRDA:118,11,1,0
BRDA:121,12,0,0
BRDA:121,12,1,0
BRDA:146,13,0,0
BRDA:146,13,1,0
BRF:30
BRH:0
end_of_record
TN:
SF:src/app/api/payments/methods/[id]/route.ts
FN:15,GET
FN:74,PUT
FN:142,DELETE
FNF:3
FNH:0
FNDA:0,GET
FNDA:0,PUT
FNDA:0,DELETE
DA:2,0
DA:3,0
DA:4,0
DA:5,0
DA:7,0
DA:11,0
DA:15,0
DA:19,0
DA:20,0
DA:21,0
DA:23,0
DA:43,0
DA:44,0
DA:48,0
DA:49,0
DA:50,0
DA:54,0
DA:62,0
DA:66,0
DA:69,0
DA:70,0
DA:74,0
DA:78,0
DA:79,0
DA:80,0
DA:82,0
DA:83,0
DA:86,0
DA:93,0
DA:94,0
DA:98,0
DA:99,0
DA:113,0
DA:130,0
DA:133,0
DA:134,0
DA:137,0
DA:138,0
DA:142,0
DA:146,0
DA:147,0
DA:148,0
DA:151,0
DA:165,0
DA:166,0
DA:170,0
DA:177,0
DA:178,0
DA:182,0
DA:183,0
DA:184,0
DA:186,0
DA:190,0
DA:196,0
DA:199,0
DA:200,0
DA:204,0
LF:57
LH:0
BRDA:21,0,0,0
BRDA:21,0,1,0
BRDA:43,1,0,0
BRDA:43,1,1,0
BRDA:48,2,0,0
BRDA:48,2,1,0
BRDA:48,3,0,0
BRDA:48,3,1,0
BRDA:48,3,2,0
BRDA:48,3,3,0
BRDA:80,4,0,0
BRDA:80,4,1,0
BRDA:93,5,0,0
BRDA:93,5,1,0
BRDA:98,6,0,0
BRDA:98,6,1,0
BRDA:118,7,0,0
BRDA:118,7,1,0
BRDA:133,8,0,0
BRDA:133,8,1,0
BRDA:148,9,0,0
BRDA:148,9,1,0
BRDA:165,10,0,0
BRDA:165,10,1,0
BRDA:177,11,0,0
BRDA:177,11,1,0
BRDA:182,12,0,0
BRDA:182,12,1,0
BRDA:182,13,0,0
BRDA:182,13,1,0
BRDA:182,13,2,0
BRDA:182,13,3,0
BRF:32
BRH:0
end_of_record
TN:
SF:src/app/api/payments/stripe/checkout/route.ts
FN:22,POST
FN:138,GET
FNF:2
FNH:0
FNDA:0,POST
FNDA:0,GET
DA:2,0
DA:3,0
DA:4,0
DA:5,0
DA:7,0
DA:11,0
DA:22,0
DA:23,0
DA:24,0
DA:25,0
DA:27,0
DA:37,0
DA:40,0
DA:41,0
DA:45,0
DA:46,0
DA:50,0
DA:55,0
DA:56,0
DA:59,0
DA:69,0
DA:72,0
DA:84,0
DA:85,0
DA:101,0
DA:104,0
DA:121,0
DA:129,0
DA:130,0
DA:133,0
DA:134,0
DA:138,0
DA:139,0
DA:140,0
DA:141,0
DA:143,0
DA:144,0
DA:146,0
DA:147,0
DA:151,0
DA:156,0
DA:166,0
DA:167,0
DA:170,0
DA:181,0
DA:182,0
DA:186,0
LF:47
LH:0
BRDA:25,0,0,0
BRDA:25,0,1,0
BRDA:45,1,0,0
BRDA:45,1,1,0
BRDA:55,2,0,0
BRDA:55,2,1,0
BRDA:61,3,0,0
BRDA:61,3,1,0
BRDA:76,4,0,0
BRDA:76,4,1,0
BRDA:77,5,0,0
BRDA:77,5,1,0
BRDA:84,6,0,0
BRDA:84,6,1,0
BRDA:90,7,0,0
BRDA:90,7,1,0
BRDA:111,8,0,0
BRDA:111,8,1,0
BRDA:129,9,0,0
BRDA:129,9,1,0
BRDA:141,10,0,0
BRDA:141,10,1,0
BRDA:146,11,0,0
BRDA:146,11,1,0
BRDA:166,12,0,0
BRDA:166,12,1,0
BRF:26
BRH:0
end_of_record
TN:
SF:src/app/api/payments/stripe/payment-intent/route.ts
FN:31,createPaymentIntentHandler
FN:265,performFraudChecks
FN:353,confirmPaymentIntentHandler
FNF:3
FNH:0
FNDA:0,createPaymentIntentHandler
FNDA:0,performFraudChecks
FNDA:0,confirmPaymentIntentHandler
DA:2,0
DA:3,0
DA:4,0
DA:5,0
DA:6,0
DA:8,0
DA:14,0
DA:15,0
DA:16,0
DA:17,0
DA:19,0
DA:24,0
DA:32,0
DA:33,0
DA:37,0
DA:39,0
DA:40,0
DA:42,0
DA:43,0
DA:46,0
DA:53,0
DA:59,0
DA:60,0
DA:62,0
DA:70,0
DA:71,0
DA:75,0
DA:76,0
DA:78,0
DA:85,0
DA:88,0
DA:91,0
DA:100,0
DA:101,0
DA:103,0
DA:114,0
DA:120,0
DA:124,0
DA:131,0
DA:134,0
DA:145,0
DA:146,0
DA:147,0
DA:148,0
DA:149,0
DA:152,0
DA:155,0
DA:156,0
DA:157,0
DA:168,0
DA:184,0
DA:195,0
DA:196,0
DA:204,0
DA:218,0
DA:224,0
DA:232,0
DA:235,0
DA:244,0
DA:258,0
DA:259,0
DA:260,0
DA:270,0
DA:271,0
DA:273,0
DA:275,0
DA:276,0
DA:284,0
DA:285,0
DA:293,0
DA:294,0
DA:303,0
DA:310,0
DA:311,0
DA:319,0
DA:328,0
DA:329,0
DA:330,0
DA:343,0
DA:346,0
DA:348,0
DA:349,0
DA:354,0
DA:355,0
DA:356,0
DA:357,0
DA:359,0
DA:360,0
DA:362,0
DA:363,0
DA:367,0
DA:377,0
DA:378,0
DA:379,0
DA:383,0
DA:386,0
DA:394,0
DA:400,0
DA:401,0
DA:402,0
DA:407,0
DA:408,0
LF:102
LH:0
BRDA:39,0,0,0
BRDA:39,0,1,0
BRDA:40,1,0,0
BRDA:40,1,1,0
BRDA:40,1,2,0
BRDA:43,2,0,0
BRDA:43,2,1,0
BRDA:60,3,0,0
BRDA:60,3,1,0
BRDA:76,4,0,0
BRDA:76,4,1,0
BRDA:94,5,0,0
BRDA:94,5,1,0
BRDA:101,6,0,0
BRDA:101,6,1,0
BRDA:108,7,0,0
BRDA:108,7,1,0
BRDA:127,8,0,0
BRDA:127,8,1,0
BRDA:136,9,0,0
BRDA:136,9,1,0
BRDA:142,10,0,0
BRDA:142,10,1,0
BRDA:145,11,0,0
BRDA:145,11,1,0
BRDA:156,12,0,0
BRDA:156,12,1,0
BRDA:172,13,0,0
BRDA:172,13,1,0
BRDA:174,14,0,0
BRDA:174,14,1,0
BRDA:175,15,0,0
BRDA:175,15,1,0
BRDA:189,16,0,0
BRDA:189,16,1,0
BRDA:195,17,0,0
BRDA:195,17,1,0
BRDA:213,18,0,0
BRDA:213,18,1,0
BRDA:275,19,0,0
BRDA:275,19,1,0
BRDA:284,20,0,0
BRDA:284,20,1,0
BRDA:293,21,0,0
BRDA:293,21,1,0
BRDA:310,22,0,0
BRDA:310,22,1,0
BRDA:328,23,0,0
BRDA:328,23,1,0
BRDA:329,24,0,0
BRDA:329,24,1,0
BRDA:334,25,0,0
BRDA:334,25,1,0
BRDA:357,26,0,0
BRDA:357,26,1,0
BRDA:362,27,0,0
BRDA:362,27,1,0
BRDA:377,28,0,0
BRDA:377,28,1,0
BRDA:389,29,0,0
BRDA:389,29,1,0
BRDA:390,30,0,0
BRDA:390,30,1,0
BRF:63
BRH:0
end_of_record
TN:
SF:src/app/api/payments/stripe/refund/route.ts
FN:18,POST
FN:96,GET
FN:129,(anonymous_7)
FNF:3
FNH:0
FNDA:0,POST
FNDA:0,GET
FNDA:0,(anonymous_7)
DA:2,0
DA:3,0
DA:4,0
DA:5,0
DA:7,0
DA:11,0
DA:18,0
DA:19,0
DA:20,0
DA:21,0
DA:23,0
DA:24,0
DA:27,0
DA:38,0
DA:39,0
DA:43,0
DA:52,0
DA:56,0
DA:57,0
DA:61,0
DA:64,0
DA:78,0
DA:87,0
DA:88,0
DA:91,0
DA:92,0
DA:96,0
DA:97,0
DA:98,0
DA:99,0
DA:101,0
DA:102,0
DA:104,0
DA:105,0
DA:109,0
DA:119,0
DA:120,0
DA:124,0
DA:128,0
DA:129,0
DA:140,0
DA:141,0
DA:145,0
LF:43
LH:0
BRDA:21,0,0,0
BRDA:21,0,1,0
BRDA:38,1,0,0
BRDA:38,1,1,0
BRDA:52,2,0,0
BRDA:52,2,1,0
BRDA:56,3,0,0
BRDA:56,3,1,0
BRDA:87,4,0,0
BRDA:87,4,1,0
BRDA:99,5,0,0
BRDA:99,5,1,0
BRDA:104,6,0,0
BRDA:104,6,1,0
BRDA:119,7,0,0
BRDA:119,7,1,0
BRF:16
BRH:0
end_of_record
TN:
SF:src/app/api/payments/stripe/setup-intent/route.ts
FN:14,POST
FNF:1
FNH:0
FNDA:0,POST
DA:2,0
DA:3,0
DA:4,0
DA:6,0
DA:10,0
DA:14,0
DA:15,0
DA:16,0
DA:17,0
DA:19,0
DA:20,0
DA:23,0
DA:32,0
DA:38,0
DA:39,0
DA:42,0
DA:43,0
DA:47,0
LF:18
LH:0
BRDA:17,0,0,0
BRDA:17,0,1,0
BRDA:38,1,0,0
BRDA:38,1,1,0
BRF:4
BRH:0
end_of_record
TN:
SF:src/app/api/payments/stripe/webhook/route.ts
FN:18,webhookHandler
FN:94,getClientIP
FN:107,isValidStripeIP
FN:117,(anonymous_7)
FN:120,handleCheckoutSessionCompleted
FN:173,handlePaymentIntentSucceeded
FN:349,handlePaymentIntentFailed
FN:514,handlePaymentMethodAttached
FN:540,handleCustomerCreated
FN:555,handleInvoicePaymentSucceeded
FN:567,handleInvoicePaymentFailed
FN:579,savePaymentMethod
FNF:12
FNH:0
FNDA:0,webhookHandler
FNDA:0,getClientIP
FNDA:0,isValidStripeIP
FNDA:0,(anonymous_7)
FNDA:0,handleCheckoutSessionCompleted
FNDA:0,handlePaymentIntentSucceeded
FNDA:0,handlePaymentIntentFailed
FNDA:0,handlePaymentMethodAttached
FNDA:0,handleCustomerCreated
FNDA:0,handleInvoicePaymentSucceeded
FNDA:0,handleInvoicePaymentFailed
FNDA:0,savePaymentMethod
DA:1,0
DA:2,0
DA:3,0
DA:4,0
DA:5,0
DA:6,0
DA:7,0
DA:8,0
DA:10,0
DA:12,0
DA:16,0
DA:19,0
DA:20,0
DA:21,0
DA:22,0
DA:24,0
DA:25,0
DA:26,0
DA:27,0
DA:31,0
DA:32,0
DA:33,0
DA:34,0
DA:40,0
DA:41,0
DA:43,0
DA:44,0
DA:45,0
DA:48,0
DA:51,0
DA:53,0
DA:54,0
DA:57,0
DA:58,0
DA:61,0
DA:62,0
DA:65,0
DA:66,0
DA:69,0
DA:70,0
DA:73,0
DA:74,0
DA:77,0
DA:78,0
DA:81,0
DA:84,0
DA:87,0
DA:88,0
DA:89,0
DA:95,0
DA:96,0
DA:97,0
DA:99,0
DA:100,0
DA:103,0
DA:109,0
DA:115,0
DA:117,0
DA:121,0
DA:122,0
DA:125,0
DA:134,0
DA:135,0
DA:136,0
DA:140,0
DA:155,0
DA:156,0
DA:157,0
DA:158,0
DA:166,0
DA:169,0
DA:174,0
DA:176,0
DA:177,0
DA:180,0
DA:205,0
DA:206,0
DA:207,0
DA:211,0
DA:225,0
DA:226,0
DA:239,0
DA:245,0
DA:251,0
DA:265,0
DA:266,0
DA:275,0
DA:283,0
DA:298,0
DA:299,0
DA:308,0
DA:312,0
DA:318,0
DA:321,0
DA:324,0
DA:332,0
DA:345,0
DA:350,0
DA:352,0
DA:353,0
DA:356,0
DA:382,0
DA:399,0
DA:400,0
DA:414,0
DA:420,0
DA:436,0
DA:452,0
DA:473,0
DA:477,0
DA:483,0
DA:486,0
DA:489,0
DA:497,0
DA:510,0
DA:515,0
DA:516,0
DA:518,0
DA:519,0
DA:523,0
DA:524,0
DA:525,0
DA:528,0
DA:529,0
DA:530,0
DA:533,0
DA:536,0
DA:541,0
DA:542,0
DA:545,0
DA:547,0
DA:551,0
DA:556,0
DA:557,0
DA:563,0
DA:568,0
DA:569,0
DA:575,0
DA:580,0
DA:582,0
DA:585,0
DA:595,0
DA:596,0
DA:600,0
DA:621,0
DA:622,0
DA:625,0
DA:630,0
LF:148
LH:0
BRDA:24,0,0,0
BRDA:24,0,1,0
BRDA:32,1,0,0
BRDA:32,1,1,0
BRDA:51,2,0,0
BRDA:51,2,1,0
BRDA:51,2,2,0
BRDA:51,2,3,0
BRDA:51,2,4,0
BRDA:51,2,5,0
BRDA:51,2,6,0
BRDA:51,2,7,0
BRDA:99,3,0,0
BRDA:99,3,1,0
BRDA:103,4,0,0
BRDA:103,4,1,0
BRDA:103,4,2,0
BRDA:115,5,0,0
BRDA:115,5,1,0
BRDA:134,6,0,0
BRDA:134,6,1,0
BRDA:147,7,0,0
BRDA:147,7,1,0
BRDA:147,8,0,0
BRDA:147,8,1,0
BRDA:148,9,0,0
BRDA:148,9,1,0
BRDA:148,10,0,0
BRDA:148,10,1,0
BRDA:155,11,0,0
BRDA:155,11,1,0
BRDA:155,12,0,0
BRDA:155,12,1,0
BRDA:157,13,0,0
BRDA:157,13,1,0
BRDA:205,14,0,0
BRDA:205,14,1,0
BRDA:232,15,0,0
BRDA:232,15,1,0
BRDA:233,16,0,0
BRDA:233,16,1,0
BRDA:254,17,0,0
BRDA:254,17,1,0
BRDA:265,18,0,0
BRDA:265,18,1,0
BRDA:277,19,0,0
BRDA:277,19,1,0
BRDA:278,20,0,0
BRDA:278,20,1,0
BRDA:278,20,2,0
BRDA:298,21,0,0
BRDA:298,21,1,0
BRDA:393,22,0,0
BRDA:393,22,1,0
BRDA:406,23,0,0
BRDA:406,23,1,0
BRDA:407,24,0,0
BRDA:407,24,1,0
BRDA:408,25,0,0
BRDA:408,25,1,0
BRDA:409,26,0,0
BRDA:409,26,1,0
BRDA:423,27,0,0
BRDA:423,27,1,0
BRDA:453,28,0,0
BRDA:453,28,1,0
BRDA:468,29,0,0
BRDA:468,29,1,0
BRDA:518,30,0,0
BRDA:518,30,1,0
BRDA:524,31,0,0
BRDA:524,31,1,0
BRDA:524,32,0,0
BRDA:524,32,1,0
BRDA:529,33,0,0
BRDA:529,33,1,0
BRDA:545,34,0,0
BRDA:545,34,1,0
BRDA:595,35,0,0
BRDA:595,35,1,0
BRDA:609,36,0,0
BRDA:609,36,1,0
BRF:82
BRH:0
end_of_record
TN:
SF:src/app/api/transactions/route.ts
FN:22,GET
FN:91,POST
FNF:2
FNH:0
FNDA:0,GET
FNDA:0,POST
DA:2,0
DA:3,0
DA:4,0
DA:6,0
DA:14,0
DA:22,0
DA:23,0
DA:24,0
DA:25,0
DA:27,0
DA:28,0
DA:36,0
DA:37,0
DA:38,0
DA:40,0
DA:45,0
DA:67,0
DA:69,0
DA:82,0
DA:83,0
DA:86,0
DA:87,0
DA:91,0
DA:92,0
DA:93,0
DA:94,0
DA:96,0
DA:97,0
DA:100,0
DA:107,0
DA:108,0
DA:111,0
DA:133,0
DA:136,0
DA:137,0
DA:140,0
DA:141,0
DA:145,0
LF:38
LH:0
BRDA:25,0,0,0
BRDA:25,0,1,0
BRDA:29,1,0,0
BRDA:29,1,1,0
BRDA:30,2,0,0
BRDA:30,2,1,0
BRDA:31,3,0,0
BRDA:31,3,1,0
BRDA:32,4,0,0
BRDA:32,4,1,0
BRDA:33,5,0,0
BRDA:33,5,1,0
BRDA:42,6,0,0
BRDA:42,6,1,0
BRDA:82,7,0,0
BRDA:82,7,1,0
BRDA:94,8,0,0
BRDA:94,8,1,0
BRDA:107,9,0,0
BRDA:107,9,1,0
BRDA:136,10,0,0
BRDA:136,10,1,0
BRF:22
BRH:0
end_of_record
TN:
SF:src/app/api/transactions/[id]/route.ts
FN:12,GET
FN:56,PUT
FN:130,DELETE
FNF:3
FNH:0
FNDA:0,GET
FNDA:0,PUT
FNDA:0,DELETE
DA:2,0
DA:3,0
DA:4,0
DA:6,0
DA:12,0
DA:16,0
DA:17,0
DA:18,0
DA:20,0
DA:44,0
DA:45,0
DA:48,0
DA:51,0
DA:52,0
DA:56,0
DA:60,0
DA:61,0
DA:62,0
DA:64,0
DA:65,0
DA:68,0
DA:75,0
DA:76,0
DA:80,0
DA:81,0
DA:88,0
DA:89,0
DA:90,0
DA:94,0
DA:118,0
DA:121,0
DA:122,0
DA:125,0
DA:126,0
DA:130,0
DA:134,0
DA:135,0
DA:136,0
DA:139,0
DA:146,0
DA:147,0
DA:151,0
DA:152,0
DA:155,0
DA:161,0
DA:164,0
DA:165,0
DA:169,0
LF:48
LH:0
BRDA:18,0,0,0
BRDA:18,0,1,0
BRDA:44,1,0,0
BRDA:44,1,1,0
BRDA:62,2,0,0
BRDA:62,2,1,0
BRDA:75,3,0,0
BRDA:75,3,1,0
BRDA:80,4,0,0
BRDA:80,4,1,0
BRDA:89,5,0,0
BRDA:89,5,1,0
BRDA:99,6,0,0
BRDA:99,6,1,0
BRDA:101,7,0,0
BRDA:101,7,1,0
BRDA:103,8,0,0
BRDA:103,8,1,0
BRDA:104,9,0,0
BRDA:104,9,1,0
BRDA:104,10,0,0
BRDA:104,10,1,0
BRDA:121,11,0,0
BRDA:121,11,1,0
BRDA:136,12,0,0
BRDA:136,12,1,0
BRDA:146,13,0,0
BRDA:146,13,1,0
BRDA:151,14,0,0
BRDA:151,14,1,0
BRF:30
BRH:0
end_of_record
TN:
SF:src/app/api/transactions/[id]/receipt/route.ts
FN:5,GET
FN:112,getLastFour
FN:127,generateHTMLReceipt
FNF:3
FNH:0
FNDA:0,GET
FNDA:0,getLastFour
FNDA:0,generateHTMLReceipt
DA:1,0
DA:2,0
DA:3,0
DA:5,0
DA:9,0
DA:10,0
DA:11,0
DA:13,0
DA:14,0
DA:16,0
DA:40,0
DA:41,0
DA:45,0
DA:46,0
DA:49,0
DA:50,0
DA:52,0
DA:89,0
DA:91,0
DA:100,0
DA:103,0
DA:107,0
DA:108,0
DA:113,0
DA:114,0
DA:115,0
DA:117,0
DA:118,0
DA:120,0
DA:121,0
DA:124,0
DA:128,0
DA:130,0
DA:343,0
LF:34
LH:0
BRDA:11,0,0,0
BRDA:11,0,1,0
BRDA:14,1,0,0
BRDA:14,1,1,0
BRDA:40,2,0,0
BRDA:40,2,1,0
BRDA:45,3,0,0
BRDA:45,3,1,0
BRDA:49,4,0,0
BRDA:49,4,1,0
BRDA:55,5,0,0
BRDA:55,5,1,0
BRDA:57,6,0,0
BRDA:57,6,1,0
BRDA:63,7,0,0
BRDA:63,7,1,0
BRDA:72,8,0,0
BRDA:72,8,1,0
BRDA:89,9,0,0
BRDA:89,9,1,0
BRDA:89,9,2,0
BRDA:113,10,0,0
BRDA:113,10,1,0
BRDA:113,11,0,0
BRDA:113,11,1,0
BRDA:114,12,0,0
BRDA:114,12,1,0
BRDA:117,13,0,0
BRDA:117,13,1,0
BRDA:120,14,0,0
BRDA:120,14,1,0
BRDA:244,15,0,0
BRDA:244,15,1,0
BRDA:305,16,0,0
BRDA:305,16,1,0
BRF:35
BRH:0
end_of_record
TN:
SF:src/app/api/transactions/[id]/refund/route.ts
FN:12,POST
FN:119,GET
FNF:2
FNH:0
FNDA:0,POST
FNDA:0,GET
DA:2,0
DA:3,0
DA:4,0
DA:6,0
DA:12,0
DA:16,0
DA:17,0
DA:18,0
DA:20,0
DA:21,0
DA:24,0
DA:34,0
DA:35,0
DA:39,0
DA:40,0
DA:44,0
DA:45,0
DA:49,0
DA:50,0
DA:51,0
DA:55,0
DA:65,0
DA:98,0
DA:110,0
DA:111,0
DA:114,0
DA:115,0
DA:119,0
DA:123,0
DA:124,0
DA:125,0
DA:127,0
DA:134,0
DA:135,0
DA:138,0
DA:139,0
DA:141,0
DA:142,0
DA:145,0
DA:159,0
DA:160,0
DA:164,0
LF:42
LH:0
BRDA:18,0,0,0
BRDA:18,0,1,0
BRDA:34,1,0,0
BRDA:34,1,1,0
BRDA:39,2,0,0
BRDA:39,2,1,0
BRDA:44,3,0,0
BRDA:44,3,1,0
BRDA:49,4,0,0
BRDA:49,4,1,0
BRDA:50,5,0,0
BRDA:50,5,1,0
BRDA:61,6,0,0
BRDA:61,6,1,0
BRDA:72,7,0,0
BRDA:72,7,1,0
BRDA:110,8,0,0
BRDA:110,8,1,0
BRDA:125,9,0,0
BRDA:125,9,1,0
BRDA:134,10,0,0
BRDA:134,10,1,0
BRDA:138,11,0,0
BRDA:138,11,1,0
BRDA:141,12,0,0
BRDA:141,12,1,0
BRDA:151,13,0,0
BRDA:151,13,1,0
BRF:28
BRH:0
end_of_record
TN:
SF:src/app/api/transactions/bulk/route.ts
FN:18,POST
FN:84,processBulkRefunds
FN:148,processBulkCancellations
FN:206,exportTransactions
FN:212,(anonymous_7)
FN:216,(anonymous_8)
FN:271,convertToCSV
FN:277,(anonymous_10)
FN:278,(anonymous_11)
FNF:9
FNH:0
FNDA:0,POST
FNDA:0,processBulkRefunds
FNDA:0,processBulkCancellations
FNDA:0,exportTransactions
FNDA:0,(anonymous_7)
FNDA:0,(anonymous_8)
FNDA:0,convertToCSV
FNDA:0,(anonymous_10)
FNDA:0,(anonymous_11)
DA:2,0
DA:3,0
DA:4,0
DA:6,0
DA:12,0
DA:18,0
DA:19,0
DA:20,0
DA:21,0
DA:23,0
DA:24,0
DA:27,0
DA:51,0
DA:52,0
DA:57,0
DA:59,0
DA:60,0
DA:62,0
DA:63,0
DA:65,0
DA:66,0
DA:67,0
DA:69,0
DA:72,0
DA:75,0
DA:76,0
DA:79,0
DA:80,0
DA:85,0
DA:90,0
DA:92,0
DA:93,0
DA:95,0
DA:96,0
DA:100,0
DA:104,0
DA:114,0
DA:125,0
DA:132,0
DA:139,0
DA:149,0
DA:154,0
DA:156,0
DA:157,0
DA:159,0
DA:160,0
DA:164,0
DA:168,0
DA:184,0
DA:190,0
DA:197,0
DA:207,0
DA:210,0
DA:211,0
DA:212,0
DA:216,0
DA:217,0
DA:218,0
DA:220,0
DA:235,0
DA:236,0
DA:244,0
DA:245,0
DA:250,0
DA:253,0
DA:254,0
DA:255,0
DA:263,0
DA:272,0
DA:274,0
DA:275,0
DA:277,0
DA:278,0
DA:279,0
DA:280,0
DA:281,0
DA:282,0
DA:284,0
DA:288,0
DA:291,0
LF:80
LH:0
BRDA:21,0,0,0
BRDA:21,0,1,0
BRDA:51,1,0,0
BRDA:51,1,1,0
BRDA:57,2,0,0
BRDA:57,2,1,0
BRDA:57,2,2,0
BRDA:57,2,3,0
BRDA:65,3,0,0
BRDA:65,3,1,0
BRDA:75,4,0,0
BRDA:75,4,1,0
BRDA:90,5,0,0
BRDA:90,5,1,0
BRDA:95,6,0,0
BRDA:95,6,1,0
BRDA:119,7,0,0
BRDA:119,7,1,0
BRDA:134,8,0,0
BRDA:134,8,1,0
BRDA:154,9,0,0
BRDA:154,9,1,0
BRDA:159,10,0,0
BRDA:159,10,1,0
BRDA:173,11,0,0
BRDA:173,11,1,0
BRDA:192,12,0,0
BRDA:192,12,1,0
BRDA:211,13,0,0
BRDA:211,13,1,0
BRDA:217,14,0,0
BRDA:217,14,1,0
BRDA:235,15,0,0
BRDA:235,15,1,0
BRDA:244,16,0,0
BRDA:244,16,1,0
BRDA:253,17,0,0
BRDA:253,17,1,0
BRDA:272,18,0,0
BRDA:272,18,1,0
BRDA:280,19,0,0
BRDA:280,19,1,0
BRDA:280,20,0,0
BRDA:280,20,1,0
BRDA:281,21,0,0
BRDA:281,21,1,0
BRDA:281,22,0,0
BRDA:281,22,1,0
BRDA:281,22,2,0
BRDA:281,22,3,0
BRF:50
BRH:0
end_of_record
TN:
SF:src/app/api/transactions/history/route.ts
FN:23,GET
FN:122,(anonymous_4)
FN:167,generateAnalytics
FN:206,(anonymous_6)
FN:235,(anonymous_7)
FN:256,(anonymous_8)
FN:257,(anonymous_9)
FN:258,(anonymous_10)
FN:268,(anonymous_11)
FN:273,(anonymous_12)
FN:274,(anonymous_13)
FN:284,(anonymous_14)
FN:285,(anonymous_15)
FN:291,(anonymous_16)
FN:292,(anonymous_17)
FNF:15
FNH:0
FNDA:0,GET
FNDA:0,(anonymous_4)
FNDA:0,generateAnalytics
FNDA:0,(anonymous_6)
FNDA:0,(anonymous_7)
FNDA:0,(anonymous_8)
FNDA:0,(anonymous_9)
FNDA:0,(anonymous_10)
FNDA:0,(anonymous_11)
FNDA:0,(anonymous_12)
FNDA:0,(anonymous_13)
FNDA:0,(anonymous_14)
FNDA:0,(anonymous_15)
FNDA:0,(anonymous_16)
FNDA:0,(anonymous_17)
DA:2,0
DA:3,0
DA:4,0
DA:6,0
DA:8,0
DA:23,0
DA:24,0
DA:25,0
DA:26,0
DA:28,0
DA:29,0
DA:43,0
DA:45,0
DA:46,0
DA:47,0
DA:50,0
DA:55,0
DA:56,0
DA:60,0
DA:61,0
DA:62,0
DA:63,0
DA:65,0
DA:66,0
DA:71,0
DA:72,0
DA:73,0
DA:74,0
DA:76,0
DA:77,0
DA:82,0
DA:83,0
DA:90,0
DA:91,0
DA:97,0
DA:119,0
DA:121,0
DA:122,0
DA:150,0
DA:151,0
DA:152,0
DA:155,0
DA:158,0
DA:159,0
DA:162,0
DA:163,0
DA:168,0
DA:170,0
DA:173,0
DA:178,0
DA:190,0
DA:202,0
DA:206,0
DA:217,0
DA:218,0
DA:220,0
DA:235,0
DA:236,0
DA:237,0
DA:238,0
DA:245,0
DA:246,0
DA:247,0
DA:248,0
DA:249,0
DA:250,0
DA:252,0
DA:256,0
DA:257,0
DA:258,0
DA:260,0
DA:268,0
DA:274,0
DA:275,0
DA:284,0
DA:285,0
DA:291,0
DA:292,0
DA:296,0
DA:297,0
LF:80
LH:0
BRDA:26,0,0,0
BRDA:26,0,1,0
BRDA:55,1,0,0
BRDA:55,1,1,0
BRDA:60,2,0,0
BRDA:60,2,1,0
BRDA:60,3,0,0
BRDA:60,3,1,0
BRDA:62,4,0,0
BRDA:62,4,1,0
BRDA:65,5,0,0
BRDA:65,5,1,0
BRDA:71,6,0,0
BRDA:71,6,1,0
BRDA:71,7,0,0
BRDA:71,7,1,0
BRDA:73,8,0,0
BRDA:73,8,1,0
BRDA:76,9,0,0
BRDA:76,9,1,0
BRDA:82,10,0,0
BRDA:82,10,1,0
BRDA:90,11,0,0
BRDA:90,11,1,0
BRDA:126,12,0,0
BRDA:126,12,1,0
BRDA:126,13,0,0
BRDA:126,13,1,0
BRDA:150,14,0,0
BRDA:150,14,1,0
BRDA:158,15,0,0
BRDA:158,15,1,0
BRDA:237,16,0,0
BRDA:237,16,1,0
BRDA:247,17,0,0
BRDA:247,17,1,0
BRDA:249,18,0,0
BRDA:249,18,1,0
BRDA:256,19,0,0
BRDA:256,19,1,0
BRDA:257,20,0,0
BRDA:257,20,1,0
BRDA:258,21,0,0
BRDA:258,21,1,0
BRDA:264,22,0,0
BRDA:264,22,1,0
BRDA:265,23,0,0
BRDA:265,23,1,0
BRDA:266,24,0,0
BRDA:266,24,1,0
BRDA:266,25,0,0
BRDA:266,25,1,0
BRDA:271,26,0,0
BRDA:271,26,1,0
BRDA:277,27,0,0
BRDA:277,27,1,0
BRDA:278,28,0,0
BRDA:278,28,1,0
BRDA:280,29,0,0
BRDA:280,29,1,0
BRDA:290,30,0,0
BRDA:290,30,1,0
BRDA:291,31,0,0
BRDA:291,31,1,0
BRDA:292,32,0,0
BRDA:292,32,1,0
BRF:66
BRH:0
end_of_record
TN:
SF:src/app/api/users/profile/route.ts
FN:10,getProfileHandler
FN:67,updateProfileHandler
FN:134,deleteProfileHandler
FNF:3
FNH:0
FNDA:0,getProfileHandler
FNDA:0,updateProfileHandler
FNDA:0,deleteProfileHandler
DA:2,0
DA:3,0
DA:4,0
DA:5,0
DA:6,0
DA:7,0
DA:8,0
DA:11,0
DA:12,0
DA:13,0
DA:16,0
DA:17,0
DA:18,0
DA:21,0
DA:55,0
DA:56,0
DA:59,0
DA:62,0
DA:63,0
DA:68,0
DA:69,0
DA:70,0
DA:73,0
DA:74,0
DA:75,0
DA:79,0
DA:80,0
DA:81,0
DA:82,0
DA:86,0
DA:87,0
DA:89,0
DA:92,0
DA:93,0
DA:102,0
DA:103,0
DA:107,0
DA:122,0
DA:125,0
DA:126,0
DA:129,0
DA:130,0
DA:135,0
DA:136,0
DA:137,0
DA:138,0
DA:141,0
DA:142,0
DA:143,0
DA:147,0
DA:148,0
DA:149,0
DA:153,0
DA:156,0
DA:160,0
DA:163,0
DA:164,0
DA:165,0
DA:170,0
DA:171,0
DA:172,0
DA:175,0
LF:62
LH:0
BRDA:13,0,0,0
BRDA:13,0,1,0
BRDA:16,1,0,0
BRDA:16,1,1,0
BRDA:55,2,0,0
BRDA:55,2,1,0
BRDA:70,3,0,0
BRDA:70,3,1,0
BRDA:73,4,0,0
BRDA:73,4,1,0
BRDA:80,5,0,0
BRDA:80,5,1,0
BRDA:87,6,0,0
BRDA:87,6,1,0
BRDA:92,7,0,0
BRDA:92,7,1,0
BRDA:102,8,0,0
BRDA:102,8,1,0
BRDA:110,9,0,0
BRDA:110,9,1,0
BRDA:111,10,0,0
BRDA:111,10,1,0
BRDA:125,11,0,0
BRDA:125,11,1,0
BRDA:138,12,0,0
BRDA:138,12,1,0
BRDA:141,13,0,0
BRDA:141,13,1,0
BRDA:147,14,0,0
BRDA:147,14,1,0
BRF:30
BRH:0
end_of_record
TN:
SF:src/app/api/version/route.ts
FN:7,GET
FN:45,(anonymous_4)
FNF:2
FNH:0
FNDA:0,GET
FNDA:0,(anonymous_4)
DA:1,0
DA:2,0
DA:5,0
DA:7,0
DA:8,0
DA:9,0
DA:10,0
DA:12,0
DA:14,0
DA:15,0
DA:16,0
DA:22,0
DA:32,0
DA:33,0
DA:34,0
DA:36,0
DA:45,0
DA:63,0
DA:64,0
DA:65,0
DA:67,0
DA:70,0
DA:71,0
LF:23
LH:0
BRDA:12,0,0,0
BRDA:12,0,1,0
BRDA:15,1,0,0
BRDA:15,1,1,0
BRF:4
BRH:0
end_of_record
TN:
SF:src/app/api/webauthn/authenticate-options/route.ts
FN:9,POST
FN:28,(anonymous_4)
FNF:2
FNH:0
FNDA:0,POST
FNDA:0,(anonymous_4)
DA:2,0
DA:3,0
DA:4,0
DA:5,0
DA:8,0
DA:9,0
DA:10,0
DA:12,0
DA:13,0
DA:16,0
DA:23,0
DA:24,0
DA:28,0
DA:35,0
DA:43,0
DA:51,0
DA:60,0
DA:67,0
DA:75,0
DA:81,0
LF:20
LH:0
BRDA:13,0,0,0
BRDA:13,0,1,0
BRDA:23,1,0,0
BRDA:23,1,1,0
BRDA:47,2,0,0
BRDA:47,2,1,0
BRDA:76,3,0,0
BRDA:76,3,1,0
BRDA:77,4,0,0
BRDA:77,4,1,0
BRF:10
BRH:0
end_of_record
TN:
SF:src/app/api/webauthn/authenticate-verify/route.ts
FN:24,POST
FNF:1
FNH:0
FNDA:0,POST
DA:2,0
DA:3,0
DA:4,0
DA:5,0
DA:6,0
DA:7,0
DA:9,0
DA:24,0
DA:25,0
DA:26,0
DA:27,0
DA:30,0
DA:46,0
DA:47,0
DA:51,0
DA:53,0
DA:54,0
DA:57,0
DA:69,0
DA:70,0
DA:74,0
DA:80,0
DA:88,0
DA:90,0
DA:97,0
DA:98,0
DA:101,0
DA:102,0
DA:106,0
LF:29
LH:0
BRDA:46,0,0,0
BRDA:46,0,1,0
BRDA:53,1,0,0
BRDA:53,1,1,0
BRDA:60,2,0,0
BRDA:60,2,1,0
BRDA:61,3,0,0
BRDA:61,3,1,0
BRDA:69,4,0,0
BRDA:69,4,1,0
BRDA:97,5,0,0
BRDA:97,5,1,0
BRF:12
BRH:0
end_of_record
TN:
SF:src/app/api/webauthn/authenticate/complete/route.ts
FN:27,POST
FNF:1
FNH:0
FNDA:0,POST
DA:2,0
DA:3,0
DA:4,0
DA:5,0
DA:6,0
DA:7,0
DA:8,0
DA:10,0
DA:11,0
DA:27,0
DA:28,0
DA:29,0
DA:30,0
DA:33,0
DA:49,0
DA:50,0
DA:54,0
DA:55,0
DA:59,0
DA:66,0
DA:79,0
DA:81,0
DA:83,0
DA:84,0
DA:87,0
DA:89,0
DA:94,0
DA:95,0
DA:99,0
DA:106,0
DA:115,0
DA:116,0
DA:121,0
DA:124,0
DA:126,0
DA:135,0
DA:140,0
DA:146,0
DA:147,0
DA:154,0
DA:158,0
DA:165,0
DA:173,0
DA:190,0
DA:204,0
DA:206,0
DA:229,0
DA:230,0
DA:231,0
DA:234,0
DA:240,0
LF:51
LH:0
BRDA:49,0,0,0
BRDA:49,0,1,0
BRDA:54,1,0,0
BRDA:54,1,1,0
BRDA:54,2,0,0
BRDA:54,2,1,0
BRDA:60,3,0,0
BRDA:60,3,1,0
BRDA:74,4,0,0
BRDA:74,4,1,0
BRDA:81,5,0,0
BRDA:81,5,1,0
BRDA:94,6,0,0
BRDA:94,6,1,0
BRDA:110,7,0,0
BRDA:110,7,1,0
BRDA:115,8,0,0
BRDA:115,8,1,0
BRDA:124,9,0,0
BRDA:124,9,1,0
BRDA:136,10,0,0
BRDA:136,10,1,0
BRDA:146,11,0,0
BRDA:146,11,1,0
BRDA:154,12,0,0
BRDA:154,12,1,0
BRDA:229,13,0,0
BRDA:229,13,1,0
BRDA:235,14,0,0
BRDA:235,14,1,0
BRDA:236,15,0,0
BRDA:236,15,1,0
BRF:32
BRH:0
end_of_record
TN:
SF:src/app/api/webauthn/authenticate/options/route.ts
FN:15,POST
FN:50,(anonymous_4)
FN:59,(anonymous_5)
FN:80,(anonymous_6)
FN:89,(anonymous_7)
FN:99,(anonymous_8)
FNF:6
FNH:0
FNDA:0,POST
FNDA:0,(anonymous_4)
FNDA:0,(anonymous_5)
FNDA:0,(anonymous_6)
FNDA:0,(anonymous_7)
FNDA:0,(anonymous_8)
DA:2,0
DA:3,0
DA:4,0
DA:7,0
DA:9,0
DA:10,0
DA:15,0
DA:16,0
DA:17,0
DA:18,0
DA:20,0
DA:28,0
DA:29,0
DA:31,0
DA:33,0
DA:40,0
DA:41,0
DA:42,0
DA:45,0
DA:46,0
DA:47,0
DA:50,0
DA:56,0
DA:59,0
DA:61,0
DA:63,0
DA:70,0
DA:71,0
DA:72,0
DA:75,0
DA:76,0
DA:77,0
DA:80,0
DA:86,0
DA:89,0
DA:93,0
DA:94,0
DA:95,0
DA:98,0
DA:99,0
DA:109,0
DA:116,0
DA:126,0
DA:136,0
DA:137,0
DA:138,0
DA:141,0
DA:147,0
LF:48
LH:0
BRDA:21,0,0,0
BRDA:21,0,1,0
BRDA:22,1,0,0
BRDA:22,1,1,0
BRDA:31,2,0,0
BRDA:31,2,1,0
BRDA:40,3,0,0
BRDA:40,3,1,0
BRDA:45,4,0,0
BRDA:45,4,1,0
BRDA:53,5,0,0
BRDA:53,5,1,0
BRDA:61,6,0,0
BRDA:61,6,1,0
BRDA:70,7,0,0
BRDA:70,7,1,0
BRDA:75,8,0,0
BRDA:75,8,1,0
BRDA:83,9,0,0
BRDA:83,9,1,0
BRDA:93,10,0,0
BRDA:93,10,1,0
BRDA:105,11,0,0
BRDA:105,11,1,0
BRDA:136,12,0,0
BRDA:136,12,1,0
BRDA:142,13,0,0
BRDA:142,13,1,0
BRDA:143,14,0,0
BRDA:143,14,1,0
BRF:30
BRH:0
end_of_record
TN:
SF:src/app/api/webauthn/authenticate/start/route.ts
FN:16,POST
FN:53,(anonymous_4)
FN:62,(anonymous_5)
FN:84,(anonymous_6)
FN:93,(anonymous_7)
FNF:5
FNH:0
FNDA:0,POST
FNDA:0,(anonymous_4)
FNDA:0,(anonymous_5)
FNDA:0,(anonymous_6)
FNDA:0,(anonymous_7)
DA:2,0
DA:3,0
DA:5,0
DA:7,0
DA:8,0
DA:10,0
DA:11,0
DA:16,0
DA:17,0
DA:18,0
DA:19,0
DA:22,0
DA:30,0
DA:31,0
DA:33,0
DA:35,0
DA:42,0
DA:43,0
DA:44,0
DA:47,0
DA:48,0
DA:49,0
DA:53,0
DA:59,0
DA:62,0
DA:64,0
DA:66,0
DA:73,0
DA:74,0
DA:75,0
DA:78,0
DA:79,0
DA:80,0
DA:84,0
DA:90,0
DA:93,0
DA:97,0
DA:98,0
DA:99,0
DA:103,0
DA:111,0
DA:125,0
DA:126,0
DA:135,0
DA:144,0
DA:154,0
DA:155,0
DA:156,0
DA:159,0
DA:165,0
LF:50
LH:0
BRDA:23,0,0,0
BRDA:23,0,1,0
BRDA:24,1,0,0
BRDA:24,1,1,0
BRDA:33,2,0,0
BRDA:33,2,1,0
BRDA:42,3,0,0
BRDA:42,3,1,0
BRDA:47,4,0,0
BRDA:47,4,1,0
BRDA:56,5,0,0
BRDA:56,5,1,0
BRDA:64,6,0,0
BRDA:64,6,1,0
BRDA:73,7,0,0
BRDA:73,7,1,0
BRDA:78,8,0,0
BRDA:78,8,1,0
BRDA:87,9,0,0
BRDA:87,9,1,0
BRDA:97,10,0,0
BRDA:97,10,1,0
BRDA:105,11,0,0
BRDA:105,11,1,0
BRDA:107,12,0,0
BRDA:107,12,1,0
BRDA:114,13,0,0
BRDA:114,13,1,0
BRDA:119,14,0,0
BRDA:119,14,1,0
BRDA:125,15,0,0
BRDA:125,15,1,0
BRDA:138,16,0,0
BRDA:138,16,1,0
BRDA:147,17,0,0
BRDA:147,17,1,0
BRDA:154,18,0,0
BRDA:154,18,1,0
BRDA:160,19,0,0
BRDA:160,19,1,0
BRDA:161,20,0,0
BRDA:161,20,1,0
BRF:42
BRH:0
end_of_record
TN:
SF:src/app/api/webauthn/credentials/route.ts
FN:5,GET
FN:35,(anonymous_5)
FN:59,DELETE
FN:110,getFriendlyCredentialName
FNF:4
FNH:0
FNDA:0,GET
FNDA:0,(anonymous_5)
FNDA:0,DELETE
FNDA:0,getFriendlyCredentialName
DA:2,0
DA:3,0
DA:5,0
DA:6,0
DA:7,0
DA:8,0
DA:11,0
DA:30,0
DA:31,0
DA:35,0
DA:47,0
DA:54,0
DA:55,0
DA:59,0
DA:60,0
DA:61,0
DA:62,0
DA:64,0
DA:65,0
DA:67,0
DA:68,0
DA:72,0
DA:79,0
DA:80,0
DA:84,0
DA:89,0
DA:96,0
DA:102,0
DA:103,0
DA:111,0
DA:112,0
DA:115,0
DA:117,0
DA:119,0
DA:121,0
DA:125,0
LF:36
LH:0
BRDA:8,0,0,0
BRDA:8,0,1,0
BRDA:30,1,0,0
BRDA:30,1,1,0
BRDA:38,2,0,0
BRDA:38,2,1,0
BRDA:39,3,0,0
BRDA:39,3,1,0
BRDA:62,4,0,0
BRDA:62,4,1,0
BRDA:67,5,0,0
BRDA:67,5,1,0
BRDA:79,6,0,0
BRDA:79,6,1,0
BRDA:111,7,0,0
BRDA:111,7,1,0
BRDA:112,8,0,0
BRDA:112,8,1,0
BRDA:115,9,0,0
BRDA:115,9,1,0
BRDA:115,9,2,0
BRDA:121,10,0,0
BRDA:121,10,1,0
BRF:23
BRH:0
end_of_record
TN:
SF:src/app/api/webauthn/demo-register/complete/route.ts
FN:24,POST
FNF:1
FNH:0
FNDA:0,POST
DA:2,0
DA:3,0
DA:4,0
DA:5,0
DA:7,0
DA:9,0
DA:10,0
DA:24,0
DA:25,0
DA:26,0
DA:27,0
DA:30,0
DA:34,0
DA:35,0
DA:39,0
DA:40,0
DA:44,0
DA:53,0
DA:61,0
DA:62,0
DA:66,0
DA:69,0
DA:72,0
DA:77,0
DA:83,0
DA:84,0
DA:91,0
DA:95,0
DA:103,0
DA:107,0
DA:108,0
DA:112,0
DA:137,0
DA:143,0
DA:163,0
DA:178,0
DA:197,0
DA:198,0
DA:199,0
DA:202,0
DA:208,0
LF:41
LH:0
BRDA:34,0,0,0
BRDA:34,0,1,0
BRDA:39,1,0,0
BRDA:39,1,1,0
BRDA:56,2,0,0
BRDA:56,2,1,0
BRDA:57,3,0,0
BRDA:57,3,1,0
BRDA:61,4,0,0
BRDA:61,4,1,0
BRDA:61,5,0,0
BRDA:61,5,1,0
BRDA:73,6,0,0
BRDA:73,6,1,0
BRDA:83,7,0,0
BRDA:83,7,1,0
BRDA:91,8,0,0
BRDA:91,8,1,0
BRDA:107,9,0,0
BRDA:107,9,1,0
BRDA:197,10,0,0
BRDA:197,10,1,0
BRDA:203,11,0,0
BRDA:203,11,1,0
BRDA:204,12,0,0
BRDA:204,12,1,0
BRF:26
BRH:0
end_of_record
TN:
SF:src/app/api/webauthn/demo-register/start/route.ts
FN:10,POST
FN:45,(anonymous_4)
FNF:2
FNH:0
FNDA:0,POST
FNDA:0,(anonymous_4)
DA:2,0
DA:3,0
DA:4,0
DA:6,0
DA:8,0
DA:10,0
DA:11,0
DA:12,0
DA:13,0
DA:15,0
DA:16,0
DA:20,0
DA:36,0
DA:45,0
DA:52,0
DA:73,0
DA:85,0
DA:93,0
DA:102,0
DA:112,0
DA:118,0
LF:21
LH:0
BRDA:15,0,0,0
BRDA:15,0,1,0
BRDA:15,1,0,0
BRDA:15,1,1,0
BRDA:23,2,0,0
BRDA:23,2,1,0
BRDA:28,3,0,0
BRDA:28,3,1,0
BRDA:53,4,0,0
BRDA:53,4,1,0
BRDA:54,5,0,0
BRDA:54,5,1,0
BRDA:57,6,0,0
BRDA:57,6,1,0
BRDA:113,7,0,0
BRDA:113,7,1,0
BRDA:114,8,0,0
BRDA:114,8,1,0
BRF:18
BRH:0
end_of_record
TN:
SF:src/app/api/webauthn/login/route.ts
FN:28,POST
FN:133,GET
FN:164,(anonymous_6)
FNF:3
FNH:0
FNDA:0,POST
FNDA:0,GET
FNDA:0,(anonymous_6)
DA:2,0
DA:3,0
DA:4,0
DA:5,0
DA:7,0
DA:8,0
DA:11,0
DA:28,0
DA:29,0
DA:30,0
DA:31,0
DA:34,0
DA:49,0
DA:50,0
DA:54,0
DA:55,0
DA:60,0
DA:61,0
DA:64,0
DA:66,0
DA:70,0
DA:83,0
DA:84,0
DA:88,0
DA:96,0
DA:99,0
DA:104,0
DA:120,0
DA:121,0
DA:127,0
DA:128,0
DA:133,0
DA:134,0
DA:135,0
DA:136,0
DA:138,0
DA:140,0
DA:142,0
DA:156,0
DA:157,0
DA:160,0
DA:161,0
DA:164,0
DA:172,0
DA:179,0
DA:185,0
DA:186,0
DA:190,0
LF:48
LH:0
BRDA:49,0,0,0
BRDA:49,0,1,0
BRDA:54,1,0,0
BRDA:54,1,1,0
BRDA:54,2,0,0
BRDA:54,2,1,0
BRDA:73,3,0,0
BRDA:73,3,1,0
BRDA:74,4,0,0
BRDA:74,4,1,0
BRDA:83,5,0,0
BRDA:83,5,1,0
BRDA:120,6,0,0
BRDA:120,6,1,0
BRDA:140,7,0,0
BRDA:140,7,1,0
BRDA:156,8,0,0
BRDA:156,8,1,0
BRDA:160,9,0,0
BRDA:160,9,1,0
BRDA:176,10,0,0
BRDA:176,10,1,0
BRF:22
BRH:0
end_of_record
TN:
SF:src/app/api/webauthn/register/route.ts
FN:32,POST
FN:68,handleRegistrationInitiation
FN:80,(anonymous_5)
FN:180,handleRegistrationVerification
FNF:4
FNH:0
FNDA:0,POST
FNDA:0,handleRegistrationInitiation
FNDA:0,(anonymous_5)
FNDA:0,handleRegistrationVerification
DA:2,0
DA:3,0
DA:4,0
DA:5,0
DA:6,0
DA:8,0
DA:11,0
DA:16,0
DA:30,0
DA:32,0
DA:33,0
DA:34,0
DA:35,0
DA:37,0
DA:38,0
DA:41,0
DA:48,0
DA:49,0
DA:52,0
DA:53,0
DA:55,0
DA:59,0
DA:60,0
DA:63,0
DA:64,0
DA:69,0
DA:71,0
DA:73,0
DA:80,0
DA:86,0
DA:104,0
DA:112,0
DA:120,0
DA:127,0
DA:139,0
DA:144,0
DA:150,0
DA:153,0
DA:162,0
DA:175,0
DA:176,0
DA:181,0
DA:183,0
DA:185,0
DA:192,0
DA:193,0
DA:200,0
DA:204,0
DA:212,0
DA:214,0
DA:223,0
DA:230,0
DA:233,0
DA:236,0
DA:240,0
DA:241,0
DA:249,0
DA:253,0
DA:278,0
DA:288,0
DA:297,0
DA:306,0
DA:316,0
DA:317,0
DA:325,0
DA:338,0
DA:344,0
DA:356,0
DA:359,0
DA:368,0
DA:382,0
DA:383,0
DA:387,0
LF:73
LH:0
BRDA:35,0,0,0
BRDA:35,0,1,0
BRDA:48,1,0,0
BRDA:48,1,1,0
BRDA:52,2,0,0
BRDA:52,2,1,0
BRDA:59,3,0,0
BRDA:59,3,1,0
BRDA:75,4,0,0
BRDA:75,4,1,0
BRDA:87,5,0,0
BRDA:87,5,1,0
BRDA:88,6,0,0
BRDA:88,6,1,0
BRDA:91,7,0,0
BRDA:91,7,1,0
BRDA:167,8,0,0
BRDA:167,8,1,0
BRDA:192,9,0,0
BRDA:192,9,1,0
BRDA:207,10,0,0
BRDA:207,10,1,0
BRDA:208,11,0,0
BRDA:208,11,1,0
BRDA:212,12,0,0
BRDA:212,12,1,0
BRDA:212,13,0,0
BRDA:212,13,1,0
BRDA:240,14,0,0
BRDA:240,14,1,0
BRDA:316,15,0,0
BRDA:316,15,1,0
BRF:32
BRH:0
end_of_record
TN:
SF:src/app/api/webauthn/register-options/route.ts
FN:9,POST
FN:37,(anonymous_4)
FNF:2
FNH:0
FNDA:0,POST
FNDA:0,(anonymous_4)
DA:2,0
DA:3,0
DA:4,0
DA:6,0
DA:8,0
DA:9,0
DA:10,0
DA:11,0
DA:12,0
DA:15,0
DA:22,0
DA:23,0
DA:24,0
DA:28,0
DA:37,0
DA:42,0
DA:63,0
DA:75,0
DA:83,0
DA:91,0
DA:99,0
DA:105,0
LF:22
LH:0
BRDA:12,0,0,0
BRDA:12,0,1,0
BRDA:22,1,0,0
BRDA:22,1,1,0
BRDA:43,2,0,0
BRDA:43,2,1,0
BRDA:44,3,0,0
BRDA:44,3,1,0
BRDA:47,4,0,0
BRDA:47,4,1,0
BRDA:100,5,0,0
BRDA:100,5,1,0
BRDA:101,6,0,0
BRDA:101,6,1,0
BRF:14
BRH:0
end_of_record
TN:
SF:src/app/api/webauthn/register-verify/route.ts
FN:20,POST
FNF:1
FNH:0
FNDA:0,POST
DA:2,0
DA:3,0
DA:4,0
DA:5,0
DA:7,0
DA:20,0
DA:21,0
DA:22,0
DA:23,0
DA:25,0
DA:26,0
DA:29,0
DA:39,0
DA:40,0
DA:44,0
DA:46,0
DA:47,0
DA:50,0
DA:57,0
DA:58,0
DA:61,0
DA:64,0
DA:68,0
DA:69,0
DA:73,0
DA:88,0
DA:95,0
DA:101,0
DA:102,0
DA:105,0
DA:106,0
DA:110,0
LF:32
LH:0
BRDA:23,0,0,0
BRDA:23,0,1,0
BRDA:39,1,0,0
BRDA:39,1,1,0
BRDA:46,2,0,0
BRDA:46,2,1,0
BRDA:53,3,0,0
BRDA:53,3,1,0
BRDA:54,4,0,0
BRDA:54,4,1,0
BRDA:57,5,0,0
BRDA:57,5,1,0
BRDA:57,6,0,0
BRDA:57,6,1,0
BRDA:68,7,0,0
BRDA:68,7,1,0
BRDA:101,8,0,0
BRDA:101,8,1,0
BRF:18
BRH:0
end_of_record
TN:
SF:src/app/api/webauthn/register/complete/route.ts
FN:23,POST
FNF:1
FNH:0
FNDA:0,POST
DA:2,0
DA:3,0
DA:4,0
DA:5,0
DA:7,0
DA:9,0
DA:10,0
DA:23,0
DA:24,0
DA:25,0
DA:26,0
DA:28,0
DA:29,0
DA:32,0
DA:36,0
DA:37,0
DA:41,0
DA:42,0
DA:46,0
DA:53,0
DA:66,0
DA:74,0
DA:75,0
DA:78,0
DA:80,0
DA:82,0
DA:92,0
DA:97,0
DA:103,0
DA:104,0
DA:111,0
DA:115,0
DA:123,0
DA:127,0
DA:128,0
DA:132,0
DA:158,0
DA:164,0
DA:182,0
DA:195,0
DA:212,0
DA:213,0
DA:214,0
DA:217,0
DA:223,0
LF:45
LH:0
BRDA:26,0,0,0
BRDA:26,0,1,0
BRDA:36,1,0,0
BRDA:36,1,1,0
BRDA:41,2,0,0
BRDA:41,2,1,0
BRDA:47,3,0,0
BRDA:47,3,1,0
BRDA:61,4,0,0
BRDA:61,4,1,0
BRDA:70,5,0,0
BRDA:70,5,1,0
BRDA:74,6,0,0
BRDA:74,6,1,0
BRDA:74,7,0,0
BRDA:74,7,1,0
BRDA:80,8,0,0
BRDA:80,8,1,0
BRDA:93,9,0,0
BRDA:93,9,1,0
BRDA:103,10,0,0
BRDA:103,10,1,0
BRDA:111,11,0,0
BRDA:111,11,1,0
BRDA:127,12,0,0
BRDA:127,12,1,0
BRDA:212,13,0,0
BRDA:212,13,1,0
BRDA:218,14,0,0
BRDA:218,14,1,0
BRDA:219,15,0,0
BRDA:219,15,1,0
BRF:32
BRH:0
end_of_record
TN:
SF:src/app/api/webauthn/register/options/route.ts
FN:9,POST
FN:37,(anonymous_4)
FNF:2
FNH:0
FNDA:0,POST
FNDA:0,(anonymous_4)
DA:2,0
DA:3,0
DA:4,0
DA:6,0
DA:8,0
DA:9,0
DA:10,0
DA:11,0
DA:12,0
DA:15,0
DA:22,0
DA:23,0
DA:24,0
DA:28,0
DA:37,0
DA:44,0
DA:62,0
DA:69,0
DA:79,0
DA:88,0
DA:94,0
LF:21
LH:0
BRDA:12,0,0,0
BRDA:12,0,1,0
BRDA:22,1,0,0
BRDA:22,1,1,0
BRDA:45,2,0,0
BRDA:45,2,1,0
BRDA:46,3,0,0
BRDA:46,3,1,0
BRDA:49,4,0,0
BRDA:49,4,1,0
BRDA:89,5,0,0
BRDA:89,5,1,0
BRDA:90,6,0,0
BRDA:90,6,1,0
BRF:14
BRH:0
end_of_record
TN:
SF:src/app/api/webauthn/register/start/route.ts
FN:10,POST
FN:38,(anonymous_4)
FNF:2
FNH:0
FNDA:0,POST
FNDA:0,(anonymous_4)
DA:2,0
DA:3,0
DA:5,0
DA:7,0
DA:9,0
DA:10,0
DA:11,0
DA:12,0
DA:13,0
DA:16,0
DA:23,0
DA:24,0
DA:25,0
DA:29,0
DA:38,0
DA:45,0
DA:66,0
DA:80,0
DA:88,0
DA:96,0
DA:105,0
DA:111,0
LF:22
LH:0
BRDA:13,0,0,0
BRDA:13,0,1,0
BRDA:23,1,0,0
BRDA:23,1,1,0
BRDA:46,2,0,0
BRDA:46,2,1,0
BRDA:47,3,0,0
BRDA:47,3,1,0
BRDA:50,4,0,0
BRDA:50,4,1,0
BRDA:74,5,0,0
BRDA:74,5,1,0
BRDA:75,6,0,0
BRDA:75,6,1,0
BRDA:106,7,0,0
BRDA:106,7,1,0
BRDA:107,8,0,0
BRDA:107,8,1,0
BRF:18
BRH:0
end_of_record
TN:
SF:src/app/auth/page.tsx
FN:10,AuthPage
FN:24,(anonymous_6)
FN:51,(anonymous_7)
FN:59,(anonymous_8)
FN:63,(anonymous_9)
FN:115,(anonymous_10)
FN:127,(anonymous_11)
FN:139,(anonymous_12)
FN:241,(anonymous_13)
FN:241,(anonymous_14)
FN:258,(anonymous_15)
FN:258,(anonymous_16)
FN:279,(anonymous_17)
FN:279,(anonymous_18)
FN:299,(anonymous_19)
FN:299,(anonymous_20)
FN:304,(anonymous_21)
FN:327,(anonymous_22)
FN:327,(anonymous_23)
FN:332,(anonymous_24)
FN:413,(anonymous_25)
FNF:21
FNH:0
FNDA:0,AuthPage
FNDA:0,(anonymous_6)
FNDA:0,(anonymous_7)
FNDA:0,(anonymous_8)
FNDA:0,(anonymous_9)
FNDA:0,(anonymous_10)
FNDA:0,(anonymous_11)
FNDA:0,(anonymous_12)
FNDA:0,(anonymous_13)
FNDA:0,(anonymous_14)
FNDA:0,(anonymous_15)
FNDA:0,(anonymous_16)
FNDA:0,(anonymous_17)
FNDA:0,(anonymous_18)
FNDA:0,(anonymous_19)
FNDA:0,(anonymous_20)
FNDA:0,(anonymous_21)
FNDA:0,(anonymous_22)
FNDA:0,(anonymous_23)
FNDA:0,(anonymous_24)
FNDA:0,(anonymous_25)
DA:3,0
DA:4,0
DA:5,0
DA:6,0
DA:7,0
DA:8,0
DA:10,0
DA:11,0
DA:12,0
DA:13,0
DA:14,0
DA:15,0
DA:22,0
DA:24,0
DA:25,0
DA:27,0
DA:28,0
DA:29,0
DA:30,0
DA:33,0
DA:34,0
DA:35,0
DA:36,0
DA:39,0
DA:40,0
DA:41,0
DA:42,0
DA:43,0
DA:47,0
DA:48,0
DA:51,0
DA:52,0
DA:53,0
DA:55,0
DA:59,0
DA:60,0
DA:63,0
DA:64,0
DA:66,0
DA:115,0
DA:127,0
DA:139,0
DA:241,0
DA:258,0
DA:279,0
DA:299,0
DA:304,0
DA:327,0
DA:332,0
DA:413,0
LF:50
LH:0
BRDA:27,0,0,0
BRDA:27,0,1,0
BRDA:29,1,0,0
BRDA:29,1,1,0
BRDA:33,2,0,0
BRDA:33,2,1,0
BRDA:35,3,0,0
BRDA:35,3,1,0
BRDA:39,4,0,0
BRDA:39,4,1,0
BRDA:40,5,0,0
BRDA:40,5,1,0
BRDA:41,6,0,0
BRDA:41,6,1,0
BRDA:42,7,0,0
BRDA:42,7,1,0
BRDA:53,8,0,0
BRDA:53,8,1,0
BRDA:103,9,0,0
BRDA:103,9,1,0
BRDA:103,10,0,0
BRDA:103,10,1,0
BRDA:106,11,0,0
BRDA:106,11,1,0
BRDA:107,12,0,0
BRDA:107,12,1,0
BRDA:117,13,0,0
BRDA:117,13,1,0
BRDA:129,14,0,0
BRDA:129,14,1,0
BRDA:141,15,0,0
BRDA:141,15,1,0
BRDA:154,16,0,0
BRDA:154,16,1,0
BRDA:184,17,0,0
BRDA:219,18,0,0
BRDA:219,18,1,0
BRDA:219,18,2,0
BRDA:222,19,0,0
BRDA:222,19,1,0
BRDA:224,20,0,0
BRDA:224,20,1,0
BRDA:229,21,0,0
BRDA:239,22,0,0
BRDA:239,22,1,0
BRDA:245,23,0,0
BRDA:256,24,0,0
BRDA:256,24,1,0
BRDA:261,25,0,0
BRDA:277,26,0,0
BRDA:277,26,1,0
BRDA:283,27,0,0
BRDA:296,28,0,0
BRDA:296,28,1,0
BRDA:297,29,0,0
BRDA:297,29,1,0
BRDA:307,30,0,0
BRDA:310,31,0,0
BRDA:316,32,0,0
BRDA:324,33,0,0
BRDA:324,33,1,0
BRDA:325,34,0,0
BRDA:325,34,1,0
BRDA:335,35,0,0
BRDA:338,36,0,0
BRDA:345,37,0,0
BRDA:360,38,0,0
BRDA:374,39,0,0
BRDA:390,40,0,0
BRDA:390,40,1,0
BRF:70
BRH:0
end_of_record
TN:
SF:src/app/biometric/page.tsx
FN:40,BiometricDemoPage
FN:51,(anonymous_5)
FN:58,(anonymous_6)
FN:62,(anonymous_7)
FN:156,(anonymous_8)
FN:188,(anonymous_9)
FN:278,(anonymous_10)
FN:283,(anonymous_11)
FN:373,(anonymous_12)
FN:378,(anonymous_13)
FN:413,(anonymous_14)
FN:419,(anonymous_15)
FN:449,(anonymous_16)
FN:450,(anonymous_17)
FN:459,(anonymous_18)
FN:465,(anonymous_19)
FN:473,(anonymous_20)
FN:476,(anonymous_21)
FN:677,(anonymous_22)
FN:691,(anonymous_23)
FN:769,(anonymous_24)
FNF:21
FNH:0
FNDA:0,BiometricDemoPage
FNDA:0,(anonymous_5)
FNDA:0,(anonymous_6)
FNDA:0,(anonymous_7)
FNDA:0,(anonymous_8)
FNDA:0,(anonymous_9)
FNDA:0,(anonymous_10)
FNDA:0,(anonymous_11)
FNDA:0,(anonymous_12)
FNDA:0,(anonymous_13)
FNDA:0,(anonymous_14)
FNDA:0,(anonymous_15)
FNDA:0,(anonymous_16)
FNDA:0,(anonymous_17)
FNDA:0,(anonymous_18)
FNDA:0,(anonymous_19)
FNDA:0,(anonymous_20)
FNDA:0,(anonymous_21)
FNDA:0,(anonymous_22)
FNDA:0,(anonymous_23)
FNDA:0,(anonymous_24)
DA:3,0
DA:4,0
DA:5,0
DA:6,0
DA:40,0
DA:41,0
DA:42,0
DA:43,0
DA:44,0
DA:45,0
DA:46,0
DA:47,0
DA:48,0
DA:51,0
DA:52,0
DA:58,0
DA:62,0
DA:63,0
DA:65,0
DA:66,0
DA:67,0
DA:70,0
DA:71,0
DA:74,0
DA:75,0
DA:76,0
DA:77,0
DA:78,0
DA:81,0
DA:83,0
DA:84,0
DA:85,0
DA:87,0
DA:89,0
DA:92,0
DA:93,0
DA:97,0
DA:98,0
DA:100,0
DA:101,0
DA:102,0
DA:103,0
DA:105,0
DA:106,0
DA:107,0
DA:109,0
DA:110,0
DA:111,0
DA:113,0
DA:114,0
DA:116,0
DA:117,0
DA:122,0
DA:138,0
DA:139,0
DA:141,0
DA:142,0
DA:143,0
DA:144,0
DA:146,0
DA:150,0
DA:151,0
DA:156,0
DA:157,0
DA:158,0
DA:160,0
DA:161,0
DA:162,0
DA:163,0
DA:166,0
DA:173,0
DA:174,0
DA:175,0
DA:176,0
DA:177,0
DA:180,0
DA:183,0
DA:188,0
DA:189,0
DA:190,0
DA:191,0
DA:194,0
DA:195,0
DA:197,0
DA:198,0
DA:200,0
DA:201,0
DA:202,0
DA:203,0
DA:207,0
DA:216,0
DA:217,0
DA:220,0
DA:221,0
DA:222,0
DA:225,0
DA:226,0
DA:229,0
DA:231,0
DA:234,0
DA:244,0
DA:245,0
DA:248,0
DA:249,0
DA:250,0
DA:253,0
DA:254,0
DA:257,0
DA:260,0
DA:263,0
DA:264,0
DA:265,0
DA:266,0
DA:267,0
DA:268,0
DA:269,0
DA:270,0
DA:272,0
DA:275,0
DA:277,0
DA:278,0
DA:283,0
DA:284,0
DA:285,0
DA:286,0
DA:289,0
DA:290,0
DA:291,0
DA:294,0
DA:295,0
DA:297,0
DA:298,0
DA:300,0
DA:301,0
DA:302,0
DA:303,0
DA:307,0
DA:316,0
DA:317,0
DA:320,0
DA:321,0
DA:322,0
DA:325,0
DA:326,0
DA:329,0
DA:331,0
DA:334,0
DA:344,0
DA:345,0
DA:348,0
DA:349,0
DA:350,0
DA:353,0
DA:354,0
DA:357,0
DA:360,0
DA:361,0
DA:362,0
DA:363,0
DA:364,0
DA:365,0
DA:367,0
DA:370,0
DA:372,0
DA:373,0
DA:378,0
DA:379,0
DA:380,0
DA:382,0
DA:383,0
DA:384,0
DA:385,0
DA:388,0
DA:396,0
DA:397,0
DA:398,0
DA:399,0
DA:400,0
DA:402,0
DA:405,0
DA:408,0
DA:413,0
DA:414,0
DA:415,0
DA:419,0
DA:420,0
DA:421,0
DA:423,0
DA:428,0
DA:429,0
DA:430,0
DA:431,0
DA:432,0
DA:433,0
DA:436,0
DA:438,0
DA:441,0
DA:444,0
DA:449,0
DA:450,0
DA:451,0
DA:452,0
DA:455,0
DA:459,0
DA:460,0
DA:461,0
DA:465,0
DA:466,0
DA:473,0
DA:476,0
DA:477,0
DA:478,0
DA:479,0
DA:481,0
DA:482,0
DA:678,0
DA:691,0
DA:770,0
LF:218
LH:0
BRDA:66,0,0,0
BRDA:66,0,1,0
BRDA:74,1,0,0
BRDA:74,1,1,0
BRDA:74,1,2,0
BRDA:76,2,0,0
BRDA:76,2,1,0
BRDA:78,3,0,0
BRDA:78,3,1,0
BRDA:78,3,2,0
BRDA:81,4,0,0
BRDA:81,4,1,0
BRDA:81,4,2,0
BRDA:87,5,0,0
BRDA:87,5,1,0
BRDA:92,6,0,0
BRDA:92,6,1,0
BRDA:97,7,0,0
BRDA:97,7,1,0
BRDA:98,8,0,0
BRDA:98,8,1,0
BRDA:101,9,0,0
BRDA:101,9,1,0
BRDA:102,10,0,0
BRDA:102,10,1,0
BRDA:103,11,0,0
BRDA:103,11,1,0
BRDA:107,12,0,0
BRDA:107,12,1,0
BRDA:111,13,0,0
BRDA:111,13,1,0
BRDA:141,14,0,0
BRDA:141,14,1,0
BRDA:143,15,0,0
BRDA:143,15,1,0
BRDA:160,16,0,0
BRDA:160,16,1,0
BRDA:161,17,0,0
BRDA:161,17,1,0
BRDA:173,18,0,0
BRDA:173,18,1,0
BRDA:175,19,0,0
BRDA:175,19,1,0
BRDA:189,20,0,0
BRDA:189,20,1,0
BRDA:200,21,0,0
BRDA:200,21,1,0
BRDA:201,22,0,0
BRDA:201,22,1,0
BRDA:216,23,0,0
BRDA:216,23,1,0
BRDA:221,24,0,0
BRDA:221,24,1,0
BRDA:222,25,0,0
BRDA:222,25,1,0
BRDA:244,26,0,0
BRDA:244,26,1,0
BRDA:249,27,0,0
BRDA:249,27,1,0
BRDA:250,28,0,0
BRDA:250,28,1,0
BRDA:263,29,0,0
BRDA:263,29,1,0
BRDA:265,30,0,0
BRDA:265,30,1,0
BRDA:267,31,0,0
BRDA:267,31,1,0
BRDA:269,32,0,0
BRDA:269,32,1,0
BRDA:284,33,0,0
BRDA:284,33,1,0
BRDA:289,34,0,0
BRDA:289,34,1,0
BRDA:300,35,0,0
BRDA:300,35,1,0
BRDA:301,36,0,0
BRDA:301,36,1,0
BRDA:316,37,0,0
BRDA:316,37,1,0
BRDA:321,38,0,0
BRDA:321,38,1,0
BRDA:322,39,0,0
BRDA:322,39,1,0
BRDA:344,40,0,0
BRDA:344,40,1,0
BRDA:349,41,0,0
BRDA:349,41,1,0
BRDA:350,42,0,0
BRDA:350,42,1,0
BRDA:360,43,0,0
BRDA:360,43,1,0
BRDA:362,44,0,0
BRDA:362,44,1,0
BRDA:364,45,0,0
BRDA:364,45,1,0
BRDA:382,46,0,0
BRDA:382,46,1,0
BRDA:383,47,0,0
BRDA:383,47,1,0
BRDA:396,48,0,0
BRDA:396,48,1,0
BRDA:398,49,0,0
BRDA:398,49,1,0
BRDA:402,50,0,0
BRDA:402,50,1,0
BRDA:428,51,0,0
BRDA:428,51,1,0
BRDA:430,52,0,0
BRDA:430,52,1,0
BRDA:460,53,0,0
BRDA:460,53,1,0
BRDA:473,54,0,0
BRDA:473,54,1,0
BRDA:477,55,0,0
BRDA:477,55,1,0
BRDA:477,55,2,0
BRDA:477,55,3,0
BRDA:477,55,4,0
BRDA:495,56,0,0
BRDA:505,57,0,0
BRDA:521,58,0,0
BRDA:526,59,0,0
BRDA:526,59,1,0
BRDA:527,60,0,0
BRDA:527,60,1,0
BRDA:533,61,0,0
BRDA:533,61,1,0
BRDA:534,62,0,0
BRDA:534,62,1,0
BRDA:540,63,0,0
BRDA:540,63,1,0
BRDA:541,64,0,0
BRDA:541,64,1,0
BRDA:550,65,0,0
BRDA:551,66,0,0
BRDA:552,67,0,0
BRDA:553,68,0,0
BRDA:554,69,0,0
BRDA:561,70,0,0
BRDA:561,70,1,0
BRDA:570,71,0,0
BRDA:579,72,0,0
BRDA:579,72,1,0
BRDA:607,73,0,0
BRDA:607,73,1,0
BRDA:611,74,0,0
BRDA:622,75,0,0
BRDA:624,76,0,0
BRDA:624,76,1,0
BRDA:625,77,0,0
BRDA:625,77,1,0
BRDA:626,78,0,0
BRDA:626,78,1,0
BRDA:635,79,0,0
BRDA:635,79,1,0
BRDA:635,79,2,0
BRDA:639,80,0,0
BRDA:650,81,0,0
BRDA:652,82,0,0
BRDA:652,82,1,0
BRDA:653,83,0,0
BRDA:653,83,1,0
BRDA:654,84,0,0
BRDA:654,84,1,0
BRDA:660,85,0,0
BRDA:670,86,0,0
BRDA:766,87,0,0
BRDA:776,88,0,0
BRDA:776,88,1,0
BRDA:777,89,0,0
BRDA:777,89,1,0
BRDA:778,90,0,0
BRDA:778,90,1,0
BRF:173
BRH:0
end_of_record
TN:
SF:src/app/checkout/page.tsx
FN:45,CheckoutPage
FN:74,(anonymous_6)
FN:86,(anonymous_7)
FN:118,(anonymous_8)
FN:134,(anonymous_9)
FN:135,(anonymous_10)
FN:147,(anonymous_11)
FN:148,(anonymous_12)
FN:163,(anonymous_13)
FN:164,(anonymous_14)
FN:170,(anonymous_15)
FN:174,(anonymous_16)
FN:183,(anonymous_17)
FN:184,(anonymous_18)
FN:208,(anonymous_19)
FN:227,(anonymous_20)
FN:280,(anonymous_21)
FN:299,(anonymous_22)
FN:331,(anonymous_23)
FN:331,(anonymous_24)
FN:345,(anonymous_25)
FN:345,(anonymous_26)
FN:358,(anonymous_27)
FN:358,(anonymous_28)
FN:373,(anonymous_29)
FN:373,(anonymous_30)
FN:385,(anonymous_31)
FN:385,(anonymous_32)
FN:396,(anonymous_33)
FN:396,(anonymous_34)
FN:407,(anonymous_35)
FN:407,(anonymous_36)
FN:423,(anonymous_37)
FN:454,(anonymous_38)
FN:497,(anonymous_39)
FN:524,(anonymous_40)
FN:536,(anonymous_41)
FN:604,(anonymous_42)
FN:693,(anonymous_43)
FNF:39
FNH:0
FNDA:0,CheckoutPage
FNDA:0,(anonymous_6)
FNDA:0,(anonymous_7)
FNDA:0,(anonymous_8)
FNDA:0,(anonymous_9)
FNDA:0,(anonymous_10)
FNDA:0,(anonymous_11)
FNDA:0,(anonymous_12)
FNDA:0,(anonymous_13)
FNDA:0,(anonymous_14)
FNDA:0,(anonymous_15)
FNDA:0,(anonymous_16)
FNDA:0,(anonymous_17)
FNDA:0,(anonymous_18)
FNDA:0,(anonymous_19)
FNDA:0,(anonymous_20)
FNDA:0,(anonymous_21)
FNDA:0,(anonymous_22)
FNDA:0,(anonymous_23)
FNDA:0,(anonymous_24)
FNDA:0,(anonymous_25)
FNDA:0,(anonymous_26)
FNDA:0,(anonymous_27)
FNDA:0,(anonymous_28)
FNDA:0,(anonymous_29)
FNDA:0,(anonymous_30)
FNDA:0,(anonymous_31)
FNDA:0,(anonymous_32)
FNDA:0,(anonymous_33)
FNDA:0,(anonymous_34)
FNDA:0,(anonymous_35)
FNDA:0,(anonymous_36)
FNDA:0,(anonymous_37)
FNDA:0,(anonymous_38)
FNDA:0,(anonymous_39)
FNDA:0,(anonymous_40)
FNDA:0,(anonymous_41)
FNDA:0,(anonymous_42)
FNDA:0,(anonymous_43)
DA:3,0
DA:4,0
DA:20,0
DA:21,0
DA:22,0
DA:24,0
DA:25,0
DA:45,0
DA:46,0
DA:47,0
DA:48,0
DA:49,0
DA:50,0
DA:51,0
DA:52,0
DA:53,0
DA:54,0
DA:57,0
DA:63,0
DA:74,0
DA:75,0
DA:76,0
DA:77,0
DA:79,0
DA:86,0
DA:87,0
DA:88,0
DA:89,0
DA:91,0
DA:93,0
DA:94,0
DA:95,0
DA:99,0
DA:100,0
DA:103,0
DA:104,0
DA:107,0
DA:108,0
DA:109,0
DA:110,0
DA:113,0
DA:115,0
DA:116,0
DA:117,0
DA:118,0
DA:120,0
DA:121,0
DA:122,0
DA:124,0
DA:125,0
DA:127,0
DA:130,0
DA:134,0
DA:135,0
DA:138,0
DA:139,0
DA:140,0
DA:142,0
DA:143,0
DA:147,0
DA:148,0
DA:151,0
DA:152,0
DA:153,0
DA:156,0
DA:163,0
DA:164,0
DA:167,0
DA:170,0
DA:171,0
DA:173,0
DA:174,0
DA:176,0
DA:177,0
DA:179,0
DA:183,0
DA:184,0
DA:208,0
DA:228,0
DA:229,0
DA:231,0
DA:281,0
DA:299,0
DA:331,0
DA:345,0
DA:358,0
DA:373,0
DA:385,0
DA:396,0
DA:407,0
DA:423,0
DA:454,0
DA:497,0
DA:524,0
DA:536,0
DA:605,0
DA:693,0
LF:97
LH:0
BRDA:93,0,0,0
BRDA:93,0,1,0
BRDA:115,1,0,0
BRDA:115,1,1,0
BRDA:117,2,0,0
BRDA:117,2,1,0
BRDA:117,3,0,0
BRDA:117,3,1,0
BRDA:124,4,0,0
BRDA:124,4,1,0
BRDA:139,5,0,0
BRDA:139,5,1,0
BRDA:142,6,0,0
BRDA:142,6,1,0
BRDA:152,7,0,0
BRDA:152,7,1,0
BRDA:176,8,0,0
BRDA:176,8,1,0
BRDA:189,9,0,0
BRDA:194,10,0,0
BRDA:194,10,1,0
BRDA:236,11,0,0
BRDA:236,11,1,0
BRDA:239,12,0,0
BRDA:239,12,1,0
BRDA:240,13,0,0
BRDA:240,13,1,0
BRDA:247,14,0,0
BRDA:247,14,1,0
BRDA:250,15,0,0
BRDA:250,15,1,0
BRDA:255,16,0,0
BRDA:256,17,0,0
BRDA:256,17,1,0
BRDA:269,18,0,0
BRDA:269,18,1,0
BRDA:309,19,0,0
BRDA:309,19,1,0
BRDA:412,20,0,0
BRDA:437,21,0,0
BRDA:437,21,1,0
BRDA:452,22,0,0
BRDA:452,22,1,0
BRDA:453,23,0,0
BRDA:453,23,1,0
BRDA:454,24,0,0
BRDA:454,24,1,0
BRDA:455,25,0,0
BRDA:455,25,1,0
BRDA:456,26,0,0
BRDA:456,26,1,0
BRDA:462,27,0,0
BRDA:469,28,0,0
BRDA:476,29,0,0
BRDA:476,29,1,0
BRDA:484,30,0,0
BRDA:484,30,1,0
BRDA:495,31,0,0
BRDA:495,31,1,0
BRDA:514,32,0,0
BRDA:528,33,0,0
BRDA:528,33,1,0
BRDA:546,34,0,0
BRDA:546,34,1,0
BRDA:555,35,0,0
BRDA:587,36,0,0
BRDA:643,37,0,0
BRDA:690,38,0,0
BRDA:690,38,1,0
BRF:69
BRH:0
end_of_record
TN:
SF:src/app/dashboard/page.tsx
FN:31,DashboardPage
FN:43,(anonymous_6)
FN:47,(anonymous_7)
FN:71,(anonymous_8)
FN:72,(anonymous_9)
FN:88,(anonymous_10)
FN:95,(anonymous_11)
FN:104,(anonymous_12)
FN:108,(anonymous_13)
FN:174,(anonymous_14)
FN:268,(anonymous_15)
FNF:11
FNH:0
FNDA:0,DashboardPage
FNDA:0,(anonymous_6)
FNDA:0,(anonymous_7)
FNDA:0,(anonymous_8)
FNDA:0,(anonymous_9)
FNDA:0,(anonymous_10)
FNDA:0,(anonymous_11)
FNDA:0,(anonymous_12)
FNDA:0,(anonymous_13)
FNDA:0,(anonymous_14)
FNDA:0,(anonymous_15)
DA:3,0
DA:4,0
DA:15,0
DA:16,0
DA:17,0
DA:31,0
DA:32,0
DA:38,0
DA:39,0
DA:40,0
DA:41,0
DA:43,0
DA:44,0
DA:47,0
DA:48,0
DA:50,0
DA:51,0
DA:52,0
DA:53,0
DA:57,0
DA:58,0
DA:59,0
DA:60,0
DA:64,0
DA:65,0
DA:66,0
DA:69,0
DA:70,0
DA:71,0
DA:72,0
DA:74,0
DA:82,0
DA:84,0
DA:88,0
DA:89,0
DA:95,0
DA:96,0
DA:104,0
DA:105,0
DA:108,0
DA:109,0
DA:111,0
DA:113,0
DA:115,0
DA:117,0
DA:121,0
DA:174,0
DA:269,0
DA:270,0
LF:49
LH:0
BRDA:51,0,0,0
BRDA:51,0,1,0
BRDA:58,1,0,0
BRDA:58,1,1,0
BRDA:65,2,0,0
BRDA:65,2,1,0
BRDA:77,3,0,0
BRDA:77,3,1,0
BRDA:105,4,0,0
BRDA:105,4,1,0
BRDA:109,5,0,0
BRDA:109,5,1,0
BRDA:109,5,2,0
BRDA:109,5,3,0
BRDA:121,6,0,0
BRDA:121,6,1,0
BRDA:143,7,0,0
BRDA:143,7,1,0
BRDA:177,8,0,0
BRDA:181,9,0,0
BRDA:267,10,0,0
BRDA:280,11,0,0
BRDA:280,11,1,0
BRDA:283,12,0,0
BRDA:283,12,1,0
BRDA:288,13,0,0
BRDA:288,13,1,0
BRDA:295,14,0,0
BRDA:295,14,1,0
BRDA:297,15,0,0
BRDA:297,15,1,0
BRF:31
BRH:0
end_of_record
TN:
SF:src/app/demo/page.tsx
FN:31,(anonymous_5)
FN:60,(anonymous_6)
FN:63,(anonymous_7)
FN:65,(anonymous_8)
FN:67,(anonymous_9)
FN:113,(anonymous_10)
FN:116,(anonymous_11)
FN:118,(anonymous_12)
FN:120,(anonymous_13)
FN:165,DemoPage
FN:171,(anonymous_15)
FN:175,(anonymous_16)
FN:177,(anonymous_17)
FN:183,(anonymous_18)
FN:187,(anonymous_19)
FN:316,(anonymous_20)
FN:323,(anonymous_21)
FN:481,(anonymous_22)
FN:500,(anonymous_23)
FN:519,(anonymous_24)
FN:538,(anonymous_25)
FN:618,(anonymous_26)
FN:622,(anonymous_27)
FNF:23
FNH:0
FNDA:0,(anonymous_5)
FNDA:0,(anonymous_6)
FNDA:0,(anonymous_7)
FNDA:0,(anonymous_8)
FNDA:0,(anonymous_9)
FNDA:0,(anonymous_10)
FNDA:0,(anonymous_11)
FNDA:0,(anonymous_12)
FNDA:0,(anonymous_13)
FNDA:0,DemoPage
FNDA:0,(anonymous_15)
FNDA:0,(anonymous_16)
FNDA:0,(anonymous_17)
FNDA:0,(anonymous_18)
FNDA:0,(anonymous_19)
FNDA:0,(anonymous_20)
FNDA:0,(anonymous_21)
FNDA:0,(anonymous_22)
FNDA:0,(anonymous_23)
FNDA:0,(anonymous_24)
FNDA:0,(anonymous_25)
FNDA:0,(anonymous_26)
FNDA:0,(anonymous_27)
DA:3,0
DA:4,0
DA:22,0
DA:23,0
DA:24,0
DA:31,0
DA:42,0
DA:43,0
DA:60,0
DA:61,0
DA:63,0
DA:64,0
DA:65,0
DA:66,0
DA:67,0
DA:68,0
DA:69,0
DA:113,0
DA:114,0
DA:116,0
DA:117,0
DA:118,0
DA:119,0
DA:120,0
DA:121,0
DA:122,0
DA:165,0
DA:166,0
DA:167,0
DA:168,0
DA:169,0
DA:171,0
DA:172,0
DA:175,0
DA:176,0
DA:177,0
DA:178,0
DA:179,0
DA:183,0
DA:184,0
DA:187,0
DA:188,0
DA:191,0
DA:200,0
DA:229,0
DA:258,0
DA:287,0
DA:317,0
DA:318,0
DA:319,0
DA:321,0
DA:324,0
DA:325,0
DA:352,0
DA:481,0
DA:500,0
DA:519,0
DA:538,0
DA:618,0
DA:622,0
LF:60
LH:0
BRDA:34,0,0,0
BRDA:35,1,0,0
BRDA:64,2,0,0
BRDA:64,2,1,0
BRDA:66,3,0,0
BRDA:66,3,1,0
BRDA:78,4,0,0
BRDA:81,5,0,0
BRDA:87,6,0,0
BRDA:94,7,0,0
BRDA:94,7,1,0
BRDA:95,8,0,0
BRDA:95,8,1,0
BRDA:96,9,0,0
BRDA:96,9,1,0
BRDA:100,10,0,0
BRDA:100,10,1,0
BRDA:101,11,0,0
BRDA:101,11,1,0
BRDA:102,12,0,0
BRDA:102,12,1,0
BRDA:117,13,0,0
BRDA:117,13,1,0
BRDA:119,14,0,0
BRDA:119,14,1,0
BRDA:131,15,0,0
BRDA:134,16,0,0
BRDA:140,17,0,0
BRDA:147,18,0,0
BRDA:147,18,1,0
BRDA:148,19,0,0
BRDA:148,19,1,0
BRDA:149,20,0,0
BRDA:149,20,1,0
BRDA:153,21,0,0
BRDA:153,21,1,0
BRDA:154,22,0,0
BRDA:154,22,1,0
BRDA:155,23,0,0
BRDA:155,23,1,0
BRDA:191,24,0,0
BRDA:191,24,1,0
BRDA:200,25,0,0
BRDA:200,25,1,0
BRDA:229,26,0,0
BRDA:229,26,1,0
BRDA:258,27,0,0
BRDA:258,27,1,0
BRDA:287,28,0,0
BRDA:287,28,1,0
BRDA:318,29,0,0
BRDA:318,29,1,0
BRDA:352,30,0,0
BRDA:352,30,1,0
BRDA:659,31,0,0
BRF:55
BRH:0
end_of_record
TN:
SF:src/app/history/page.tsx
FN:42,TransactionHistoryPage
FN:63,(anonymous_6)
FN:67,(anonymous_7)
FN:90,(anonymous_8)
FN:91,(anonymous_9)
FN:92,(anonymous_10)
FN:95,(anonymous_11)
FN:104,(anonymous_12)
FN:107,(anonymous_13)
FN:116,(anonymous_14)
FN:123,(anonymous_15)
FN:133,(anonymous_16)
FN:148,(anonymous_17)
FN:163,(anonymous_18)
FN:179,(anonymous_19)
FN:206,(anonymous_20)
FN:225,(anonymous_21)
FN:240,(anonymous_22)
FN:258,(anonymous_23)
FN:269,(anonymous_24)
FN:315,(anonymous_25)
FN:389,(anonymous_26)
FN:389,(anonymous_27)
FN:396,(anonymous_28)
FN:396,(anonymous_29)
FN:422,(anonymous_30)
FN:422,(anonymous_31)
FN:430,(anonymous_32)
FN:430,(anonymous_33)
FNF:29
FNH:0
FNDA:0,TransactionHistoryPage
FNDA:0,(anonymous_6)
FNDA:0,(anonymous_7)
FNDA:0,(anonymous_8)
FNDA:0,(anonymous_9)
FNDA:0,(anonymous_10)
FNDA:0,(anonymous_11)
FNDA:0,(anonymous_12)
FNDA:0,(anonymous_13)
FNDA:0,(anonymous_14)
FNDA:0,(anonymous_15)
FNDA:0,(anonymous_16)
FNDA:0,(anonymous_17)
FNDA:0,(anonymous_18)
FNDA:0,(anonymous_19)
FNDA:0,(anonymous_20)
FNDA:0,(anonymous_21)
FNDA:0,(anonymous_22)
FNDA:0,(anonymous_23)
FNDA:0,(anonymous_24)
FNDA:0,(anonymous_25)
FNDA:0,(anonymous_26)
FNDA:0,(anonymous_27)
FNDA:0,(anonymous_28)
FNDA:0,(anonymous_29)
FNDA:0,(anonymous_30)
FNDA:0,(anonymous_31)
FNDA:0,(anonymous_32)
FNDA:0,(anonymous_33)
DA:3,0
DA:4,0
DA:16,0
DA:17,0
DA:18,0
DA:42,0
DA:43,0
DA:44,0
DA:45,0
DA:46,0
DA:53,0
DA:61,0
DA:63,0
DA:64,0
DA:67,0
DA:68,0
DA:69,0
DA:70,0
DA:77,0
DA:78,0
DA:79,0
DA:80,0
DA:81,0
DA:84,0
DA:86,0
DA:90,0
DA:91,0
DA:92,0
DA:95,0
DA:96,0
DA:103,0
DA:104,0
DA:107,0
DA:108,0
DA:110,0
DA:112,0
DA:116,0
DA:117,0
DA:123,0
DA:124,0
DA:133,0
DA:134,0
DA:148,0
DA:149,0
DA:151,0
DA:153,0
DA:155,0
DA:157,0
DA:159,0
DA:163,0
DA:164,0
DA:179,0
DA:206,0
DA:225,0
DA:240,0
DA:258,0
DA:269,0
DA:316,0
DA:317,0
DA:389,0
DA:396,0
DA:422,0
DA:430,0
LF:63
LH:0
BRDA:73,0,0,0
BRDA:73,0,1,0
BRDA:74,1,0,0
BRDA:74,1,1,0
BRDA:78,2,0,0
BRDA:78,2,1,0
BRDA:149,3,0,0
BRDA:149,3,1,0
BRDA:149,3,2,0
BRDA:149,3,3,0
BRDA:149,3,4,0
BRDA:164,4,0,0
BRDA:164,4,1,0
BRDA:213,5,0,0
BRDA:288,6,0,0
BRDA:292,7,0,0
BRDA:328,8,0,0
BRDA:328,8,1,0
BRDA:331,9,0,0
BRDA:331,9,1,0
BRDA:336,10,0,0
BRDA:336,10,1,0
BRDA:344,11,0,0
BRDA:344,11,1,0
BRDA:346,12,0,0
BRDA:346,12,1,0
BRDA:359,13,0,0
BRDA:363,14,0,0
BRDA:363,14,1,0
BRDA:363,14,2,0
BRDA:384,15,0,0
BRF:31
BRH:0
end_of_record
TN:
SF:src/app/launch/page.tsx
FN:9,LaunchPage
FN:13,(anonymous_3)
FN:47,(anonymous_4)
FN:195,(anonymous_5)
FN:207,(anonymous_6)
FN:219,(anonymous_7)
FNF:6
FNH:0
FNDA:0,LaunchPage
FNDA:0,(anonymous_3)
FNDA:0,(anonymous_4)
FNDA:0,(anonymous_5)
FNDA:0,(anonymous_6)
FNDA:0,(anonymous_7)
DA:3,0
DA:4,0
DA:5,0
DA:6,0
DA:7,0
DA:9,0
DA:10,0
DA:11,0
DA:13,0
DA:14,0
DA:16,0
DA:17,0
DA:47,0
[...]
DA:176,0
DA:177,0
DA:178,0
DA:179,0
DA:180,0
DA:181,0
DA:182,0
DA:185,0
DA:186,0
DA:189,0
DA:190,0
DA:192,0
DA:195,0
DA:197,0
DA:200,0
DA:205,0
DA:206,0
DA:207,0
DA:208,0
DA:209,0
DA:210,0
DA:213,0
DA:214,0
DA:217,0
DA:225,0
DA:226,0
DA:229,0
DA:230,0
DA:232,0
DA:235,0
DA:237,0
DA:240,0
DA:243,0
DA:246,0
DA:247,0
DA:250,0
DA:253,0
DA:262,0
DA:269,0
DA:272,0
DA:273,0
DA:276,0
DA:277,0
DA:280,0
DA:285,0
DA:297,0
DA:298,0
DA:305,0
DA:308,0
DA:315,0
DA:316,0
DA:320,0
DA:323,0
DA:328,0
DA:335,0
DA:336,0
DA:339,0
DA:342,0
DA:343,0
DA:346,0
DA:354,0
DA:359,0
DA:361,0
DA:362,0
DA:365,0
DA:366,0
DA:370,0
DA:371,0
DA:373,0
DA:381,0
DA:387,0
DA:388,0
DA:392,0
DA:393,0
DA:396,0
DA:401,0
DA:402,0
DA:404,0
DA:405,0
DA:407,0
DA:408,0
DA:409,0
DA:410,0
DA:411,0
DA:415,0
DA:416,0
DA:420,0
DA:424,0
DA:425,0
DA:426,0
DA:427,0
DA:429,0
DA:431,0
DA:432,0
DA:433,0
DA:434,0
DA:436,0
DA:440,0
DA:445,0
DA:449,0
DA:450,0
DA:451,0
DA:453,0
DA:454,0
DA:455,0
DA:456,0
DA:458,0
DA:459,0
DA:460,0
DA:462,0
DA:469,0
DA:480,0
DA:482,0
DA:485,0
DA:486,0
DA:487,0
DA:492,0
DA:496,0
DA:499,0
DA:500,0
DA:501,0
DA:503,0
DA:507,0
DA:512,0
DA:514,0
DA:515,0
DA:516,0
DA:518,0
DA:522,0
DA:523,0
DA:525,0
DA:526,0
DA:527,0
DA:528,0
DA:535,0
DA:542,0
LF:202
LH:0
BRDA:61,0,0,0
BRDA:61,0,1,0
BRDA:72,1,0,0
BRDA:72,1,1,0
BRDA:72,1,2,0
BRDA:115,2,0,0
BRDA:115,2,1,0
BRDA:118,3,0,0
BRDA:118,3,1,0
BRDA:118,4,0,0
BRDA:118,4,1,0
BRDA:127,5,0,0
BRDA:127,5,1,0
BRDA:136,6,0,0
BRDA:136,6,1,0
BRDA:145,7,0,0
BRDA:145,7,1,0
BRDA:148,8,0,0
BRDA:148,8,1,0
BRDA:148,9,0,0
BRDA:148,9,1,0
BRDA:157,10,0,0
BRDA:157,10,1,0
BRDA:166,11,0,0
BRDA:166,11,1,0
BRDA:172,12,0,0
BRDA:172,12,1,0
BRDA:189,13,0,0
BRDA:189,13,1,0
BRDA:225,14,0,0
BRDA:225,14,1,0
BRDA:246,15,0,0
BRDA:246,15,1,0
BRDA:246,16,0,0
BRDA:246,16,1,0
BRDA:272,17,0,0
BRDA:272,17,1,0
BRDA:272,18,0,0
BRDA:272,18,1,0
BRDA:276,19,0,0
BRDA:276,19,1,0
BRDA:288,20,0,0
BRDA:288,20,1,0
BRDA:297,21,0,0
BRDA:297,21,1,0
BRDA:315,22,0,0
BRDA:315,22,1,0
BRDA:315,23,0,0
BRDA:315,23,1,0
BRDA:320,24,0,0
BRDA:320,24,1,0
BRDA:322,25,0,0
BRDA:322,25,1,0
BRDA:323,26,0,0
BRDA:323,26,1,0
BRDA:325,27,0,0
BRDA:325,27,1,0
BRDA:342,28,0,0
BRDA:342,28,1,0
BRDA:342,29,0,0
BRDA:342,29,1,0
BRDA:359,30,0,0
BRDA:359,30,1,0
BRDA:392,31,0,0
BRDA:392,31,1,0
BRDA:409,32,0,0
BRDA:409,32,1,0
BRDA:415,33,0,0
BRDA:415,33,1,0
BRDA:429,34,0,0
BRDA:429,34,1,0
BRDA:429,35,0,0
BRDA:429,35,1,0
BRDA:436,36,0,0
BRDA:436,36,1,0
BRDA:459,37,0,0
BRDA:459,37,1,0
BRDA:459,38,0,0
BRDA:459,38,1,0
BRDA:471,39,0,0
BRDA:471,39,1,0
BRDA:474,40,0,0
BRDA:474,40,1,0
BRDA:480,41,0,0
BRDA:480,41,1,0
BRDA:485,42,0,0
BRDA:485,42,1,0
BRDA:515,43,0,0
BRDA:515,43,1,0
BRDA:523,44,0,0
BRDA:523,44,1,0
BRF:91
BRH:0
end_of_record
TN:
SF:src/services/payments.ts
FN:10,(anonymous_2)
FN:56,(anonymous_3)
FN:63,(anonymous_4)
FN:73,(anonymous_5)
FN:80,(anonymous_6)
FN:86,(anonymous_7)
FN:94,(anonymous_8)
FN:114,(anonymous_9)
FN:123,(anonymous_10)
FN:128,(anonymous_11)
FN:142,(anonymous_12)
FN:153,(anonymous_13)
FN:162,(anonymous_14)
FN:171,(anonymous_15)
FN:191,(anonymous_16)
FN:198,(anonymous_17)
FN:203,(anonymous_18)
FN:215,(anonymous_19)
FNF:18
FNH:0
FNDA:0,(anonymous_2)
FNDA:0,(anonymous_3)
FNDA:0,(anonymous_4)
FNDA:0,(anonymous_5)
FNDA:0,(anonymous_6)
FNDA:0,(anonymous_7)
FNDA:0,(anonymous_8)
FNDA:0,(anonymous_9)
FNDA:0,(anonymous_10)
FNDA:0,(anonymous_11)
FNDA:0,(anonymous_12)
FNDA:0,(anonymous_13)
FNDA:0,(anonymous_14)
FNDA:0,(anonymous_15)
FNDA:0,(anonymous_16)
FNDA:0,(anonymous_17)
FNDA:0,(anonymous_18)
FNDA:0,(anonymous_19)
DA:1,0
DA:2,0
DA:4,0
DA:8,0
DA:27,0
DA:29,0
DA:49,0
DA:50,0
DA:53,0
DA:57,0
DA:64,0
DA:74,0
DA:81,0
DA:87,0
DA:99,0
DA:103,0
DA:105,0
DA:111,0
DA:115,0
DA:119,0
DA:120,0
DA:124,0
DA:129,0
DA:131,0
DA:133,0
DA:135,0
DA:137,0
DA:138,0
DA:144,0
DA:145,0
DA:154,0
DA:155,0
DA:163,0
DA:164,0
DA:173,0
DA:178,0
DA:179,0
DA:183,0
DA:192,0
DA:199,0
DA:204,0
DA:208,0
DA:212,0
DA:216,0
LF:44
LH:0
BRDA:21,0,0,0
BRDA:37,1,0,0
BRDA:37,1,1,0
BRDA:44,2,0,0
BRDA:44,2,1,0
BRDA:45,3,0,0
BRDA:45,3,1,0
BRDA:49,4,0,0
BRDA:49,4,1,0
BRDA:63,5,0,0
BRDA:129,6,0,0
BRDA:129,6,1,0
BRDA:129,6,2,0
BRDA:129,6,3,0
BRDA:178,7,0,0
BRDA:178,7,1,0
BRDA:186,8,0,0
BRDA:186,8,1,0
BRDA:208,9,0,0
BRDA:208,9,1,0
BRF:20
BRH:0
end_of_record
TN:
SF:src/services/realFaceID.ts
FN:108,(anonymous_1)
FN:112,(anonymous_2)
FN:120,(anonymous_3)
FN:144,(anonymous_4)
FN:147,(anonymous_5)
FN:148,(anonymous_6)
FN:150,(anonymous_7)
FN:162,(anonymous_8)
FN:188,(anonymous_9)
FN:252,(anonymous_10)
FN:336,(anonymous_11)
FN:420,(anonymous_12)
FN:443,(anonymous_13)
FN:449,(anonymous_14)
FN:470,(anonymous_15)
FN:483,(anonymous_16)
FN:492,(anonymous_17)
FN:501,(anonymous_18)
FN:505,(anonymous_19)
FN:516,(anonymous_20)
FN:520,(anonymous_21)
FN:527,(anonymous_22)
FN:539,(anonymous_23)
FNF:23
FNH:0
FNDA:0,(anonymous_1)
FNDA:0,(anonymous_2)
FNDA:0,(anonymous_3)
FNDA:0,(anonymous_4)
FNDA:0,(anonymous_5)
FNDA:0,(anonymous_6)
FNDA:0,(anonymous_7)
FNDA:0,(anonymous_8)
FNDA:0,(anonymous_9)
FNDA:0,(anonymous_10)
FNDA:0,(anonymous_11)
FNDA:0,(anonymous_12)
FNDA:0,(anonymous_13)
FNDA:0,(anonymous_14)
FNDA:0,(anonymous_15)
FNDA:0,(anonymous_16)
FNDA:0,(anonymous_17)
FNDA:0,(anonymous_18)
FNDA:0,(anonymous_19)
FNDA:0,(anonymous_20)
FNDA:0,(anonymous_21)
FNDA:0,(anonymous_22)
FNDA:0,(anonymous_23)
DA:3,0
DA:92,0
DA:93,0
DA:94,0
DA:95,0
DA:96,0
DA:98,0
DA:106,0
DA:109,0
DA:113,0
DA:114,0
DA:115,0
DA:116,0
DA:121,0
DA:122,0
DA:123,0
DA:127,0
DA:138,0
DA:139,0
DA:140,0
DA:141,0
DA:142,0
DA:144,0
DA:145,0
DA:147,0
DA:148,0
DA:150,0
DA:153,0
DA:154,0
DA:156,0
DA:157,0
DA:158,0
DA:163,0
DA:164,0
DA:167,0
DA:169,0
DA:170,0
DA:172,0
DA:173,0
DA:176,0
DA:178,0
DA:180,0
DA:181,0
DA:190,0
DA:193,0
DA:194,0
DA:195,0
DA:197,0
DA:198,0
DA:199,0
DA:200,0
DA:201,0
DA:203,0
DA:204,0
DA:205,0
DA:209,0
DA:210,0
DA:213,0
DA:214,0
DA:215,0
DA:216,0
DA:218,0
DA:219,0
DA:225,0
DA:253,0
DA:254,0
DA:263,0
DA:264,0
DA:265,0
DA:266,0
DA:267,0
DA:269,0
DA:271,0
DA:272,0
DA:273,0
DA:275,0
DA:277,0
DA:278,0
DA:281,0
DA:283,0
DA:286,0
DA:287,0
DA:296,0
DA:299,0
DA:302,0
DA:314,0
DA:316,0
DA:318,0
DA:326,0
DA:337,0
DA:338,0
DA:347,0
DA:349,0
DA:350,0
DA:351,0
DA:360,0
DA:362,0
DA:363,0
DA:364,0
DA:366,0
DA:367,0
DA:368,0
DA:370,0
DA:372,0
DA:373,0
DA:376,0
DA:377,0
DA:380,0
DA:381,0
DA:390,0
DA:393,0
DA:396,0
DA:397,0
DA:399,0
DA:401,0
DA:410,0
DA:422,0
DA:426,0
DA:427,0
DA:428,0
DA:431,0
DA:440,0
DA:444,0
DA:445,0
DA:446,0
DA:449,0
DA:450,0
DA:453,0
DA:454,0
DA:455,0
DA:456,0
DA:458,0
DA:461,0
DA:462,0
DA:464,0
DA:466,0
DA:471,0
DA:472,0
DA:473,0
DA:477,0
DA:479,0
DA:484,0
DA:485,0
DA:486,0
DA:488,0
DA:493,0
DA:494,0
DA:495,0
DA:497,0
DA:502,0
DA:506,0
DA:507,0
DA:508,0
DA:509,0
DA:510,0
DA:512,0
DA:517,0
DA:521,0
DA:522,0
DA:523,0
DA:526,0
DA:527,0
DA:528,0
DA:531,0
DA:532,0
DA:533,0
DA:536,0
DA:540,0
DA:554,0
DA:558,0
LF:170
LH:0
BRDA:113,0,0,0
BRDA:113,0,1,0
BRDA:122,1,0,0
BRDA:122,1,1,0
BRDA:145,2,0,0
BRDA:145,2,1,0
BRDA:163,3,0,0
BRDA:163,3,1,0
BRDA:163,4,0,0
BRDA:163,4,1,0
BRDA:163,4,2,0
BRDA:170,5,0,0
BRDA:170,5,1,0
BRDA:203,6,0,0
BRDA:203,6,1,0
BRDA:213,7,0,0
BRDA:213,7,1,0
BRDA:215,8,0,0
BRDA:215,8,1,0
BRDA:215,9,0,0
BRDA:215,9,1,0
BRDA:218,10,0,0
BRDA:218,10,1,0
BRDA:253,11,0,0
BRDA:253,11,1,0
BRDA:271,12,0,0
BRDA:271,12,1,0
BRDA:271,12,2,0
BRDA:277,13,0,0
BRDA:277,13,1,0
BRDA:277,14,0,0
BRDA:277,14,1,0
BRDA:277,15,0,0
BRDA:277,15,1,0
BRDA:283,16,0,0
BRDA:283,16,1,0
BRDA:286,17,0,0
BRDA:286,17,1,0
BRDA:286,18,0,0
BRDA:286,18,1,0
BRDA:291,19,0,0
BRDA:291,19,1,0
BRDA:331,20,0,0
BRDA:331,20,1,0
BRDA:337,21,0,0
BRDA:337,21,1,0
BRDA:350,22,0,0
BRDA:350,22,1,0
BRDA:366,23,0,0
BRDA:366,23,1,0
BRDA:366,23,2,0
BRDA:372,24,0,0
BRDA:372,24,1,0
BRDA:372,25,0,0
BRDA:372,25,1,0
BRDA:372,26,0,0
BRDA:372,26,1,0
BRDA:377,27,0,0
BRDA:377,27,1,0
BRDA:380,28,0,0
BRDA:380,28,1,0
BRDA:380,29,0,0
BRDA:380,29,1,0
BRDA:384,30,0,0
BRDA:384,30,1,0
BRDA:405,31,0,0
BRDA:405,31,1,0
BRDA:415,32,0,0
BRDA:415,32,1,0
BRDA:427,33,0,0
BRDA:427,33,1,0
BRDA:486,34,0,0
BRDA:486,34,1,0
BRDA:495,35,0,0
BRDA:495,35,1,0
BRDA:521,36,0,0
BRDA:521,36,1,0
BRDA:526,37,0,0
BRDA:526,37,1,0
BRDA:531,38,0,0
BRDA:531,38,1,0
BRDA:554,39,0,0
BRDA:554,39,1,0
BRF:83
BRH:0
end_of_record
TN:
SF:src/services/webauthn.ts
FN:49,(anonymous_1)
FN:209,(anonymous_2)
FN:344,(anonymous_3)
FN:440,(anonymous_4)
FN:567,(anonymous_5)
FN:773,(anonymous_6)
FN:787,(anonymous_7)
FN:799,(anonymous_8)
FN:812,(anonymous_9)
FN:828,(anonymous_10)
FN:846,(anonymous_11)
FN:908,(anonymous_12)
FN:960,(anonymous_13)
FN:967,(anonymous_14)
FN:994,(anonymous_15)
FNF:15
FNH:0
FNDA:0,(anonymous_1)
FNDA:0,(anonymous_2)
FNDA:0,(anonymous_3)
FNDA:0,(anonymous_4)
FNDA:0,(anonymous_5)
FNDA:0,(anonymous_6)
FNDA:0,(anonymous_7)
FNDA:0,(anonymous_8)
FNDA:0,(anonymous_9)
FNDA:0,(anonymous_10)
FNDA:0,(anonymous_11)
FNDA:0,(anonymous_12)
FNDA:0,(anonymous_13)
FNDA:0,(anonymous_14)
FNDA:0,(anonymous_15)
DA:7,0
DA:8,0
DA:44,0
DA:51,0
DA:52,0
DA:53,0
DA:54,0
DA:55,0
DA:56,0
DA:57,0
DA:58,0
DA:59,0
DA:60,0
DA:61,0
DA:62,0
DA:63,0
DA:64,0
DA:67,0
DA:68,0
DA:90,0
DA:91,0
DA:92,0
DA:93,0
DA:94,0
DA:95,0
DA:98,0
DA:99,0
DA:100,0
DA:101,0
DA:103,0
DA:110,0
DA:113,0
DA:114,0
DA:115,0
DA:116,0
DA:118,0
DA:121,0
DA:125,0
DA:126,0
DA:128,0
DA:129,0
DA:130,0
DA:131,0
DA:132,0
DA:133,0
DA:134,0
DA:135,0
DA:136,0
DA:137,0
DA:138,0
DA:139,0
DA:141,0
DA:142,0
DA:145,0
DA:149,0
DA:150,0
DA:152,0
DA:160,0
DA:181,0
DA:183,0
DA:210,0
DA:211,0
DA:214,0
DA:228,0
DA:229,0
DA:230,0
DA:231,0
DA:232,0
DA:233,0
DA:234,0
DA:235,0
DA:236,0
DA:237,0
DA:238,0
DA:239,0
DA:242,0
DA:244,0
DA:253,0
DA:262,0
DA:271,0
DA:280,0
DA:289,0
DA:299,0
DA:300,0
DA:309,0
DA:310,0
DA:319,0
DA:320,0
DA:329,0
DA:345,0
DA:356,0
DA:358,0
DA:359,0
DA:361,0
DA:362,0
DA:363,0
DA:369,0
DA:372,0
DA:375,0
DA:376,0
DA:378,0
DA:379,0
DA:381,0
DA:387,0
DA:389,0
DA:398,0
DA:400,0
DA:401,0
DA:402,0
DA:408,0
DA:409,0
DA:410,0
DA:411,0
DA:413,0
DA:416,0
DA:419,0
DA:420,0
DA:422,0
DA:423,0
DA:424,0
DA:427,0
DA:429,0
DA:440,0
DA:446,0
DA:447,0
DA:448,0
DA:450,0
DA:457,0
DA:459,0
DA:472,0
DA:474,0
DA:475,0
DA:477,0
DA:484,0
DA:491,0
DA:500,0
DA:502,0
DA:503,0
DA:504,0
DA:510,0
DA:511,0
DA:512,0
DA:513,0
DA:515,0
DA:518,0
DA:521,0
DA:522,0
DA:524,0
DA:534,0
DA:535,0
DA:536,0
DA:541,0
DA:544,0
DA:546,0
DA:556,0
DA:557,0
DA:558,0
DA:568,0
DA:578,0
DA:580,0
DA:581,0
DA:583,0
DA:584,0
DA:585,0
DA:591,0
DA:594,0
DA:596,0
DA:598,0
DA:603,0
DA:605,0
DA:614,0
DA:616,0
DA:617,0
DA:618,0
DA:624,0
DA:625,0
DA:626,0
DA:627,0
DA:629,0
DA:632,0
DA:635,0
DA:636,0
DA:638,0
DA:639,0
DA:640,0
DA:643,0
DA:645,0
DA:656,0
DA:657,0
DA:658,0
DA:660,0
DA:667,0
DA:669,0
DA:682,0
DA:684,0
DA:689,0
DA:696,0
DA:705,0
DA:707,0
DA:708,0
DA:709,0
DA:715,0
DA:716,0
DA:717,0
DA:718,0
DA:720,0
DA:723,0
DA:726,0
DA:727,0
DA:729,0
DA:739,0
DA:740,0
DA:741,0
DA:746,0
DA:750,0
DA:754,0
DA:764,0
DA:765,0
DA:766,0
DA:774,0
DA:775,0
DA:781,0
DA:788,0
DA:800,0
DA:813,0
DA:814,0
DA:815,0
DA:816,0
DA:818,0
DA:819,0
DA:822,0
DA:829,0
DA:831,0
DA:833,0
DA:835,0
DA:847,0
DA:871,0
DA:873,0
DA:874,0
DA:875,0
DA:877,0
DA:880,0
DA:881,0
DA:882,0
DA:885,0
DA:890,0
DA:891,0
DA:893,0
DA:897,0
DA:900,0
DA:901,0
DA:909,0
DA:911,0
DA:912,0
DA:913,0
DA:916,0
DA:917,0
DA:918,0
DA:919,0
DA:923,0
DA:924,0
DA:925,0
DA:926,0
DA:930,0
DA:931,0
DA:932,0
DA:933,0
DA:934,0
DA:935,0
DA:936,0
DA:940,0
DA:941,0
DA:945,0
DA:946,0
DA:947,0
DA:948,0
DA:952,0
DA:953,0
DA:954,0
DA:961,0
DA:968,0
DA:977,0
DA:978,0
DA:979,0
DA:988,0
DA:995,0
LF:286
LH:0
BRDA:61,0,0,0
BRDA:61,0,1,0
BRDA:67,1,0,0
BRDA:67,1,1,0
BRDA:67,2,0,0
BRDA:67,2,1,0
BRDA:93,3,0,0
BRDA:93,3,1,0
BRDA:99,4,0,0
BRDA:99,4,1,0
BRDA:99,5,0,0
BRDA:99,5,1,0
BRDA:113,6,0,0
BRDA:113,6,1,0
BRDA:125,7,0,0
BRDA:125,7,1,0
BRDA:128,8,0,0
BRDA:128,8,1,0
BRDA:131,9,0,0
BRDA:131,9,1,0
BRDA:134,10,0,0
BRDA:134,10,1,0
BRDA:137,11,0,0
BRDA:137,11,1,0
BRDA:149,12,0,0
BRDA:149,12,1,0
BRDA:153,13,0,0
BRDA:153,13,1,0
BRDA:154,14,0,0
BRDA:154,14,1,0
BRDA:155,15,0,0
BRDA:155,15,1,0
BRDA:165,16,0,0
BRDA:165,16,1,0
BRDA:166,17,0,0
BRDA:166,17,1,0
BRDA:166,17,2,0
BRDA:167,18,0,0
BRDA:167,18,1,0
BRDA:168,19,0,0
BRDA:168,19,1,0
BRDA:169,20,0,0
BRDA:169,20,1,0
BRDA:188,21,0,0
BRDA:188,21,1,0
BRDA:189,22,0,0
BRDA:189,22,1,0
BRDA:189,22,2,0
BRDA:190,23,0,0
BRDA:190,23,1,0
BRDA:191,24,0,0
BRDA:191,24,1,0
BRDA:192,25,0,0
BRDA:192,25,1,0
BRDA:210,26,0,0
BRDA:210,26,1,0
BRDA:210,26,2,0
BRDA:211,27,0,0
BRDA:211,27,1,0
BRDA:219,28,0,0
BRDA:219,28,1,0
BRDA:221,29,0,0
BRDA:221,29,1,0
BRDA:222,30,0,0
BRDA:222,30,1,0
BRDA:223,31,0,0
BRDA:223,31,1,0
BRDA:228,32,0,0
BRDA:228,32,1,0
BRDA:230,33,0,0
BRDA:230,33,1,0
BRDA:232,34,0,0
BRDA:232,34,1,0
BRDA:234,35,0,0
BRDA:234,35,1,0
BRDA:236,36,0,0
BRDA:236,36,1,0
BRDA:238,37,0,0
BRDA:238,37,1,0
BRDA:242,38,0,0
BRDA:242,38,1,0
BRDA:242,38,2,0
BRDA:242,38,3,0
BRDA:242,38,4,0
BRDA:242,38,5,0
BRDA:242,38,6,0
BRDA:294,39,0,0
BRDA:294,39,1,0
BRDA:299,40,0,0
BRDA:299,40,1,0
BRDA:299,41,0,0
BRDA:299,41,1,0
BRDA:309,42,0,0
BRDA:309,42,1,0
BRDA:309,43,0,0
BRDA:309,43,1,0
BRDA:319,44,0,0
BRDA:319,44,1,0
BRDA:319,45,0,0
BRDA:319,45,1,0
BRDA:331,46,0,0
BRDA:331,46,1,0
BRDA:361,47,0,0
BRDA:361,47,1,0
BRDA:361,48,0,0
BRDA:361,48,1,0
BRDA:376,49,0,0
BRDA:376,49,1,0
BRDA:378,50,0,0
BRDA:378,50,1,0
BRDA:400,51,0,0
BRDA:400,51,1,0
BRDA:411,52,0,0
BRDA:411,52,1,0
BRDA:413,53,0,0
BRDA:413,53,1,0
BRDA:422,54,0,0
BRDA:422,54,1,0
BRDA:422,55,0,0
BRDA:422,55,1,0
BRDA:441,56,0,0
BRDA:441,56,1,0
BRDA:463,57,0,0
BRDA:463,57,1,0
BRDA:474,58,0,0
BRDA:474,58,1,0
BRDA:475,59,0,0
BRDA:475,59,1,0
BRDA:477,60,0,0
BRDA:477,60,1,0
BRDA:488,61,0,0
BRDA:488,61,1,0
BRDA:502,62,0,0
BRDA:502,62,1,0
BRDA:513,63,0,0
BRDA:513,63,1,0
BRDA:515,64,0,0
BRDA:515,64,1,0
BRDA:534,65,0,0
BRDA:534,65,1,0
BRDA:534,66,0,0
BRDA:534,66,1,0
BRDA:535,67,0,0
BRDA:535,67,1,0
BRDA:567,68,0,0
BRDA:583,69,0,0
BRDA:583,69,1,0
BRDA:583,70,0,0
BRDA:583,70,1,0
BRDA:616,71,0,0
BRDA:616,71,1,0
BRDA:627,72,0,0
BRDA:627,72,1,0
BRDA:629,73,0,0
BRDA:629,73,1,0
BRDA:638,74,0,0
BRDA:638,74,1,0
BRDA:638,75,0,0
BRDA:638,75,1,0
BRDA:650,76,0,0
BRDA:650,76,1,0
BRDA:673,77,0,0
BRDA:673,77,1,0
BRDA:677,78,0,0
BRDA:677,78,1,0
BRDA:707,79,0,0
BRDA:707,79,1,0
BRDA:718,80,0,0
BRDA:718,80,1,0
BRDA:720,81,0,0
BRDA:720,81,1,0
BRDA:739,82,0,0
BRDA:739,82,1,0
BRDA:739,83,0,0
BRDA:739,83,1,0
BRDA:740,84,0,0
BRDA:740,84,1,0
BRDA:774,85,0,0
BRDA:774,85,1,0
BRDA:774,86,0,0
BRDA:774,86,1,0
BRDA:789,87,0,0
BRDA:789,87,1,0
BRDA:790,88,0,0
BRDA:790,88,1,0
BRDA:791,89,0,0
BRDA:791,89,1,0
BRDA:792,90,0,0
BRDA:792,90,1,0
BRDA:802,91,0,0
BRDA:802,91,1,0
BRDA:803,92,0,0
BRDA:803,92,1,0
BRDA:804,93,0,0
BRDA:804,93,1,0
BRDA:813,94,0,0
BRDA:813,94,1,0
BRDA:814,95,0,0
BRDA:814,95,1,0
BRDA:815,96,0,0
BRDA:815,96,1,0
BRDA:816,97,0,0
BRDA:816,97,1,0
BRDA:817,98,0,0
BRDA:817,98,1,0
BRDA:818,99,0,0
BRDA:818,99,1,0
BRDA:818,100,0,0
BRDA:818,100,1,0
BRDA:829,101,0,0
BRDA:829,101,1,0
BRDA:831,102,0,0
BRDA:831,102,1,0
BRDA:833,103,0,0
BRDA:833,103,1,0
BRDA:835,104,0,0
BRDA:835,104,1,0
BRDA:850,105,0,0
BRDA:850,105,1,0
BRDA:851,106,0,0
BRDA:851,106,1,0
BRDA:852,107,0,0
BRDA:852,107,1,0
BRDA:853,108,0,0
BRDA:853,108,1,0
BRDA:854,109,0,0
BRDA:854,109,1,0
BRDA:857,110,0,0
BRDA:857,110,1,0
BRDA:858,111,0,0
BRDA:858,111,1,0
BRDA:859,112,0,0
BRDA:859,112,1,0
BRDA:860,113,0,0
BRDA:860,113,1,0
BRDA:863,114,0,0
BRDA:863,114,1,0
BRDA:873,115,0,0
BRDA:873,115,1,0
BRDA:873,116,0,0
BRDA:873,116,1,0
BRDA:881,117,0,0
BRDA:881,117,1,0
BRDA:916,118,0,0
BRDA:916,118,1,0
BRDA:916,119,0,0
BRDA:916,119,1,0
BRDA:923,120,0,0
BRDA:923,120,1,0
BRDA:923,121,0,0
BRDA:923,121,1,0
BRDA:923,121,2,0
BRDA:931,122,0,0
BRDA:931,122,1,0
BRDA:931,123,0,0
BRDA:931,123,1,0
BRDA:933,124,0,0
BRDA:933,124,1,0
BRDA:945,125,0,0
BRDA:945,125,1,0
BRDA:946,126,0,0
BRDA:946,126,1,0
BRDA:977,127,0,0
BRDA:977,127,1,0
BRDA:996,128,0,0
BRDA:996,128,1,0
BRDA:997,129,0,0
BRDA:997,129,1,0
BRDA:998,130,0,0
BRDA:998,130,1,0
BRDA:999,131,0,0
BRDA:999,131,1,0
BRDA:1000,132,0,0
BRDA:1000,132,1,0
BRDA:1001,133,0,0
BRDA:1001,133,1,0
BRDA:1002,134,0,0
BRDA:1002,134,1,0
BRDA:1003,135,0,0
BRDA:1003,135,1,0
BRDA:1004,136,0,0
BRDA:1004,136,1,0
BRF:282
BRH:0
end_of_record
TN:
SF:src/utils/biometric-test.ts
FN:7,testBiometricCapabilities
FN:62,testBiometricRegistration
FN:86,testBiometricAuthentication
FN:111,runBiometricTests
FNF:4
FNH:0
FNDA:0,testBiometricCapabilities
FNDA:0,testBiometricRegistration
FNDA:0,testBiometricAuthentication
FNDA:0,runBiometricTests
DA:5,0
DA:7,0
DA:8,0
DA:9,0
DA:12,0
DA:14,0
DA:15,0
DA:16,0
DA:17,0
DA:18,0
DA:19,0
DA:21,0
DA:22,0
DA:23,0
DA:24,0
DA:25,0
DA:26,0
DA:28,0
DA:29,0
DA:30,0
DA:31,0
DA:32,0
DA:33,0
DA:34,0
DA:35,0
DA:38,0
DA:39,0
DA:40,0
DA:41,0
DA:42,0
DA:43,0
DA:44,0
DA:45,0
DA:46,0
DA:47,0
DA:48,0
DA:50,0
DA:51,0
DA:54,0
DA:57,0
DA:58,0
DA:62,0
DA:63,0
DA:64,0
DA:66,0
DA:70,0
DA:71,0
DA:72,0
DA:74,0
DA:77,0
DA:78,0
DA:79,0
DA:80,0
DA:82,0
DA:86,0
DA:87,0
DA:88,0
DA:90,0
DA:94,0
DA:95,0
DA:96,0
DA:98,0
DA:101,0
DA:102,0
DA:103,0
DA:104,0
DA:106,0
DA:111,0
DA:112,0
DA:114,0
DA:117,0
DA:119,0
DA:122,0
DA:124,0
DA:126,0
DA:130,0
LF:76
LH:0
BRDA:35,0,0,0
BRDA:35,0,1,0
BRDA:39,1,0,0
BRDA:39,1,1,0
BRDA:42,2,0,0
BRDA:42,2,1,0
BRDA:46,3,0,0
BRDA:46,3,1,0
BRDA:62,4,0,0
BRDA:62,5,0,0
BRDA:72,6,0,0
BRDA:72,6,1,0
BRDA:77,7,0,0
BRDA:77,7,1,0
BRDA:78,8,0,0
BRDA:78,8,1,0
BRDA:96,9,0,0
BRDA:96,9,1,0
BRDA:101,10,0,0
BRDA:101,10,1,0
BRDA:102,11,0,0
BRDA:102,11,1,0
BRDA:117,12,0,0
BRDA:117,12,1,0
BRDA:117,13,0,0
BRDA:117,13,1,0
BRF:26
BRH:0
end_of_record
TN:
SF:src/utils/timeout.ts
FN:10,(anonymous_12)
FN:19,withTimeout
FN:25,(anonymous_14)
FN:26,(anonymous_15)
FN:31,(anonymous_16)
FN:35,(anonymous_17)
FN:49,(anonymous_18)
FN:54,(anonymous_19)
FN:57,(anonymous_20)
FN:64,(anonymous_21)
FN:72,(anonymous_22)
FN:80,withAbortSignal
FN:86,(anonymous_24)
FN:92,(anonymous_25)
FN:100,(anonymous_26)
FN:109,withTimeoutAndAbort
FN:123,retryWithTimeout
FN:141,(anonymous_29)
FN:167,(anonymous_30)
FN:178,createProgressCallback
FN:186,(anonymous_32)
FN:201,(anonymous_33)
FN:230,(anonymous_34)
FN:236,(anonymous_35)
FN:273,(anonymous_36)
FN:281,(anonymous_37)
FN:293,isTimeoutError
FN:300,getTimeoutMessage
FNF:28
FNH:0
FNDA:0,(anonymous_12)
FNDA:0,withTimeout
FNDA:0,(anonymous_14)
FNDA:0,(anonymous_15)
FNDA:0,(anonymous_16)
FNDA:0,(anonymous_17)
FNDA:0,(anonymous_18)
FNDA:0,(anonymous_19)
FNDA:0,(anonymous_20)
FNDA:0,(anonymous_21)
FNDA:0,(anonymous_22)
FNDA:0,withAbortSignal
FNDA:0,(anonymous_24)
FNDA:0,(anonymous_25)
FNDA:0,(anonymous_26)
FNDA:0,withTimeoutAndAbort
FNDA:0,retryWithTimeout
FNDA:0,(anonymous_29)
FNDA:0,(anonymous_30)
FNDA:0,createProgressCallback
FNDA:0,(anonymous_32)
FNDA:0,(anonymous_33)
FNDA:0,(anonymous_34)
FNDA:0,(anonymous_35)
FNDA:0,(anonymous_36)
FNDA:0,(anonymous_37)
FNDA:0,isTimeoutError
FNDA:0,getTimeoutMessage
DA:6,0
DA:7,0
DA:8,0
DA:10,0
DA:11,0
DA:12,0
DA:19,0
DA:25,0
DA:26,0
DA:27,0
DA:30,0
DA:32,0
DA:33,0
DA:36,0
DA:37,0
DA:45,0
DA:46,0
DA:47,0
DA:50,0
DA:51,0
DA:55,0
DA:57,0
DA:58,0
DA:59,0
DA:65,0
DA:66,0
DA:67,0
DA:68,0
DA:73,0
DA:80,0
DA:84,0
DA:86,0
DA:87,0
DA:88,0
DA:89,0
DA:92,0
DA:93,0
DA:96,0
DA:98,0
DA:101,0
DA:109,0
DA:116,0
DA:117,0
DA:123,0
DA:141,0
DA:143,0
DA:147,0
DA:148,0
DA:149,0
DA:156,0
DA:159,0
DA:160,0
DA:164,0
DA:165,0
DA:166,0
DA:167,0
DA:172,0
DA:178,0
DA:183,0
DA:186,0
DA:187,0
DA:189,0
DA:190,0
DA:191,0
DA:193,0
DA:194,0
DA:199,0
DA:201,0
DA:202,0
DA:203,0
DA:211,0
DA:225,0
DA:226,0
DA:227,0
DA:228,0
DA:231,0
DA:232,0
DA:233,0
DA:242,0
DA:245,0
DA:249,0
DA:252,0
DA:253,0
DA:260,0
DA:261,0
DA:269,0
DA:274,0
DA:275,0
DA:277,0
DA:278,0
DA:282,0
DA:283,0
DA:284,0
DA:285,0
DA:286,0
DA:293,0
DA:294,0
DA:300,0
DA:301,0
DA:302,0
LF:100
LH:0
BRDA:23,0,0,0
BRDA:55,1,0,0
BRDA:55,1,1,0
BRDA:58,2,0,0
BRDA:58,2,1,0
BRDA:66,3,0,0
BRDA:66,3,1,0
BRDA:84,4,0,0
BRDA:84,4,1,0
BRDA:87,5,0,0
BRDA:87,5,1,0
BRDA:114,6,0,0
BRDA:140,7,0,0
BRDA:141,8,0,0
BRDA:159,9,0,0
BRDA:159,9,1,0
BRDA:159,10,0,0
BRDA:159,10,1,0
BRDA:164,11,0,0
BRDA:164,11,1,0
BRDA:187,12,0,0
BRDA:187,12,1,0
BRDA:193,13,0,0
BRDA:193,13,1,0
BRDA:202,14,0,0
BRDA:202,14,1,0
BRDA:240,15,0,0
BRDA:252,16,0,0
BRDA:252,16,1,0
BRDA:274,17,0,0
BRDA:274,17,1,0
BRDA:294,18,0,0
BRDA:294,18,1,0
BRDA:294,18,2,0
BRF:34
BRH:0
end_of_record
