TN:
SF:src/app/page.tsx
FN:17,LandingPage
FN:27,(anonymous_6)
FN:28,(anonymous_7)
FN:43,(anonymous_8)
FN:48,(anonymous_9)
FN:53,(anonymous_10)
FN:58,(anonymous_11)
FN:63,(anonymous_12)
FN:68,(anonymous_13)
FN:70,(anonymous_14)
FN:75,(anonymous_15)
FN:76,(anonymous_16)
FN:82,(anonymous_17)
FN:137,(anonymous_18)
FN:153,(anonymous_19)
FN:156,(anonymous_20)
FN:177,(anonymous_21)
FN:180,(anonymous_22)
FN:205,(anonymous_23)
FN:245,(anonymous_24)
FN:249,(anonymous_25)
FN:261,(anonymous_26)
FN:272,(anonymous_27)
FN:300,(anonymous_28)
FN:310,(anonymous_29)
FN:456,(anonymous_30)
FN:473,(anonymous_31)
FN:581,(anonymous_32)
FN:621,(anonymous_33)
FNF:29
FNH:0
FNDA:0,LandingPage
FNDA:0,(anonymous_6)
FNDA:0,(anonymous_7)
FNDA:0,(anonymous_8)
FNDA:0,(anonymous_9)
FNDA:0,(anonymous_10)
FNDA:0,(anonymous_11)
FNDA:0,(anonymous_12)
FNDA:0,(anonymous_13)
FNDA:0,(anonymous_14)
FNDA:0,(anonymous_15)
FNDA:0,(anonymous_16)
FNDA:0,(anonymous_17)
FNDA:0,(anonymous_18)
FNDA:0,(anonymous_19)
FNDA:0,(anonymous_20)
FNDA:0,(anonymous_21)
FNDA:0,(anonymous_22)
FNDA:0,(anonymous_23)
FNDA:0,(anonymous_24)
FNDA:0,(anonymous_25)
FNDA:0,(anonymous_26)
FNDA:0,(anonymous_27)
FNDA:0,(anonymous_28)
FNDA:0,(anonymous_29)
FNDA:0,(anonymous_30)
FNDA:0,(anonymous_31)
FNDA:0,(anonymous_32)
FNDA:0,(anonymous_33)
DA:3,0
DA:4,0
DA:5,0
DA:6,0
DA:7,0
DA:8,0
DA:9,0
DA:10,0
DA:12,0
DA:13,0
DA:14,0
DA:15,0
DA:17,0
DA:18,0
DA:19,0
DA:20,0
DA:21,0
DA:22,0
DA:23,0
DA:24,0
DA:27,0
DA:28,0
DA:29,0
DA:30,0
DA:31,0
DA:32,0
DA:34,0
DA:36,0
DA:40,0
DA:43,0
DA:44,0
DA:45,0
DA:48,0
DA:49,0
DA:50,0
DA:53,0
DA:54,0
DA:58,0
DA:59,0
DA:60,0
DA:63,0
DA:64,0
DA:65,0
DA:68,0
DA:69,0
DA:70,0
DA:71,0
DA:75,0
DA:76,0
DA:77,0
DA:82,0
DA:83,0
DA:84,0
DA:85,0
DA:88,0
DA:115,0
DA:137,0
DA:153,0
DA:156,0
DA:177,0
DA:180,0
DA:205,0
DA:246,0
DA:247,0
DA:249,0
DA:261,0
DA:272,0
DA:301,0
DA:311,0
DA:456,0
DA:474,0
DA:582,0
DA:583,0
DA:622,0
DA:623,0
LF:75
LH:0
BRDA:32,0,0,0
BRDA:32,0,1,0
BRDA:140,1,0,0
BRDA:164,2,0,0
BRDA:192,3,0,0
BRDA:210,4,0,0
BRDA:210,4,1,0
BRDA:210,5,0,0
BRDA:210,5,1,0
BRDA:211,6,0,0
BRDA:211,6,1,0
BRDA:212,7,0,0
BRDA:212,7,1,0
BRDA:213,8,0,0
BRDA:213,8,1,0
BRDA:214,9,0,0
BRDA:214,9,1,0
BRDA:220,10,0,0
BRDA:220,10,1,0
BRDA:220,11,0,0
BRDA:220,11,1,0
BRDA:221,12,0,0
BRDA:221,12,1,0
BRDA:222,13,0,0
BRDA:222,13,1,0
BRDA:223,14,0,0
BRDA:223,14,1,0
BRDA:224,15,0,0
BRDA:224,15,1,0
BRDA:225,16,0,0
BRDA:225,16,1,0
BRDA:238,17,0,0
BRDA:238,17,1,0
BRDA:242,18,0,0
BRDA:242,18,1,0
BRDA:255,19,0,0
BRDA:266,20,0,0
BRDA:276,21,0,0
BRDA:284,22,0,0
BRDA:298,23,0,0
BRDA:322,24,0,0
BRDA:330,25,0,0
BRDA:366,26,0,0
BRDA:370,27,0,0
BRDA:375,28,0,0
BRDA:375,28,1,0
BRDA:376,29,0,0
BRDA:376,29,1,0
BRDA:382,30,0,0
BRDA:385,31,0,0
BRDA:386,32,0,0
BRDA:392,33,0,0
BRDA:398,34,0,0
BRDA:416,35,0,0
BRDA:501,36,0,0
BRDA:501,36,1,0
BRDA:504,37,0,0
BRDA:504,37,1,0
BRDA:506,38,0,0
BRDA:511,39,0,0
BRDA:511,39,1,0
BRDA:530,40,0,0
BRDA:530,40,1,0
BRDA:536,41,0,0
BRDA:536,41,1,0
BRDA:542,42,0,0
BRDA:542,42,1,0
BRDA:548,43,0,0
BRDA:548,43,1,0
BRDA:557,44,0,0
BRDA:557,44,1,0
BRDA:559,45,0,0
BRDA:559,45,1,0
BRF:73
BRH:0
end_of_record
TN:
SF:src/app/api/admin/security-stats/route.ts
FN:6,getSecurityStatsHandler
FNF:1
FNH:0
FNDA:0,getSecurityStatsHandler
DA:2,0
DA:3,0
DA:4,0
DA:7,0
DA:8,0
DA:9,0
DA:12,0
DA:13,0
DA:17,0
DA:20,0
DA:33,0
DA:36,0
DA:37,0
DA:42,0
LF:14
LH:0
BRDA:9,0,0,0
BRDA:9,0,1,0
BRDA:12,1,0,0
BRDA:12,1,1,0
BRF:4
BRH:0
end_of_record
TN:
SF:src/app/api/analytics/stats/route.ts
FN:5,GET
FN:127,(anonymous_2)
FN:131,(anonymous_3)
FN:137,(anonymous_4)
FNF:4
FNH:0
FNDA:0,GET
FNDA:0,(anonymous_2)
FNDA:0,(anonymous_3)
FNDA:0,(anonymous_4)
DA:2,0
DA:3,0
DA:5,0
DA:6,0
DA:7,0
DA:8,0
DA:17,0
DA:78,0
DA:87,0
DA:96,0
DA:97,0
DA:99,0
DA:116,0
DA:128,0
DA:129,0
DA:132,0
DA:133,0
DA:137,0
DA:146,0
DA:149,0
DA:150,0
LF:21
LH:0
BRDA:8,0,0,0
BRDA:8,0,1,0
BRDA:121,1,0,0
BRDA:121,1,1,0
BRDA:124,2,0,0
BRDA:124,2,1,0
BRDA:139,3,0,0
BRDA:139,3,1,0
BRF:8
BRH:0
end_of_record
TN:
SF:src/app/api/auth/demo-login/route.ts
FN:6,POST
FNF:1
FNH:0
FNDA:0,POST
DA:2,0
DA:3,0
DA:4,0
DA:6,0
DA:7,0
DA:9,0
DA:13,0
DA:14,0
DA:23,0
DA:26,0
DA:36,0
DA:43,0
DA:46,0
DA:47,0
LF:14
LH:0
BRDA:13,0,0,0
BRDA:13,0,1,0
BRF:2
BRH:0
end_of_record
TN:
SF:src/app/api/auth/login/route.ts
FN:21,loginHandler
FN:102,getClientIP
FN:114,generateSessionId
FN:121,GET
FNF:4
FNH:0
FNDA:0,loginHandler
FNDA:0,getClientIP
FNDA:0,generateSessionId
FNDA:0,GET
DA:2,0
DA:4,0
DA:5,0
DA:6,0
DA:7,0
DA:13,0
DA:19,0
DA:22,0
DA:24,0
DA:25,0
DA:26,0
DA:30,0
DA:31,0
DA:33,0
DA:36,0
DA:47,0
DA:48,0
DA:49,0
DA:50,0
DA:54,0
DA:55,0
DA:56,0
DA:70,0
DA:71,0
DA:74,0
DA:77,0
DA:80,0
DA:83,0
DA:88,0
DA:95,0
DA:96,0
DA:97,0
DA:103,0
DA:104,0
DA:105,0
DA:107,0
DA:108,0
DA:111,0
DA:115,0
DA:119,0
DA:121,0
DA:122,0
LF:42
LH:0
BRDA:25,0,0,0
BRDA:25,0,1,0
BRDA:31,1,0,0
BRDA:31,1,1,0
BRDA:47,2,0,0
BRDA:47,2,1,0
BRDA:55,3,0,0
BRDA:55,3,1,0
BRDA:74,4,0,0
BRDA:74,4,1,0
BRDA:96,5,0,0
BRDA:96,5,1,0
BRDA:107,6,0,0
BRDA:107,6,1,0
BRDA:111,7,0,0
BRDA:111,7,1,0
BRDA:111,7,2,0
BRF:17
BRH:0
end_of_record
TN:
SF:src/app/api/auth/refresh/route.ts
FN:11,POST
FNF:1
FNH:0
FNDA:0,POST
DA:2,0
DA:3,0
DA:4,0
DA:5,0
DA:7,0
DA:11,0
DA:12,0
DA:13,0
DA:14,0
DA:16,0
DA:17,0
DA:18,0
DA:22,0
DA:33,0
DA:34,0
DA:37,0
DA:39,0
DA:45,0
DA:46,0
DA:49,0
DA:50,0
LF:21
LH:0
BRDA:17,0,0,0
BRDA:17,0,1,0
BRDA:33,1,0,0
BRDA:33,1,1,0
BRDA:45,2,0,0
BRDA:45,2,1,0
BRF:6
BRH:0
end_of_record
TN:
SF:src/app/api/auth/register/route.ts
FN:14,POST
FNF:1
FNH:0
FNDA:0,POST
DA:2,0
DA:3,0
DA:4,0
DA:5,0
DA:6,0
DA:8,0
DA:14,0
DA:15,0
DA:16,0
DA:17,0
DA:20,0
DA:24,0
DA:25,0
DA:29,0
DA:31,0
DA:47,0
DA:49,0
DA:55,0
DA:56,0
DA:59,0
DA:60,0
LF:21
LH:0
BRDA:24,0,0,0
BRDA:24,0,1,0
BRDA:55,1,0,0
BRDA:55,1,1,0
BRF:4
BRH:0
end_of_record
TN:
SF:src/app/api/biometric/face/route.ts
FN:18,POST
FN:53,PUT
FN:67,(anonymous_10)
FN:95,GET
FN:122,DELETE
FNF:5
FNH:0
FNDA:0,POST
FNDA:0,PUT
FNDA:0,(anonymous_10)
FNDA:0,GET
FNDA:0,DELETE
DA:2,0
DA:3,0
DA:4,0
DA:5,0
DA:7,0
DA:12,0
DA:18,0
DA:19,0
DA:20,0
DA:21,0
DA:23,0
DA:24,0
DA:27,0
DA:33,0
DA:34,0
DA:37,0
DA:44,0
DA:45,0
DA:48,0
DA:49,0
DA:53,0
DA:54,0
DA:55,0
DA:56,0
DA:59,0
DA:62,0
DA:65,0
DA:66,0
DA:67,0
DA:71,0
DA:76,0
DA:86,0
DA:87,0
DA:90,0
DA:91,0
DA:95,0
DA:96,0
DA:97,0
DA:98,0
DA:100,0
DA:114,0
DA:117,0
DA:118,0
DA:122,0
DA:123,0
DA:124,0
DA:125,0
DA:127,0
DA:128,0
DA:130,0
DA:132,0
DA:141,0
DA:153,0
DA:156,0
DA:157,0
LF:55
LH:0
BRDA:21,0,0,0
BRDA:21,0,1,0
BRDA:33,1,0,0
BRDA:33,1,1,0
BRDA:44,2,0,0
BRDA:44,2,1,0
BRDA:59,3,0,0
BRDA:59,3,1,0
BRDA:59,3,2,0
BRDA:62,4,0,0
BRDA:62,4,1,0
BRDA:65,5,0,0
BRDA:65,5,1,0
BRDA:66,6,0,0
BRDA:66,6,1,0
BRDA:86,7,0,0
BRDA:86,7,1,0
BRDA:98,8,0,0
BRDA:98,8,1,0
BRDA:125,9,0,0
BRDA:125,9,1,0
BRDA:130,10,0,0
BRDA:130,10,1,0
BRF:23
BRH:0
end_of_record
TN:
SF:src/app/api/face-verification-test/route.ts
FN:5,POST
FNF:1
FNH:0
FNDA:0,POST
DA:1,0
DA:2,0
DA:5,0
DA:6,0
DA:7,0
DA:8,0
DA:10,0
DA:11,0
DA:12,0
DA:15,0
DA:16,0
DA:19,0
DA:20,0
DA:21,0
DA:24,0
DA:32,0
DA:35,0
DA:38,0
DA:39,0
LF:19
LH:0
BRDA:10,0,0,0
BRDA:10,0,1,0
BRDA:11,1,0,0
BRDA:11,1,1,0
BRDA:11,2,0,0
BRDA:11,2,1,0
BRDA:19,3,0,0
BRDA:19,3,1,0
BRDA:20,4,0,0
BRDA:20,4,1,0
BRDA:28,5,0,0
BRDA:28,5,1,0
BRDA:29,6,0,0
BRDA:29,6,1,0
BRF:14
BRH:0
end_of_record
TN:
SF:src/app/api/health/route.ts
FN:3,GET
FNF:1
FNH:0
FNDA:0,GET
DA:1,0
DA:3,0
DA:4,0
LF:3
LH:0
BRF:0
BRH:0
end_of_record
TN:
SF:src/app/api/payments/analytics/route.ts
FN:14,GET
FN:81,getStartDate
FN:105,generateOverview
FN:116,(anonymous_4)
FN:179,generateTimeSeries
FN:196,(anonymous_6)
FN:197,(anonymous_7)
FN:202,(anonymous_8)
FN:249,generateTimePoints
FN:281,formatDateLabel
FN:296,generatePaymentMethodAnalytics
FN:315,(anonymous_12)
FN:325,(anonymous_13)
FN:326,(anonymous_14)
FN:335,(anonymous_15)
FN:338,generateStatusAnalytics
FN:351,getTopTransactions
FN:369,generateFailureAnalytics
FN:388,(anonymous_19)
FN:399,(anonymous_20)
FN:400,(anonymous_21)
FN:402,(anonymous_22)
FNF:22
FNH:0
FNDA:0,GET
FNDA:0,getStartDate
FNDA:0,generateOverview
FNDA:0,(anonymous_4)
FNDA:0,generateTimeSeries
FNDA:0,(anonymous_6)
FNDA:0,(anonymous_7)
FNDA:0,(anonymous_8)
FNDA:0,generateTimePoints
FNDA:0,formatDateLabel
FNDA:0,generatePaymentMethodAnalytics
FNDA:0,(anonymous_12)
FNDA:0,(anonymous_13)
FNDA:0,(anonymous_14)
FNDA:0,(anonymous_15)
FNDA:0,generateStatusAnalytics
FNDA:0,getTopTransactions
FNDA:0,generateFailureAnalytics
FNDA:0,(anonymous_19)
FNDA:0,(anonymous_20)
FNDA:0,(anonymous_21)
FNDA:0,(anonymous_22)
DA:2,0
DA:3,0
DA:4,0
DA:6,0
DA:14,0
DA:15,0
DA:16,0
DA:17,0
DA:19,0
DA:20,0
DA:21,0
DA:24,0
DA:25,0
DA:28,0
DA:45,0
DA:54,0
DA:69,0
DA:72,0
DA:73,0
DA:76,0
DA:77,0
DA:82,0
DA:84,0
DA:86,0
DA:87,0
DA:89,0
DA:90,0
DA:92,0
DA:93,0
DA:95,0
DA:96,0
DA:99,0
DA:102,0
DA:106,0
DA:116,0
DA:117,0
DA:118,0
DA:119,0
DA:121,0
DA:122,0
DA:124,0
DA:126,0
DA:127,0
DA:128,0
DA:130,0
DA:131,0
DA:132,0
DA:134,0
DA:135,0
DA:137,0
DA:138,0
DA:139,0
DA:140,0
DA:142,0
DA:145,0
DA:160,0
DA:163,0
DA:164,0
DA:165,0
DA:166,0
DA:168,0
DA:180,0
DA:194,0
DA:196,0
DA:197,0
DA:198,0
DA:199,0
DA:202,0
DA:203,0
DA:204,0
DA:206,0
DA:207,0
DA:209,0
DA:211,0
DA:212,0
DA:213,0
DA:215,0
DA:216,0
DA:218,0
DA:219,0
DA:221,0
DA:222,0
DA:223,0
DA:226,0
DA:238,0
DA:246,0
DA:250,0
DA:251,0
DA:253,0
DA:254,0
DA:255,0
DA:257,0
DA:259,0
DA:260,0
DA:262,0
DA:263,0
DA:265,0
DA:266,0
DA:269,0
DA:275,0
DA:278,0
DA:282,0
DA:284,0
DA:286,0
DA:287,0
DA:288,0
DA:290,0
DA:292,0
DA:297,0
DA:312,0
DA:315,0
DA:325,0
DA:326,0
DA:327,0
DA:335,0
DA:339,0
DA:352,0
DA:370,0
DA:385,0
DA:386,0
DA:388,0
DA:389,0
DA:390,0
DA:391,0
DA:392,0
DA:395,0
DA:399,0
DA:400,0
DA:402,0
LF:129
LH:0
BRDA:17,0,0,0
BRDA:17,0,1,0
BRDA:34,1,0,0
BRDA:34,1,1,0
BRDA:72,2,0,0
BRDA:72,2,1,0
BRDA:84,3,0,0
BRDA:84,3,1,0
BRDA:84,3,2,0
BRDA:84,3,3,0
BRDA:84,3,4,0
BRDA:119,4,0,0
BRDA:119,4,1,0
BRDA:119,5,0,0
BRDA:119,5,1,0
BRDA:124,6,0,0
BRDA:124,6,1,0
BRDA:124,6,2,0
BRDA:124,6,3,0
BRDA:138,7,0,0
BRDA:138,7,1,0
BRDA:139,8,0,0
BRDA:139,8,1,0
BRDA:140,9,0,0
BRDA:140,9,1,0
BRDA:160,10,0,0
BRDA:160,10,1,0
BRDA:163,11,0,0
BRDA:163,11,1,0
BRDA:164,12,0,0
BRDA:164,12,1,0
BRDA:165,13,0,0
BRDA:165,13,1,0
BRDA:166,14,0,0
BRDA:166,14,1,0
BRDA:199,15,0,0
BRDA:199,15,1,0
BRDA:204,16,0,0
BRDA:204,16,1,0
BRDA:204,17,0,0
BRDA:204,17,1,0
BRDA:209,18,0,0
BRDA:209,18,1,0
BRDA:209,18,2,0
BRDA:209,18,3,0
BRDA:222,19,0,0
BRDA:222,19,1,0
BRDA:257,20,0,0
BRDA:257,20,1,0
BRDA:257,20,2,0
BRDA:271,21,0,0
BRDA:271,21,1,0
BRDA:282,22,0,0
BRDA:282,22,1,0
BRDA:282,22,2,0
BRDA:282,22,3,0
BRDA:329,23,0,0
BRDA:329,23,1,0
BRDA:330,24,0,0
BRDA:330,24,1,0
BRDA:332,25,0,0
BRDA:332,25,1,0
BRDA:333,26,0,0
BRDA:333,26,1,0
BRDA:391,27,0,0
BRDA:391,27,1,0
BRDA:391,27,2,0
BRDA:392,28,0,0
BRDA:392,28,1,0
BRF:69
BRH:0
end_of_record
TN:
SF:src/app/api/payments/methods/route.ts
FN:20,GET
FN:43,(anonymous_5)
FN:77,POST
FNF:3
FNH:0
FNDA:0,GET
FNDA:0,(anonymous_5)
FNDA:0,POST
DA:2,0
DA:3,0
DA:4,0
DA:5,0
DA:7,0
DA:11,0
DA:20,0
DA:21,0
DA:22,0
DA:23,0
DA:25,0
DA:42,0
DA:44,0
DA:45,0
DA:46,0
DA:50,0
DA:61,0
DA:62,0
DA:65,0
DA:69,0
DA:72,0
DA:73,0
DA:77,0
DA:78,0
DA:79,0
DA:80,0
DA:82,0
DA:83,0
DA:86,0
DA:87,0
DA:99,0
DA:101,0
DA:103,0
DA:104,0
DA:105,0
DA:111,0
DA:113,0
DA:114,0
DA:118,0
DA:119,0
DA:125,0
DA:143,0
DA:146,0
DA:147,0
DA:150,0
DA:151,0
LF:46
LH:0
BRDA:23,0,0,0
BRDA:23,0,1,0
BRDA:44,1,0,0
BRDA:44,1,1,0
BRDA:44,2,0,0
BRDA:44,2,1,0
BRDA:44,2,2,0
BRDA:44,2,3,0
BRDA:80,3,0,0
BRDA:80,3,1,0
BRDA:86,4,0,0
BRDA:86,4,1,0
BRDA:101,5,0,0
BRDA:101,5,1,0
BRDA:101,6,0,0
BRDA:101,6,1,0
BRDA:113,7,0,0
BRDA:113,7,1,0
BRDA:113,8,0,0
BRDA:113,8,1,0
BRDA:116,9,0,0
BRDA:116,9,1,0
BRDA:118,10,0,0
BRDA:118,10,1,0
BRDA:118,11,0,0
BRDA:118,11,1,0
BRDA:121,12,0,0
BRDA:121,12,1,0
BRDA:146,13,0,0
BRDA:146,13,1,0
BRF:30
BRH:0
end_of_record
TN:
SF:src/app/api/payments/methods/[id]/route.ts
FN:15,GET
FN:74,PUT
FN:142,DELETE
FNF:3
FNH:0
FNDA:0,GET
FNDA:0,PUT
FNDA:0,DELETE
DA:2,0
DA:3,0
DA:4,0
DA:5,0
DA:7,0
DA:11,0
DA:15,0
DA:19,0
DA:20,0
DA:21,0
DA:23,0
DA:43,0
DA:44,0
DA:48,0
DA:49,0
DA:50,0
DA:54,0
DA:62,0
DA:66,0
DA:69,0
DA:70,0
DA:74,0
DA:78,0
DA:79,0
DA:80,0
DA:82,0
DA:83,0
DA:86,0
DA:93,0
DA:94,0
DA:98,0
DA:99,0
DA:113,0
DA:130,0
DA:133,0
DA:134,0
DA:137,0
DA:138,0
DA:142,0
DA:146,0
DA:147,0
DA:148,0
DA:151,0
DA:165,0
DA:166,0
DA:170,0
DA:177,0
DA:178,0
DA:182,0
DA:183,0
DA:184,0
DA:186,0
DA:190,0
DA:196,0
DA:199,0
DA:200,0
LF:56
LH:0
BRDA:21,0,0,0
BRDA:21,0,1,0
BRDA:43,1,0,0
BRDA:43,1,1,0
BRDA:48,2,0,0
BRDA:48,2,1,0
BRDA:48,3,0,0
BRDA:48,3,1,0
BRDA:48,3,2,0
BRDA:48,3,3,0
BRDA:80,4,0,0
BRDA:80,4,1,0
BRDA:93,5,0,0
BRDA:93,5,1,0
BRDA:98,6,0,0
BRDA:98,6,1,0
BRDA:118,7,0,0
BRDA:118,7,1,0
BRDA:133,8,0,0
BRDA:133,8,1,0
BRDA:148,9,0,0
BRDA:148,9,1,0
BRDA:165,10,0,0
BRDA:165,10,1,0
BRDA:177,11,0,0
BRDA:177,11,1,0
BRDA:182,12,0,0
BRDA:182,12,1,0
BRDA:182,13,0,0
BRDA:182,13,1,0
BRDA:182,13,2,0
BRDA:182,13,3,0
BRF:32
BRH:0
end_of_record
TN:
SF:src/app/api/payments/stripe/checkout/route.ts
FN:22,POST
FN:138,GET
FNF:2
FNH:0
FNDA:0,POST
FNDA:0,GET
DA:2,0
DA:3,0
DA:4,0
DA:5,0
DA:7,0
DA:11,0
DA:22,0
DA:23,0
DA:24,0
DA:25,0
DA:27,0
DA:37,0
DA:40,0
DA:41,0
DA:45,0
DA:46,0
DA:50,0
DA:55,0
DA:56,0
DA:59,0
DA:69,0
DA:72,0
DA:84,0
DA:85,0
DA:101,0
DA:104,0
DA:121,0
DA:129,0
DA:130,0
DA:133,0
DA:134,0
DA:138,0
DA:139,0
DA:140,0
DA:141,0
DA:143,0
DA:144,0
DA:146,0
DA:147,0
DA:151,0
DA:156,0
DA:166,0
DA:167,0
DA:170,0
DA:181,0
DA:182,0
LF:46
LH:0
BRDA:25,0,0,0
BRDA:25,0,1,0
BRDA:45,1,0,0
BRDA:45,1,1,0
BRDA:55,2,0,0
BRDA:55,2,1,0
BRDA:61,3,0,0
BRDA:61,3,1,0
BRDA:76,4,0,0
BRDA:76,4,1,0
BRDA:77,5,0,0
BRDA:77,5,1,0
BRDA:84,6,0,0
BRDA:84,6,1,0
BRDA:90,7,0,0
BRDA:90,7,1,0
BRDA:111,8,0,0
BRDA:111,8,1,0
BRDA:129,9,0,0
BRDA:129,9,1,0
BRDA:141,10,0,0
BRDA:141,10,1,0
BRDA:146,11,0,0
BRDA:146,11,1,0
BRDA:166,12,0,0
BRDA:166,12,1,0
BRF:26
BRH:0
end_of_record
TN:
SF:src/app/api/payments/stripe/payment-intent/route.ts
FN:27,createPaymentIntentHandler
FN:125,performFraudChecks
FN:213,confirmPaymentIntentHandler
FNF:3
FNH:0
FNDA:0,createPaymentIntentHandler
FNDA:0,performFraudChecks
FNDA:0,confirmPaymentIntentHandler
DA:2,0
DA:3,0
DA:4,0
DA:5,0
DA:6,0
DA:12,0
DA:13,0
DA:15,0
DA:20,0
DA:28,0
DA:29,0
DA:30,0
DA:33,0
DA:34,0
DA:35,0
DA:36,0
DA:40,0
DA:41,0
DA:43,0
DA:46,0
DA:47,0
DA:48,0
DA:54,0
DA:58,0
DA:61,0
DA:72,0
DA:73,0
DA:74,0
DA:75,0
DA:76,0
DA:79,0
DA:82,0
DA:83,0
DA:84,0
DA:95,0
DA:110,0
DA:118,0
DA:119,0
DA:120,0
DA:130,0
DA:131,0
DA:133,0
DA:135,0
DA:136,0
DA:144,0
DA:145,0
DA:153,0
DA:154,0
DA:163,0
DA:170,0
DA:171,0
DA:179,0
DA:188,0
DA:189,0
DA:190,0
DA:203,0
DA:206,0
DA:208,0
DA:209,0
DA:214,0
DA:215,0
DA:216,0
DA:218,0
DA:219,0
DA:221,0
DA:222,0
DA:226,0
DA:236,0
DA:237,0
DA:238,0
DA:242,0
DA:245,0
DA:253,0
DA:259,0
DA:260,0
DA:261,0
DA:266,0
DA:267,0
LF:78
LH:0
BRDA:30,0,0,0
BRDA:30,0,1,0
BRDA:34,1,0,0
BRDA:34,1,1,0
BRDA:41,2,0,0
BRDA:41,2,1,0
BRDA:47,3,0,0
BRDA:47,3,1,0
BRDA:69,4,0,0
BRDA:69,4,1,0
BRDA:72,5,0,0
BRDA:72,5,1,0
BRDA:83,6,0,0
BRDA:83,6,1,0
BRDA:101,7,0,0
BRDA:101,7,1,0
BRDA:102,8,0,0
BRDA:102,8,1,0
BRDA:135,9,0,0
BRDA:135,9,1,0
BRDA:144,10,0,0
BRDA:144,10,1,0
BRDA:153,11,0,0
BRDA:153,11,1,0
BRDA:170,12,0,0
BRDA:170,12,1,0
BRDA:188,13,0,0
BRDA:188,13,1,0
BRDA:189,14,0,0
BRDA:189,14,1,0
BRDA:194,15,0,0
BRDA:194,15,1,0
BRDA:216,16,0,0
BRDA:216,16,1,0
BRDA:221,17,0,0
BRDA:221,17,1,0
BRDA:236,18,0,0
BRDA:236,18,1,0
BRDA:248,19,0,0
BRDA:248,19,1,0
BRDA:249,20,0,0
BRDA:249,20,1,0
BRF:42
BRH:0
end_of_record
TN:
SF:src/app/api/payments/stripe/refund/route.ts
FN:18,POST
FN:96,GET
FN:129,(anonymous_6)
FNF:3
FNH:0
FNDA:0,POST
FNDA:0,GET
FNDA:0,(anonymous_6)
DA:2,0
DA:3,0
DA:4,0
DA:5,0
DA:7,0
DA:11,0
DA:18,0
DA:19,0
DA:20,0
DA:21,0
DA:23,0
DA:24,0
DA:27,0
DA:38,0
DA:39,0
DA:43,0
DA:52,0
DA:56,0
DA:57,0
DA:61,0
DA:64,0
DA:78,0
DA:87,0
DA:88,0
DA:91,0
DA:92,0
DA:96,0
DA:97,0
DA:98,0
DA:99,0
DA:101,0
DA:102,0
DA:104,0
DA:105,0
DA:109,0
DA:119,0
DA:120,0
DA:124,0
DA:128,0
DA:129,0
DA:140,0
DA:141,0
LF:42
LH:0
BRDA:21,0,0,0
BRDA:21,0,1,0
BRDA:38,1,0,0
BRDA:38,1,1,0
BRDA:52,2,0,0
BRDA:52,2,1,0
BRDA:56,3,0,0
BRDA:56,3,1,0
BRDA:87,4,0,0
BRDA:87,4,1,0
BRDA:99,5,0,0
BRDA:99,5,1,0
BRDA:104,6,0,0
BRDA:104,6,1,0
BRDA:119,7,0,0
BRDA:119,7,1,0
BRF:16
BRH:0
end_of_record
TN:
SF:src/app/api/payments/stripe/setup-intent/route.ts
FN:14,POST
FNF:1
FNH:0
FNDA:0,POST
DA:2,0
DA:3,0
DA:4,0
DA:6,0
DA:10,0
DA:14,0
DA:15,0
DA:16,0
DA:17,0
DA:19,0
DA:20,0
DA:23,0
DA:32,0
DA:38,0
DA:39,0
DA:42,0
DA:43,0
LF:17
LH:0
BRDA:17,0,0,0
BRDA:17,0,1,0
BRDA:38,1,0,0
BRDA:38,1,1,0
BRF:4
BRH:0
end_of_record
TN:
SF:src/app/api/payments/stripe/webhook/route.ts
FN:14,webhookHandler
FN:90,getClientIP
FN:103,isValidStripeIP
FN:113,(anonymous_5)
FN:116,handleCheckoutSessionCompleted
FN:169,handlePaymentIntentSucceeded
FN:194,handlePaymentIntentFailed
FN:222,handlePaymentMethodAttached
FN:248,handleCustomerCreated
FN:263,handleInvoicePaymentSucceeded
FN:275,handleInvoicePaymentFailed
FN:287,savePaymentMethod
FNF:12
FNH:0
FNDA:0,webhookHandler
FNDA:0,getClientIP
FNDA:0,isValidStripeIP
FNDA:0,(anonymous_5)
FNDA:0,handleCheckoutSessionCompleted
FNDA:0,handlePaymentIntentSucceeded
FNDA:0,handlePaymentIntentFailed
FNDA:0,handlePaymentMethodAttached
FNDA:0,handleCustomerCreated
FNDA:0,handleInvoicePaymentSucceeded
FNDA:0,handleInvoicePaymentFailed
FNDA:0,savePaymentMethod
DA:1,0
DA:2,0
DA:3,0
DA:4,0
DA:5,0
DA:6,0
DA:8,0
DA:12,0
DA:15,0
DA:16,0
DA:17,0
DA:18,0
DA:20,0
DA:21,0
DA:22,0
DA:23,0
DA:27,0
DA:28,0
DA:29,0
DA:30,0
DA:36,0
DA:37,0
DA:39,0
DA:40,0
DA:41,0
DA:44,0
DA:47,0
DA:49,0
DA:50,0
DA:53,0
DA:54,0
DA:57,0
DA:58,0
DA:61,0
DA:62,0
DA:65,0
DA:66,0
DA:69,0
DA:70,0
DA:73,0
DA:74,0
DA:77,0
DA:80,0
DA:83,0
DA:84,0
DA:85,0
DA:91,0
DA:92,0
DA:93,0
DA:95,0
DA:96,0
DA:99,0
DA:105,0
DA:111,0
DA:113,0
DA:117,0
DA:118,0
DA:121,0
DA:130,0
DA:131,0
DA:132,0
DA:136,0
DA:151,0
DA:152,0
DA:153,0
DA:154,0
DA:162,0
DA:165,0
DA:170,0
DA:171,0
DA:174,0
DA:187,0
DA:190,0
DA:195,0
DA:196,0
DA:199,0
DA:215,0
DA:218,0
DA:223,0
DA:224,0
DA:226,0
DA:227,0
DA:231,0
DA:232,0
DA:233,0
DA:236,0
DA:237,0
DA:238,0
DA:241,0
DA:244,0
DA:249,0
DA:250,0
DA:253,0
DA:255,0
DA:259,0
DA:264,0
DA:265,0
DA:271,0
DA:276,0
DA:277,0
DA:283,0
DA:288,0
DA:290,0
DA:293,0
DA:303,0
DA:304,0
DA:308,0
DA:329,0
DA:330,0
DA:333,0
DA:338,0
LF:111
LH:0
BRDA:20,0,0,0
BRDA:20,0,1,0
BRDA:28,1,0,0
BRDA:28,1,1,0
BRDA:47,2,0,0
BRDA:47,2,1,0
BRDA:47,2,2,0
BRDA:47,2,3,0
BRDA:47,2,4,0
BRDA:47,2,5,0
BRDA:47,2,6,0
BRDA:47,2,7,0
BRDA:95,3,0,0
BRDA:95,3,1,0
BRDA:99,4,0,0
BRDA:99,4,1,0
BRDA:99,4,2,0
BRDA:111,5,0,0
BRDA:111,5,1,0
BRDA:130,6,0,0
BRDA:130,6,1,0
BRDA:143,7,0,0
BRDA:143,7,1,0
BRDA:143,8,0,0
BRDA:143,8,1,0
BRDA:144,9,0,0
BRDA:144,9,1,0
BRDA:144,10,0,0
BRDA:144,10,1,0
BRDA:151,11,0,0
BRDA:151,11,1,0
BRDA:151,12,0,0
BRDA:151,12,1,0
BRDA:153,13,0,0
BRDA:153,13,1,0
BRDA:210,14,0,0
BRDA:210,14,1,0
BRDA:226,15,0,0
BRDA:226,15,1,0
BRDA:232,16,0,0
BRDA:232,16,1,0
BRDA:232,17,0,0
BRDA:232,17,1,0
BRDA:237,18,0,0
BRDA:237,18,1,0
BRDA:253,19,0,0
BRDA:253,19,1,0
BRDA:303,20,0,0
BRDA:303,20,1,0
BRDA:317,21,0,0
BRDA:317,21,1,0
BRF:51
BRH:0
end_of_record
TN:
SF:src/app/api/transactions/route.ts
FN:22,GET
FN:91,POST
FNF:2
FNH:0
FNDA:0,GET
FNDA:0,POST
DA:2,0
DA:3,0
DA:4,0
DA:6,0
DA:14,0
DA:22,0
DA:23,0
DA:24,0
DA:25,0
DA:27,0
DA:28,0
DA:36,0
DA:37,0
DA:38,0
DA:40,0
DA:45,0
DA:67,0
DA:69,0
DA:82,0
DA:83,0
DA:86,0
DA:87,0
DA:91,0
DA:92,0
DA:93,0
DA:94,0
DA:96,0
DA:97,0
DA:100,0
DA:107,0
DA:108,0
DA:111,0
DA:133,0
DA:136,0
DA:137,0
DA:140,0
DA:141,0
LF:37
LH:0
BRDA:25,0,0,0
BRDA:25,0,1,0
BRDA:29,1,0,0
BRDA:29,1,1,0
BRDA:30,2,0,0
BRDA:30,2,1,0
BRDA:31,3,0,0
BRDA:31,3,1,0
BRDA:32,4,0,0
BRDA:32,4,1,0
BRDA:33,5,0,0
BRDA:33,5,1,0
BRDA:42,6,0,0
BRDA:42,6,1,0
BRDA:82,7,0,0
BRDA:82,7,1,0
BRDA:94,8,0,0
BRDA:94,8,1,0
BRDA:107,9,0,0
BRDA:107,9,1,0
BRDA:136,10,0,0
BRDA:136,10,1,0
BRF:22
BRH:0
end_of_record
TN:
SF:src/app/api/transactions/[id]/route.ts
FN:12,GET
FN:56,PUT
FN:130,DELETE
FNF:3
FNH:0
FNDA:0,GET
FNDA:0,PUT
FNDA:0,DELETE
DA:2,0
DA:3,0
DA:4,0
DA:6,0
DA:12,0
DA:16,0
DA:17,0
DA:18,0
DA:20,0
DA:44,0
DA:45,0
DA:48,0
DA:51,0
DA:52,0
DA:56,0
DA:60,0
DA:61,0
DA:62,0
DA:64,0
DA:65,0
DA:68,0
DA:75,0
DA:76,0
DA:80,0
DA:81,0
DA:88,0
DA:89,0
DA:90,0
DA:94,0
DA:118,0
DA:121,0
DA:122,0
DA:125,0
DA:126,0
DA:130,0
DA:134,0
DA:135,0
DA:136,0
DA:139,0
DA:146,0
DA:147,0
DA:151,0
DA:152,0
DA:155,0
DA:161,0
DA:164,0
DA:165,0
LF:47
LH:0
BRDA:18,0,0,0
BRDA:18,0,1,0
BRDA:44,1,0,0
BRDA:44,1,1,0
BRDA:62,2,0,0
BRDA:62,2,1,0
BRDA:75,3,0,0
BRDA:75,3,1,0
BRDA:80,4,0,0
BRDA:80,4,1,0
BRDA:89,5,0,0
BRDA:89,5,1,0
BRDA:99,6,0,0
BRDA:99,6,1,0
BRDA:101,7,0,0
BRDA:101,7,1,0
BRDA:103,8,0,0
BRDA:103,8,1,0
BRDA:104,9,0,0
BRDA:104,9,1,0
BRDA:104,10,0,0
BRDA:104,10,1,0
BRDA:121,11,0,0
BRDA:121,11,1,0
BRDA:136,12,0,0
BRDA:136,12,1,0
BRDA:146,13,0,0
BRDA:146,13,1,0
BRDA:151,14,0,0
BRDA:151,14,1,0
BRF:30
BRH:0
end_of_record
TN:
SF:src/app/api/transactions/[id]/receipt/route.ts
FN:5,GET
FN:112,getLastFour
FN:127,generateHTMLReceipt
FNF:3
FNH:0
FNDA:0,GET
FNDA:0,getLastFour
FNDA:0,generateHTMLReceipt
DA:1,0
DA:2,0
DA:3,0
DA:5,0
DA:9,0
DA:10,0
DA:11,0
DA:13,0
DA:14,0
DA:16,0
DA:40,0
DA:41,0
DA:45,0
DA:46,0
DA:49,0
DA:50,0
DA:52,0
DA:89,0
DA:91,0
DA:100,0
DA:103,0
DA:107,0
DA:108,0
DA:113,0
DA:114,0
DA:115,0
DA:117,0
DA:118,0
DA:120,0
DA:121,0
DA:124,0
DA:128,0
DA:130,0
LF:33
LH:0
BRDA:11,0,0,0
BRDA:11,0,1,0
BRDA:14,1,0,0
BRDA:14,1,1,0
BRDA:40,2,0,0
BRDA:40,2,1,0
BRDA:45,3,0,0
BRDA:45,3,1,0
BRDA:49,4,0,0
BRDA:49,4,1,0
BRDA:55,5,0,0
BRDA:55,5,1,0
BRDA:57,6,0,0
BRDA:57,6,1,0
BRDA:63,7,0,0
BRDA:63,7,1,0
BRDA:72,8,0,0
BRDA:72,8,1,0
BRDA:89,9,0,0
BRDA:89,9,1,0
BRDA:89,9,2,0
BRDA:113,10,0,0
BRDA:113,10,1,0
BRDA:113,11,0,0
BRDA:113,11,1,0
BRDA:114,12,0,0
BRDA:114,12,1,0
BRDA:117,13,0,0
BRDA:117,13,1,0
BRDA:120,14,0,0
BRDA:120,14,1,0
BRDA:244,15,0,0
BRDA:244,15,1,0
BRDA:305,16,0,0
BRDA:305,16,1,0
BRF:35
BRH:0
end_of_record
TN:
SF:src/app/api/transactions/[id]/refund/route.ts
FN:12,POST
FN:119,GET
FNF:2
FNH:0
FNDA:0,POST
FNDA:0,GET
DA:2,0
DA:3,0
DA:4,0
DA:6,0
DA:12,0
DA:16,0
DA:17,0
DA:18,0
DA:20,0
DA:21,0
DA:24,0
DA:34,0
DA:35,0
DA:39,0
DA:40,0
DA:44,0
DA:45,0
DA:49,0
DA:50,0
DA:51,0
DA:55,0
DA:65,0
DA:98,0
DA:110,0
DA:111,0
DA:114,0
DA:115,0
DA:119,0
DA:123,0
DA:124,0
DA:125,0
DA:127,0
DA:134,0
DA:135,0
DA:138,0
DA:139,0
DA:141,0
DA:142,0
DA:145,0
DA:159,0
DA:160,0
LF:41
LH:0
BRDA:18,0,0,0
BRDA:18,0,1,0
BRDA:34,1,0,0
BRDA:34,1,1,0
BRDA:39,2,0,0
BRDA:39,2,1,0
BRDA:44,3,0,0
BRDA:44,3,1,0
BRDA:49,4,0,0
BRDA:49,4,1,0
BRDA:50,5,0,0
BRDA:50,5,1,0
BRDA:61,6,0,0
BRDA:61,6,1,0
BRDA:72,7,0,0
BRDA:72,7,1,0
BRDA:110,8,0,0
BRDA:110,8,1,0
BRDA:125,9,0,0
BRDA:125,9,1,0
BRDA:134,10,0,0
BRDA:134,10,1,0
BRDA:138,11,0,0
BRDA:138,11,1,0
BRDA:141,12,0,0
BRDA:141,12,1,0
BRDA:151,13,0,0
BRDA:151,13,1,0
BRF:28
BRH:0
end_of_record
TN:
SF:src/app/api/transactions/bulk/route.ts
FN:18,POST
FN:84,processBulkRefunds
FN:148,processBulkCancellations
FN:206,exportTransactions
FN:212,(anonymous_5)
FN:216,(anonymous_6)
FN:271,convertToCSV
FN:277,(anonymous_8)
FN:278,(anonymous_9)
FNF:9
FNH:0
FNDA:0,POST
FNDA:0,processBulkRefunds
FNDA:0,processBulkCancellations
FNDA:0,exportTransactions
FNDA:0,(anonymous_5)
FNDA:0,(anonymous_6)
FNDA:0,convertToCSV
FNDA:0,(anonymous_8)
FNDA:0,(anonymous_9)
DA:2,0
DA:3,0
DA:4,0
DA:6,0
DA:12,0
DA:18,0
DA:19,0
DA:20,0
DA:21,0
DA:23,0
DA:24,0
DA:27,0
DA:51,0
DA:52,0
DA:57,0
DA:59,0
DA:60,0
DA:62,0
DA:63,0
DA:65,0
DA:66,0
DA:67,0
DA:69,0
DA:72,0
DA:75,0
DA:76,0
DA:79,0
DA:80,0
DA:85,0
DA:90,0
DA:92,0
DA:93,0
DA:95,0
DA:96,0
DA:100,0
DA:104,0
DA:114,0
DA:125,0
DA:132,0
DA:139,0
DA:149,0
DA:154,0
DA:156,0
DA:157,0
DA:159,0
DA:160,0
DA:164,0
DA:168,0
DA:184,0
DA:190,0
DA:197,0
DA:207,0
DA:210,0
DA:211,0
DA:212,0
DA:216,0
DA:217,0
DA:218,0
DA:220,0
DA:235,0
DA:236,0
DA:244,0
DA:245,0
DA:250,0
DA:253,0
DA:254,0
DA:255,0
DA:263,0
DA:272,0
DA:274,0
DA:275,0
DA:277,0
DA:278,0
DA:279,0
DA:280,0
DA:281,0
DA:282,0
DA:284,0
DA:288,0
LF:79
LH:0
BRDA:21,0,0,0
BRDA:21,0,1,0
BRDA:51,1,0,0
BRDA:51,1,1,0
BRDA:57,2,0,0
BRDA:57,2,1,0
BRDA:57,2,2,0
BRDA:57,2,3,0
BRDA:65,3,0,0
BRDA:65,3,1,0
BRDA:75,4,0,0
BRDA:75,4,1,0
BRDA:90,5,0,0
BRDA:90,5,1,0
BRDA:95,6,0,0
BRDA:95,6,1,0
BRDA:119,7,0,0
BRDA:119,7,1,0
BRDA:134,8,0,0
BRDA:134,8,1,0
BRDA:154,9,0,0
BRDA:154,9,1,0
BRDA:159,10,0,0
BRDA:159,10,1,0
BRDA:173,11,0,0
BRDA:173,11,1,0
BRDA:192,12,0,0
BRDA:192,12,1,0
BRDA:211,13,0,0
BRDA:211,13,1,0
BRDA:217,14,0,0
BRDA:217,14,1,0
BRDA:235,15,0,0
BRDA:235,15,1,0
BRDA:244,16,0,0
BRDA:244,16,1,0
BRDA:253,17,0,0
BRDA:253,17,1,0
BRDA:272,18,0,0
BRDA:272,18,1,0
BRDA:280,19,0,0
BRDA:280,19,1,0
BRDA:280,20,0,0
BRDA:280,20,1,0
BRDA:281,21,0,0
BRDA:281,21,1,0
BRDA:281,22,0,0
BRDA:281,22,1,0
BRDA:281,22,2,0
BRDA:281,22,3,0
BRF:50
BRH:0
end_of_record
TN:
SF:src/app/api/transactions/history/route.ts
FN:21,GET
FN:120,(anonymous_2)
FN:165,generateAnalytics
FN:204,(anonymous_4)
FN:233,(anonymous_5)
FN:254,(anonymous_6)
FN:255,(anonymous_7)
FN:256,(anonymous_8)
FN:266,(anonymous_9)
FN:271,(anonymous_10)
FN:272,(anonymous_11)
FN:282,(anonymous_12)
FN:283,(anonymous_13)
FN:289,(anonymous_14)
FN:290,(anonymous_15)
FNF:15
FNH:0
FNDA:0,GET
FNDA:0,(anonymous_2)
FNDA:0,generateAnalytics
FNDA:0,(anonymous_4)
FNDA:0,(anonymous_5)
FNDA:0,(anonymous_6)
FNDA:0,(anonymous_7)
FNDA:0,(anonymous_8)
FNDA:0,(anonymous_9)
FNDA:0,(anonymous_10)
FNDA:0,(anonymous_11)
FNDA:0,(anonymous_12)
FNDA:0,(anonymous_13)
FNDA:0,(anonymous_14)
FNDA:0,(anonymous_15)
DA:2,0
DA:3,0
DA:4,0
DA:6,0
DA:21,0
DA:22,0
DA:23,0
DA:24,0
DA:26,0
DA:27,0
DA:41,0
DA:43,0
DA:44,0
DA:45,0
DA:48,0
DA:53,0
DA:54,0
DA:58,0
DA:59,0
DA:60,0
DA:61,0
DA:63,0
DA:64,0
DA:69,0
DA:70,0
DA:71,0
DA:72,0
DA:74,0
DA:75,0
DA:80,0
DA:81,0
DA:88,0
DA:89,0
DA:95,0
DA:117,0
DA:119,0
DA:120,0
DA:148,0
DA:149,0
DA:150,0
DA:153,0
DA:156,0
DA:157,0
DA:160,0
DA:161,0
DA:166,0
DA:168,0
DA:171,0
DA:176,0
DA:188,0
DA:200,0
DA:204,0
DA:215,0
DA:216,0
DA:218,0
DA:233,0
DA:234,0
DA:235,0
DA:236,0
DA:243,0
DA:244,0
DA:245,0
DA:246,0
DA:247,0
DA:248,0
DA:250,0
DA:254,0
DA:255,0
DA:256,0
DA:258,0
DA:266,0
DA:272,0
DA:273,0
DA:282,0
DA:283,0
DA:289,0
DA:290,0
DA:294,0
DA:295,0
LF:79
LH:0
BRDA:24,0,0,0
BRDA:24,0,1,0
BRDA:53,1,0,0
BRDA:53,1,1,0
BRDA:58,2,0,0
BRDA:58,2,1,0
BRDA:58,3,0,0
BRDA:58,3,1,0
BRDA:60,4,0,0
BRDA:60,4,1,0
BRDA:63,5,0,0
BRDA:63,5,1,0
BRDA:69,6,0,0
BRDA:69,6,1,0
BRDA:69,7,0,0
BRDA:69,7,1,0
BRDA:71,8,0,0
BRDA:71,8,1,0
BRDA:74,9,0,0
BRDA:74,9,1,0
BRDA:80,10,0,0
BRDA:80,10,1,0
BRDA:88,11,0,0
BRDA:88,11,1,0
BRDA:124,12,0,0
BRDA:124,12,1,0
BRDA:124,13,0,0
BRDA:124,13,1,0
BRDA:148,14,0,0
BRDA:148,14,1,0
BRDA:156,15,0,0
BRDA:156,15,1,0
BRDA:235,16,0,0
BRDA:235,16,1,0
BRDA:245,17,0,0
BRDA:245,17,1,0
BRDA:247,18,0,0
BRDA:247,18,1,0
BRDA:254,19,0,0
BRDA:254,19,1,0
BRDA:255,20,0,0
BRDA:255,20,1,0
BRDA:256,21,0,0
BRDA:256,21,1,0
BRDA:269,22,0,0
BRDA:269,22,1,0
BRDA:275,23,0,0
BRDA:275,23,1,0
BRDA:276,24,0,0
BRDA:276,24,1,0
BRDA:278,25,0,0
BRDA:278,25,1,0
BRDA:288,26,0,0
BRDA:288,26,1,0
BRDA:289,27,0,0
BRDA:289,27,1,0
BRDA:290,28,0,0
BRDA:290,28,1,0
BRF:58
BRH:0
end_of_record
TN:
SF:src/app/api/users/profile/route.ts
FN:9,getProfileHandler
FN:66,updateProfileHandler
FN:133,deleteProfileHandler
FNF:3
FNH:0
FNDA:0,getProfileHandler
FNDA:0,updateProfileHandler
FNDA:0,deleteProfileHandler
DA:2,0
DA:3,0
DA:4,0
DA:5,0
DA:6,0
DA:7,0
DA:10,0
DA:11,0
DA:12,0
DA:15,0
DA:16,0
DA:17,0
DA:20,0
DA:54,0
DA:55,0
DA:58,0
DA:61,0
DA:62,0
DA:67,0
DA:68,0
DA:69,0
DA:72,0
DA:73,0
DA:74,0
DA:78,0
DA:79,0
DA:80,0
DA:81,0
DA:85,0
DA:86,0
DA:88,0
DA:91,0
DA:92,0
DA:101,0
DA:102,0
DA:106,0
DA:121,0
DA:124,0
DA:125,0
DA:128,0
DA:129,0
DA:134,0
DA:135,0
DA:136,0
DA:139,0
DA:140,0
DA:141,0
DA:145,0
DA:146,0
DA:147,0
DA:151,0
DA:154,0
DA:158,0
DA:161,0
DA:162,0
DA:163,0
DA:168,0
DA:169,0
DA:170,0
LF:59
LH:0
BRDA:12,0,0,0
BRDA:12,0,1,0
BRDA:15,1,0,0
BRDA:15,1,1,0
BRDA:54,2,0,0
BRDA:54,2,1,0
BRDA:69,3,0,0
BRDA:69,3,1,0
BRDA:72,4,0,0
BRDA:72,4,1,0
BRDA:79,5,0,0
BRDA:79,5,1,0
BRDA:86,6,0,0
BRDA:86,6,1,0
BRDA:91,7,0,0
BRDA:91,7,1,0
BRDA:101,8,0,0
BRDA:101,8,1,0
BRDA:109,9,0,0
BRDA:109,9,1,0
BRDA:110,10,0,0
BRDA:110,10,1,0
BRDA:124,11,0,0
BRDA:124,11,1,0
BRDA:136,12,0,0
BRDA:136,12,1,0
BRDA:139,13,0,0
BRDA:139,13,1,0
BRDA:145,14,0,0
BRDA:145,14,1,0
BRF:30
BRH:0
end_of_record
TN:
SF:src/app/api/webauthn/authenticate-options/route.ts
FN:7,POST
FN:26,(anonymous_2)
FNF:2
FNH:0
FNDA:0,POST
FNDA:0,(anonymous_2)
DA:2,0
DA:3,0
DA:4,0
DA:7,0
DA:8,0
DA:10,0
DA:11,0
DA:14,0
DA:21,0
DA:22,0
DA:26,0
DA:32,0
DA:40,0
DA:48,0
DA:57,0
DA:64,0
DA:72,0
DA:78,0
LF:18
LH:0
BRDA:11,0,0,0
BRDA:11,0,1,0
BRDA:21,1,0,0
BRDA:21,1,1,0
BRDA:44,2,0,0
BRDA:44,2,1,0
BRDA:73,3,0,0
BRDA:73,3,1,0
BRDA:74,4,0,0
BRDA:74,4,1,0
BRF:10
BRH:0
end_of_record
TN:
SF:src/app/api/webauthn/authenticate-verify/route.ts
FN:23,POST
FNF:1
FNH:0
FNDA:0,POST
DA:2,0
DA:3,0
DA:4,0
DA:5,0
DA:6,0
DA:8,0
DA:23,0
DA:24,0
DA:25,0
DA:26,0
DA:29,0
DA:45,0
DA:46,0
DA:50,0
DA:52,0
DA:53,0
DA:56,0
DA:68,0
DA:69,0
DA:73,0
DA:79,0
DA:87,0
DA:89,0
DA:96,0
DA:97,0
DA:100,0
DA:101,0
LF:27
LH:0
BRDA:45,0,0,0
BRDA:45,0,1,0
BRDA:52,1,0,0
BRDA:52,1,1,0
BRDA:59,2,0,0
BRDA:59,2,1,0
BRDA:60,3,0,0
BRDA:60,3,1,0
BRDA:68,4,0,0
BRDA:68,4,1,0
BRDA:96,5,0,0
BRDA:96,5,1,0
BRF:12
BRH:0
end_of_record
TN:
SF:src/app/api/webauthn/authenticate/complete/route.ts
FN:25,POST
FNF:1
FNH:0
FNDA:0,POST
DA:2,0
DA:3,0
DA:4,0
DA:5,0
DA:6,0
DA:7,0
DA:9,0
DA:25,0
DA:26,0
DA:27,0
DA:28,0
DA:31,0
DA:47,0
DA:48,0
DA:52,0
DA:53,0
DA:57,0
DA:66,0
DA:68,0
DA:70,0
DA:71,0
DA:74,0
DA:76,0
DA:81,0
DA:82,0
DA:86,0
DA:99,0
DA:100,0
DA:105,0
DA:109,0
DA:114,0
DA:120,0
DA:121,0
DA:128,0
DA:132,0
DA:139,0
DA:147,0
DA:164,0
DA:178,0
DA:180,0
DA:201,0
DA:202,0
DA:203,0
DA:206,0
DA:212,0
LF:45
LH:0
BRDA:47,0,0,0
BRDA:47,0,1,0
BRDA:52,1,0,0
BRDA:52,1,1,0
BRDA:52,2,0,0
BRDA:52,2,1,0
BRDA:68,3,0,0
BRDA:68,3,1,0
BRDA:81,4,0,0
BRDA:81,4,1,0
BRDA:89,5,0,0
BRDA:89,5,1,0
BRDA:90,6,0,0
BRDA:90,6,1,0
BRDA:99,7,0,0
BRDA:99,7,1,0
BRDA:110,8,0,0
BRDA:110,8,1,0
BRDA:120,9,0,0
BRDA:120,9,1,0
BRDA:128,10,0,0
BRDA:128,10,1,0
BRDA:201,11,0,0
BRDA:201,11,1,0
BRDA:207,12,0,0
BRDA:207,12,1,0
BRDA:208,13,0,0
BRDA:208,13,1,0
BRF:28
BRH:0
end_of_record
TN:
SF:src/app/api/webauthn/authenticate/start/route.ts
FN:14,POST
FN:51,(anonymous_2)
FN:59,(anonymous_3)
FN:81,(anonymous_4)
FN:89,(anonymous_5)
FNF:5
FNH:0
FNDA:0,POST
FNDA:0,(anonymous_2)
FNDA:0,(anonymous_3)
FNDA:0,(anonymous_4)
FNDA:0,(anonymous_5)
DA:2,0
DA:3,0
DA:5,0
DA:7,0
DA:9,0
DA:14,0
DA:15,0
DA:16,0
DA:17,0
DA:20,0
DA:28,0
DA:29,0
DA:31,0
DA:33,0
DA:40,0
DA:41,0
DA:42,0
DA:45,0
DA:46,0
DA:47,0
DA:51,0
DA:56,0
DA:59,0
DA:61,0
DA:63,0
DA:70,0
DA:71,0
DA:72,0
DA:75,0
DA:76,0
DA:77,0
DA:81,0
DA:86,0
DA:89,0
DA:93,0
DA:94,0
DA:95,0
DA:99,0
DA:107,0
DA:119,0
DA:120,0
DA:129,0
DA:138,0
DA:148,0
DA:149,0
DA:150,0
DA:153,0
DA:159,0
LF:48
LH:0
BRDA:21,0,0,0
BRDA:21,0,1,0
BRDA:22,1,0,0
BRDA:22,1,1,0
BRDA:31,2,0,0
BRDA:31,2,1,0
BRDA:40,3,0,0
BRDA:40,3,1,0
BRDA:45,4,0,0
BRDA:45,4,1,0
BRDA:61,5,0,0
BRDA:61,5,1,0
BRDA:70,6,0,0
BRDA:70,6,1,0
BRDA:75,7,0,0
BRDA:75,7,1,0
BRDA:93,8,0,0
BRDA:93,8,1,0
BRDA:101,9,0,0
BRDA:101,9,1,0
BRDA:103,10,0,0
BRDA:103,10,1,0
BRDA:110,11,0,0
BRDA:110,11,1,0
BRDA:119,12,0,0
BRDA:119,12,1,0
BRDA:132,13,0,0
BRDA:132,13,1,0
BRDA:141,14,0,0
BRDA:141,14,1,0
BRDA:148,15,0,0
BRDA:148,15,1,0
BRDA:154,16,0,0
BRDA:154,16,1,0
BRDA:155,17,0,0
BRDA:155,17,1,0
BRF:36
BRH:0
end_of_record
TN:
SF:src/app/api/webauthn/credentials/route.ts
FN:5,GET
FN:35,(anonymous_4)
FN:59,DELETE
FN:110,getFriendlyCredentialName
FNF:4
FNH:0
FNDA:0,GET
FNDA:0,(anonymous_4)
FNDA:0,DELETE
FNDA:0,getFriendlyCredentialName
DA:2,0
DA:3,0
DA:5,0
DA:6,0
DA:7,0
DA:8,0
DA:11,0
DA:30,0
DA:31,0
DA:35,0
DA:47,0
DA:54,0
DA:55,0
DA:59,0
DA:60,0
DA:61,0
DA:62,0
DA:64,0
DA:65,0
DA:67,0
DA:68,0
DA:72,0
DA:79,0
DA:80,0
DA:84,0
DA:89,0
DA:96,0
DA:102,0
DA:103,0
DA:111,0
DA:112,0
DA:115,0
DA:117,0
DA:119,0
DA:121,0
LF:35
LH:0
BRDA:8,0,0,0
BRDA:8,0,1,0
BRDA:30,1,0,0
BRDA:30,1,1,0
BRDA:38,2,0,0
BRDA:38,2,1,0
BRDA:39,3,0,0
BRDA:39,3,1,0
BRDA:62,4,0,0
BRDA:62,4,1,0
BRDA:67,5,0,0
BRDA:67,5,1,0
BRDA:79,6,0,0
BRDA:79,6,1,0
BRDA:111,7,0,0
BRDA:111,7,1,0
BRDA:112,8,0,0
BRDA:112,8,1,0
BRDA:115,9,0,0
BRDA:115,9,1,0
BRDA:115,9,2,0
BRDA:121,10,0,0
BRDA:121,10,1,0
BRF:23
BRH:0
end_of_record
TN:
SF:src/app/api/webauthn/login/route.ts
FN:27,POST
FN:132,GET
FN:163,(anonymous_5)
FNF:3
FNH:0
FNDA:0,POST
FNDA:0,GET
FNDA:0,(anonymous_5)
DA:2,0
DA:3,0
DA:4,0
DA:5,0
DA:7,0
DA:10,0
DA:27,0
DA:28,0
DA:29,0
DA:30,0
DA:33,0
DA:48,0
DA:49,0
DA:53,0
DA:54,0
DA:59,0
DA:60,0
DA:63,0
DA:65,0
DA:69,0
DA:82,0
DA:83,0
DA:87,0
DA:95,0
DA:98,0
DA:103,0
DA:119,0
DA:120,0
DA:126,0
DA:127,0
DA:132,0
DA:133,0
DA:134,0
DA:135,0
DA:137,0
DA:139,0
DA:141,0
DA:155,0
DA:156,0
DA:159,0
DA:160,0
DA:163,0
DA:171,0
DA:178,0
DA:184,0
DA:185,0
LF:46
LH:0
BRDA:48,0,0,0
BRDA:48,0,1,0
BRDA:53,1,0,0
BRDA:53,1,1,0
BRDA:53,2,0,0
BRDA:53,2,1,0
BRDA:72,3,0,0
BRDA:72,3,1,0
BRDA:73,4,0,0
BRDA:73,4,1,0
BRDA:82,5,0,0
BRDA:82,5,1,0
BRDA:119,6,0,0
BRDA:119,6,1,0
BRDA:139,7,0,0
BRDA:139,7,1,0
BRDA:155,8,0,0
BRDA:155,8,1,0
BRDA:159,9,0,0
BRDA:159,9,1,0
BRDA:175,10,0,0
BRDA:175,10,1,0
BRF:22
BRH:0
end_of_record
TN:
SF:src/app/api/webauthn/register/route.ts
FN:29,POST
FN:65,handleRegistrationInitiation
FN:68,(anonymous_3)
FN:110,handleRegistrationVerification
FNF:4
FNH:0
FNDA:0,POST
FNDA:0,handleRegistrationInitiation
FNDA:0,(anonymous_3)
FNDA:0,handleRegistrationVerification
DA:2,0
DA:3,0
DA:4,0
DA:5,0
DA:8,0
DA:13,0
DA:27,0
DA:29,0
DA:30,0
DA:31,0
DA:32,0
DA:34,0
DA:35,0
DA:38,0
DA:45,0
DA:46,0
DA:49,0
DA:50,0
DA:52,0
DA:56,0
DA:57,0
DA:60,0
DA:61,0
DA:66,0
DA:68,0
DA:74,0
DA:92,0
DA:99,0
DA:105,0
DA:106,0
DA:111,0
DA:113,0
DA:114,0
DA:118,0
DA:126,0
DA:127,0
DA:130,0
DA:133,0
DA:137,0
DA:138,0
DA:142,0
DA:167,0
DA:176,0
DA:188,0
DA:189,0
LF:45
LH:0
BRDA:32,0,0,0
BRDA:32,0,1,0
BRDA:45,1,0,0
BRDA:45,1,1,0
BRDA:49,2,0,0
BRDA:49,2,1,0
BRDA:56,3,0,0
BRDA:56,3,1,0
BRDA:75,4,0,0
BRDA:75,4,1,0
BRDA:76,5,0,0
BRDA:76,5,1,0
BRDA:79,6,0,0
BRDA:79,6,1,0
BRDA:113,7,0,0
BRDA:113,7,1,0
BRDA:121,8,0,0
BRDA:121,8,1,0
BRDA:122,9,0,0
BRDA:122,9,1,0
BRDA:126,10,0,0
BRDA:126,10,1,0
BRDA:126,11,0,0
BRDA:126,11,1,0
BRDA:137,12,0,0
BRDA:137,12,1,0
BRF:26
BRH:0
end_of_record
TN:
SF:src/app/api/webauthn/register-options/route.ts
FN:6,POST
FN:34,(anonymous_2)
FNF:2
FNH:0
FNDA:0,POST
FNDA:0,(anonymous_2)
DA:2,0
DA:3,0
DA:4,0
DA:6,0
DA:7,0
DA:8,0
DA:9,0
DA:12,0
DA:19,0
DA:20,0
DA:21,0
DA:25,0
DA:34,0
DA:39,0
DA:60,0
DA:72,0
DA:80,0
DA:88,0
DA:96,0
DA:102,0
LF:20
LH:0
BRDA:9,0,0,0
BRDA:9,0,1,0
BRDA:19,1,0,0
BRDA:19,1,1,0
BRDA:40,2,0,0
BRDA:40,2,1,0
BRDA:41,3,0,0
BRDA:41,3,1,0
BRDA:44,4,0,0
BRDA:44,4,1,0
BRDA:97,5,0,0
BRDA:97,5,1,0
BRDA:98,6,0,0
BRDA:98,6,1,0
BRF:14
BRH:0
end_of_record
TN:
SF:src/app/api/webauthn/register-verify/route.ts
FN:20,POST
FNF:1
FNH:0
FNDA:0,POST
DA:2,0
DA:3,0
DA:4,0
DA:5,0
DA:7,0
DA:20,0
DA:21,0
DA:22,0
DA:23,0
DA:25,0
DA:26,0
DA:29,0
DA:39,0
DA:40,0
DA:44,0
DA:46,0
DA:47,0
DA:50,0
DA:57,0
DA:58,0
DA:61,0
DA:64,0
DA:68,0
DA:69,0
DA:73,0
DA:88,0
DA:95,0
DA:101,0
DA:102,0
DA:105,0
DA:106,0
LF:31
LH:0
BRDA:23,0,0,0
BRDA:23,0,1,0
BRDA:39,1,0,0
BRDA:39,1,1,0
BRDA:46,2,0,0
BRDA:46,2,1,0
BRDA:53,3,0,0
BRDA:53,3,1,0
BRDA:54,4,0,0
BRDA:54,4,1,0
BRDA:57,5,0,0
BRDA:57,5,1,0
BRDA:57,6,0,0
BRDA:57,6,1,0
BRDA:68,7,0,0
BRDA:68,7,1,0
BRDA:101,8,0,0
BRDA:101,8,1,0
BRF:18
BRH:0
end_of_record
TN:
SF:src/app/api/webauthn/register/complete/route.ts
FN:22,POST
FNF:1
FNH:0
FNDA:0,POST
DA:2,0
DA:3,0
DA:4,0
DA:5,0
DA:7,0
DA:9,0
DA:22,0
DA:23,0
DA:24,0
DA:25,0
DA:27,0
DA:28,0
DA:31,0
DA:35,0
DA:36,0
DA:40,0
DA:41,0
DA:45,0
DA:54,0
DA:62,0
DA:63,0
DA:66,0
DA:69,0
DA:74,0
DA:80,0
DA:81,0
DA:88,0
DA:92,0
DA:100,0
DA:104,0
DA:105,0
DA:109,0
DA:134,0
DA:140,0
DA:158,0
DA:171,0
DA:188,0
DA:189,0
DA:190,0
DA:193,0
DA:199,0
LF:41
LH:0
BRDA:25,0,0,0
BRDA:25,0,1,0
BRDA:35,1,0,0
BRDA:35,1,1,0
BRDA:40,2,0,0
BRDA:40,2,1,0
BRDA:57,3,0,0
BRDA:57,3,1,0
BRDA:58,4,0,0
BRDA:58,4,1,0
BRDA:62,5,0,0
BRDA:62,5,1,0
BRDA:62,6,0,0
BRDA:62,6,1,0
BRDA:70,7,0,0
BRDA:70,7,1,0
BRDA:80,8,0,0
BRDA:80,8,1,0
BRDA:88,9,0,0
BRDA:88,9,1,0
BRDA:104,10,0,0
BRDA:104,10,1,0
BRDA:188,11,0,0
BRDA:188,11,1,0
BRDA:194,12,0,0
BRDA:194,12,1,0
BRDA:195,13,0,0
BRDA:195,13,1,0
BRF:28
BRH:0
end_of_record
TN:
SF:src/app/api/webauthn/register/start/route.ts
FN:8,POST
FN:36,(anonymous_2)
FNF:2
FNH:0
FNDA:0,POST
FNDA:0,(anonymous_2)
DA:2,0
DA:3,0
DA:5,0
DA:8,0
DA:9,0
DA:10,0
DA:11,0
DA:14,0
DA:21,0
DA:22,0
DA:23,0
DA:27,0
DA:36,0
DA:43,0
DA:64,0
DA:76,0
DA:84,0
DA:92,0
DA:101,0
DA:107,0
LF:20
LH:0
BRDA:11,0,0,0
BRDA:11,0,1,0
BRDA:21,1,0,0
BRDA:21,1,1,0
BRDA:44,2,0,0
BRDA:44,2,1,0
BRDA:45,3,0,0
BRDA:45,3,1,0
BRDA:48,4,0,0
BRDA:48,4,1,0
BRDA:102,5,0,0
BRDA:102,5,1,0
BRDA:103,6,0,0
BRDA:103,6,1,0
BRF:14
BRH:0
end_of_record
TN:
SF:src/app/auth/page.tsx
FN:10,AuthPage
FN:24,(anonymous_6)
FN:51,(anonymous_7)
FN:59,(anonymous_8)
FN:63,(anonymous_9)
FN:100,(anonymous_10)
FN:110,(anonymous_11)
FN:120,(anonymous_12)
FN:191,(anonymous_13)
FN:191,(anonymous_14)
FN:210,(anonymous_15)
FN:210,(anonymous_16)
FN:233,(anonymous_17)
FN:233,(anonymous_18)
FN:255,(anonymous_19)
FN:255,(anonymous_20)
FN:260,(anonymous_21)
FN:285,(anonymous_22)
FN:285,(anonymous_23)
FN:290,(anonymous_24)
FN:354,(anonymous_25)
FNF:21
FNH:0
FNDA:0,AuthPage
FNDA:0,(anonymous_6)
FNDA:0,(anonymous_7)
FNDA:0,(anonymous_8)
FNDA:0,(anonymous_9)
FNDA:0,(anonymous_10)
FNDA:0,(anonymous_11)
FNDA:0,(anonymous_12)
FNDA:0,(anonymous_13)
FNDA:0,(anonymous_14)
FNDA:0,(anonymous_15)
FNDA:0,(anonymous_16)
FNDA:0,(anonymous_17)
FNDA:0,(anonymous_18)
FNDA:0,(anonymous_19)
FNDA:0,(anonymous_20)
FNDA:0,(anonymous_21)
FNDA:0,(anonymous_22)
FNDA:0,(anonymous_23)
FNDA:0,(anonymous_24)
FNDA:0,(anonymous_25)
DA:3,0
DA:4,0
DA:5,0
DA:6,0
DA:7,0
DA:8,0
DA:10,0
DA:11,0
DA:12,0
DA:13,0
DA:14,0
DA:15,0
DA:22,0
DA:24,0
DA:25,0
DA:27,0
DA:28,0
DA:29,0
DA:30,0
DA:33,0
DA:34,0
DA:35,0
DA:36,0
DA:39,0
DA:40,0
DA:41,0
DA:42,0
DA:43,0
DA:47,0
DA:48,0
DA:51,0
DA:52,0
DA:53,0
DA:55,0
DA:59,0
DA:60,0
DA:63,0
DA:64,0
DA:66,0
DA:100,0
DA:110,0
DA:120,0
DA:191,0
DA:210,0
DA:233,0
DA:255,0
DA:260,0
DA:285,0
DA:290,0
DA:354,0
LF:50
LH:0
BRDA:27,0,0,0
BRDA:27,0,1,0
BRDA:29,1,0,0
BRDA:29,1,1,0
BRDA:33,2,0,0
BRDA:33,2,1,0
BRDA:35,3,0,0
BRDA:35,3,1,0
BRDA:39,4,0,0
BRDA:39,4,1,0
BRDA:40,5,0,0
BRDA:40,5,1,0
BRDA:41,6,0,0
BRDA:41,6,1,0
BRDA:42,7,0,0
BRDA:42,7,1,0
BRDA:53,8,0,0
BRDA:53,8,1,0
BRDA:88,9,0,0
BRDA:88,9,1,0
BRDA:88,10,0,0
BRDA:88,10,1,0
BRDA:91,11,0,0
BRDA:91,11,1,0
BRDA:92,12,0,0
BRDA:92,12,1,0
BRDA:102,13,0,0
BRDA:102,13,1,0
BRDA:112,14,0,0
BRDA:112,14,1,0
BRDA:122,15,0,0
BRDA:122,15,1,0
BRDA:133,16,0,0
BRDA:133,16,1,0
BRDA:153,17,0,0
BRDA:153,17,1,0
BRDA:167,18,0,0
BRDA:167,18,1,0
BRDA:167,18,2,0
BRDA:170,19,0,0
BRDA:170,19,1,0
BRDA:172,20,0,0
BRDA:172,20,1,0
BRDA:177,21,0,0
BRDA:188,22,0,0
BRDA:188,22,1,0
BRDA:195,23,0,0
BRDA:207,24,0,0
BRDA:207,24,1,0
BRDA:213,25,0,0
BRDA:230,26,0,0
BRDA:230,26,1,0
BRDA:237,27,0,0
BRDA:250,28,0,0
BRDA:250,28,1,0
BRDA:252,29,0,0
BRDA:252,29,1,0
BRDA:263,30,0,0
BRDA:266,31,0,0
BRDA:272,32,0,0
BRDA:280,33,0,0
BRDA:280,33,1,0
BRDA:282,34,0,0
BRDA:282,34,1,0
BRDA:293,35,0,0
BRDA:296,36,0,0
BRDA:303,37,0,0
BRDA:313,38,0,0
BRDA:313,38,1,0
BRDA:317,39,0,0
BRDA:333,40,0,0
BRDA:333,40,1,0
BRF:72
BRH:0
end_of_record
TN:
SF:src/app/biometric/page.tsx
FN:40,BiometricDemoPage
FN:51,(anonymous_5)
FN:58,(anonymous_6)
FN:62,(anonymous_7)
FN:156,(anonymous_8)
FN:188,(anonymous_9)
FN:278,(anonymous_10)
FN:283,(anonymous_11)
FN:373,(anonymous_12)
FN:378,(anonymous_13)
FN:413,(anonymous_14)
FN:419,(anonymous_15)
FN:449,(anonymous_16)
FN:450,(anonymous_17)
FN:459,(anonymous_18)
FN:465,(anonymous_19)
FN:473,(anonymous_20)
FN:476,(anonymous_21)
FN:677,(anonymous_22)
FN:691,(anonymous_23)
FN:769,(anonymous_24)
FNF:21
FNH:0
FNDA:0,BiometricDemoPage
FNDA:0,(anonymous_5)
FNDA:0,(anonymous_6)
FNDA:0,(anonymous_7)
FNDA:0,(anonymous_8)
FNDA:0,(anonymous_9)
FNDA:0,(anonymous_10)
FNDA:0,(anonymous_11)
FNDA:0,(anonymous_12)
FNDA:0,(anonymous_13)
FNDA:0,(anonymous_14)
FNDA:0,(anonymous_15)
FNDA:0,(anonymous_16)
FNDA:0,(anonymous_17)
FNDA:0,(anonymous_18)
FNDA:0,(anonymous_19)
FNDA:0,(anonymous_20)
FNDA:0,(anonymous_21)
FNDA:0,(anonymous_22)
FNDA:0,(anonymous_23)
FNDA:0,(anonymous_24)
DA:3,0
DA:4,0
DA:5,0
DA:6,0
DA:40,0
DA:41,0
DA:42,0
DA:43,0
DA:44,0
DA:45,0
DA:46,0
DA:47,0
DA:48,0
DA:51,0
DA:52,0
DA:58,0
DA:62,0
DA:63,0
DA:65,0
DA:66,0
DA:67,0
DA:70,0
DA:71,0
DA:74,0
DA:75,0
DA:76,0
DA:77,0
DA:78,0
DA:81,0
DA:83,0
DA:84,0
DA:85,0
DA:87,0
DA:89,0
DA:92,0
DA:93,0
DA:97,0
DA:98,0
DA:100,0
DA:101,0
DA:102,0
DA:103,0
DA:105,0
DA:106,0
DA:107,0
DA:109,0
DA:110,0
DA:111,0
DA:113,0
DA:114,0
DA:116,0
DA:117,0
DA:122,0
DA:138,0
DA:139,0
DA:141,0
DA:142,0
DA:143,0
DA:144,0
DA:146,0
DA:150,0
DA:151,0
DA:156,0
DA:157,0
DA:158,0
DA:160,0
DA:161,0
DA:162,0
DA:163,0
DA:166,0
DA:173,0
DA:174,0
DA:175,0
DA:176,0
DA:177,0
DA:180,0
DA:183,0
DA:188,0
DA:189,0
DA:190,0
DA:191,0
DA:194,0
DA:195,0
DA:197,0
DA:198,0
DA:200,0
DA:201,0
DA:202,0
DA:203,0
DA:207,0
DA:216,0
DA:217,0
DA:220,0
DA:221,0
DA:222,0
DA:225,0
DA:226,0
DA:229,0
DA:231,0
DA:234,0
DA:244,0
DA:245,0
DA:248,0
DA:249,0
DA:250,0
DA:253,0
DA:254,0
DA:257,0
DA:260,0
DA:263,0
DA:264,0
DA:265,0
DA:266,0
DA:267,0
DA:268,0
DA:269,0
DA:270,0
DA:272,0
DA:275,0
DA:277,0
DA:278,0
DA:283,0
DA:284,0
DA:285,0
DA:286,0
DA:289,0
DA:290,0
DA:291,0
DA:294,0
DA:295,0
DA:297,0
DA:298,0
DA:300,0
DA:301,0
DA:302,0
DA:303,0
DA:307,0
DA:316,0
DA:317,0
DA:320,0
DA:321,0
DA:322,0
DA:325,0
DA:326,0
DA:329,0
DA:331,0
DA:334,0
DA:344,0
DA:345,0
DA:348,0
DA:349,0
DA:350,0
DA:353,0
DA:354,0
DA:357,0
DA:360,0
DA:361,0
DA:362,0
DA:363,0
DA:364,0
DA:365,0
DA:367,0
DA:370,0
DA:372,0
DA:373,0
DA:378,0
DA:379,0
DA:380,0
DA:382,0
DA:383,0
DA:384,0
DA:385,0
DA:388,0
DA:396,0
DA:397,0
DA:398,0
DA:399,0
DA:400,0
DA:402,0
DA:405,0
DA:408,0
DA:413,0
DA:414,0
DA:415,0
DA:419,0
DA:420,0
DA:421,0
DA:423,0
DA:428,0
DA:429,0
DA:430,0
DA:431,0
DA:432,0
DA:433,0
DA:436,0
DA:438,0
DA:441,0
DA:444,0
DA:449,0
DA:450,0
DA:451,0
DA:452,0
DA:455,0
DA:459,0
DA:460,0
DA:461,0
DA:465,0
DA:466,0
DA:473,0
DA:476,0
DA:477,0
DA:478,0
DA:479,0
DA:481,0
DA:482,0
DA:678,0
DA:691,0
DA:770,0
LF:218
LH:0
BRDA:66,0,0,0
BRDA:66,0,1,0
BRDA:74,1,0,0
BRDA:74,1,1,0
BRDA:74,1,2,0
BRDA:76,2,0,0
BRDA:76,2,1,0
BRDA:78,3,0,0
BRDA:78,3,1,0
BRDA:78,3,2,0
BRDA:81,4,0,0
BRDA:81,4,1,0
BRDA:81,4,2,0
BRDA:87,5,0,0
BRDA:87,5,1,0
BRDA:92,6,0,0
BRDA:92,6,1,0
BRDA:97,7,0,0
BRDA:97,7,1,0
BRDA:98,8,0,0
BRDA:98,8,1,0
BRDA:101,9,0,0
BRDA:101,9,1,0
BRDA:102,10,0,0
BRDA:102,10,1,0
BRDA:103,11,0,0
BRDA:103,11,1,0
BRDA:107,12,0,0
BRDA:107,12,1,0
BRDA:111,13,0,0
BRDA:111,13,1,0
BRDA:141,14,0,0
BRDA:141,14,1,0
BRDA:143,15,0,0
BRDA:143,15,1,0
BRDA:160,16,0,0
BRDA:160,16,1,0
BRDA:161,17,0,0
BRDA:161,17,1,0
BRDA:173,18,0,0
BRDA:173,18,1,0
BRDA:175,19,0,0
BRDA:175,19,1,0
BRDA:189,20,0,0
BRDA:189,20,1,0
BRDA:200,21,0,0
BRDA:200,21,1,0
BRDA:201,22,0,0
BRDA:201,22,1,0
BRDA:216,23,0,0
BRDA:216,23,1,0
BRDA:221,24,0,0
BRDA:221,24,1,0
BRDA:222,25,0,0
BRDA:222,25,1,0
BRDA:244,26,0,0
BRDA:244,26,1,0
BRDA:249,27,0,0
BRDA:249,27,1,0
BRDA:250,28,0,0
BRDA:250,28,1,0
BRDA:263,29,0,0
BRDA:263,29,1,0
BRDA:265,30,0,0
BRDA:265,30,1,0
BRDA:267,31,0,0
BRDA:267,31,1,0
BRDA:269,32,0,0
BRDA:269,32,1,0
BRDA:284,33,0,0
BRDA:284,33,1,0
BRDA:289,34,0,0
BRDA:289,34,1,0
BRDA:300,35,0,0
BRDA:300,35,1,0
BRDA:301,36,0,0
BRDA:301,36,1,0
BRDA:316,37,0,0
BRDA:316,37,1,0
BRDA:321,38,0,0
BRDA:321,38,1,0
BRDA:322,39,0,0
BRDA:322,39,1,0
BRDA:344,40,0,0
BRDA:344,40,1,0
BRDA:349,41,0,0
BRDA:349,41,1,0
BRDA:350,42,0,0
BRDA:350,42,1,0
BRDA:360,43,0,0
BRDA:360,43,1,0
BRDA:362,44,0,0
BRDA:362,44,1,0
BRDA:364,45,0,0
BRDA:364,45,1,0
BRDA:382,46,0,0
BRDA:382,46,1,0
BRDA:383,47,0,0
BRDA:383,47,1,0
BRDA:396,48,0,0
BRDA:396,48,1,0
BRDA:398,49,0,0
BRDA:398,49,1,0
BRDA:402,50,0,0
BRDA:402,50,1,0
BRDA:428,51,0,0
BRDA:428,51,1,0
BRDA:430,52,0,0
BRDA:430,52,1,0
BRDA:460,53,0,0
BRDA:460,53,1,0
BRDA:473,54,0,0
BRDA:473,54,1,0
BRDA:477,55,0,0
BRDA:477,55,1,0
BRDA:477,55,2,0
BRDA:477,55,3,0
BRDA:477,55,4,0
BRDA:495,56,0,0
BRDA:505,57,0,0
BRDA:521,58,0,0
BRDA:526,59,0,0
BRDA:526,59,1,0
BRDA:527,60,0,0
BRDA:527,60,1,0
BRDA:533,61,0,0
BRDA:533,61,1,0
BRDA:534,62,0,0
BRDA:534,62,1,0
BRDA:540,63,0,0
BRDA:540,63,1,0
BRDA:541,64,0,0
BRDA:541,64,1,0
BRDA:550,65,0,0
BRDA:551,66,0,0
BRDA:552,67,0,0
BRDA:553,68,0,0
BRDA:554,69,0,0
BRDA:561,70,0,0
BRDA:561,70,1,0
BRDA:570,71,0,0
BRDA:579,72,0,0
BRDA:579,72,1,0
BRDA:607,73,0,0
BRDA:607,73,1,0
BRDA:611,74,0,0
BRDA:622,75,0,0
BRDA:624,76,0,0
BRDA:624,76,1,0
BRDA:625,77,0,0
BRDA:625,77,1,0
BRDA:626,78,0,0
BRDA:626,78,1,0
BRDA:635,79,0,0
BRDA:635,79,1,0
BRDA:635,79,2,0
BRDA:639,80,0,0
BRDA:650,81,0,0
BRDA:652,82,0,0
BRDA:652,82,1,0
BRDA:653,83,0,0
BRDA:653,83,1,0
BRDA:654,84,0,0
BRDA:654,84,1,0
BRDA:660,85,0,0
BRDA:670,86,0,0
BRDA:766,87,0,0
BRDA:776,88,0,0
BRDA:776,88,1,0
BRDA:777,89,0,0
BRDA:777,89,1,0
BRDA:778,90,0,0
BRDA:778,90,1,0
BRF:173
BRH:0
end_of_record
TN:
SF:src/app/checkout/page.tsx
FN:45,CheckoutPage
FN:74,(anonymous_6)
FN:86,(anonymous_7)
FN:118,(anonymous_8)
FN:134,(anonymous_9)
FN:135,(anonymous_10)
FN:147,(anonymous_11)
FN:148,(anonymous_12)
FN:163,(anonymous_13)
FN:164,(anonymous_14)
FN:170,(anonymous_15)
FN:174,(anonymous_16)
FN:183,(anonymous_17)
FN:184,(anonymous_18)
FN:208,(anonymous_19)
FN:227,(anonymous_20)
FN:280,(anonymous_21)
FN:299,(anonymous_22)
FN:331,(anonymous_23)
FN:331,(anonymous_24)
FN:345,(anonymous_25)
FN:345,(anonymous_26)
FN:358,(anonymous_27)
FN:358,(anonymous_28)
FN:373,(anonymous_29)
FN:373,(anonymous_30)
FN:385,(anonymous_31)
FN:385,(anonymous_32)
FN:396,(anonymous_33)
FN:396,(anonymous_34)
FN:407,(anonymous_35)
FN:407,(anonymous_36)
FN:423,(anonymous_37)
FN:454,(anonymous_38)
FN:497,(anonymous_39)
FN:524,(anonymous_40)
FN:536,(anonymous_41)
FN:604,(anonymous_42)
FN:693,(anonymous_43)
FNF:39
FNH:0
FNDA:0,CheckoutPage
FNDA:0,(anonymous_6)
FNDA:0,(anonymous_7)
FNDA:0,(anonymous_8)
FNDA:0,(anonymous_9)
FNDA:0,(anonymous_10)
FNDA:0,(anonymous_11)
FNDA:0,(anonymous_12)
FNDA:0,(anonymous_13)
FNDA:0,(anonymous_14)
FNDA:0,(anonymous_15)
FNDA:0,(anonymous_16)
FNDA:0,(anonymous_17)
FNDA:0,(anonymous_18)
FNDA:0,(anonymous_19)
FNDA:0,(anonymous_20)
FNDA:0,(anonymous_21)
FNDA:0,(anonymous_22)
FNDA:0,(anonymous_23)
FNDA:0,(anonymous_24)
FNDA:0,(anonymous_25)
FNDA:0,(anonymous_26)
FNDA:0,(anonymous_27)
FNDA:0,(anonymous_28)
FNDA:0,(anonymous_29)
FNDA:0,(anonymous_30)
FNDA:0,(anonymous_31)
FNDA:0,(anonymous_32)
FNDA:0,(anonymous_33)
FNDA:0,(anonymous_34)
FNDA:0,(anonymous_35)
FNDA:0,(anonymous_36)
FNDA:0,(anonymous_37)
FNDA:0,(anonymous_38)
FNDA:0,(anonymous_39)
FNDA:0,(anonymous_40)
FNDA:0,(anonymous_41)
FNDA:0,(anonymous_42)
FNDA:0,(anonymous_43)
DA:3,0
DA:4,0
DA:20,0
DA:21,0
DA:22,0
DA:24,0
DA:25,0
DA:45,0
DA:46,0
DA:47,0
DA:48,0
DA:49,0
DA:50,0
DA:51,0
DA:52,0
DA:53,0
DA:54,0
DA:57,0
DA:63,0
DA:74,0
DA:75,0
DA:76,0
DA:77,0
DA:79,0
DA:86,0
DA:87,0
DA:88,0
DA:89,0
DA:91,0
DA:93,0
DA:94,0
DA:95,0
DA:99,0
DA:100,0
DA:103,0
DA:104,0
DA:107,0
DA:108,0
DA:109,0
DA:110,0
DA:113,0
DA:115,0
DA:116,0
DA:117,0
DA:118,0
DA:120,0
DA:121,0
DA:122,0
DA:124,0
DA:125,0
DA:127,0
DA:130,0
DA:134,0
DA:135,0
DA:138,0
DA:139,0
DA:140,0
DA:142,0
DA:143,0
DA:147,0
DA:148,0
DA:151,0
DA:152,0
DA:153,0
DA:156,0
DA:163,0
DA:164,0
DA:167,0
DA:170,0
DA:171,0
DA:173,0
DA:174,0
DA:176,0
DA:177,0
DA:179,0
DA:183,0
DA:184,0
DA:208,0
DA:228,0
DA:229,0
DA:231,0
DA:281,0
DA:299,0
DA:331,0
DA:345,0
DA:358,0
DA:373,0
DA:385,0
DA:396,0
DA:407,0
DA:423,0
DA:454,0
DA:497,0
DA:524,0
DA:536,0
DA:605,0
DA:693,0
LF:97
LH:0
BRDA:93,0,0,0
BRDA:93,0,1,0
BRDA:115,1,0,0
BRDA:115,1,1,0
BRDA:117,2,0,0
BRDA:117,2,1,0
BRDA:117,3,0,0
BRDA:117,3,1,0
BRDA:124,4,0,0
BRDA:124,4,1,0
BRDA:139,5,0,0
BRDA:139,5,1,0
BRDA:142,6,0,0
BRDA:142,6,1,0
BRDA:152,7,0,0
BRDA:152,7,1,0
BRDA:176,8,0,0
BRDA:176,8,1,0
BRDA:189,9,0,0
BRDA:194,10,0,0
BRDA:194,10,1,0
BRDA:236,11,0,0
BRDA:236,11,1,0
BRDA:239,12,0,0
BRDA:239,12,1,0
BRDA:240,13,0,0
BRDA:240,13,1,0
BRDA:247,14,0,0
BRDA:247,14,1,0
BRDA:250,15,0,0
BRDA:250,15,1,0
BRDA:255,16,0,0
BRDA:256,17,0,0
BRDA:256,17,1,0
BRDA:269,18,0,0
BRDA:269,18,1,0
BRDA:309,19,0,0
BRDA:309,19,1,0
BRDA:412,20,0,0
BRDA:437,21,0,0
BRDA:437,21,1,0
BRDA:452,22,0,0
BRDA:452,22,1,0
BRDA:453,23,0,0
BRDA:453,23,1,0
BRDA:454,24,0,0
BRDA:454,24,1,0
BRDA:455,25,0,0
BRDA:455,25,1,0
BRDA:456,26,0,0
BRDA:456,26,1,0
BRDA:462,27,0,0
BRDA:469,28,0,0
BRDA:476,29,0,0
BRDA:476,29,1,0
BRDA:484,30,0,0
BRDA:484,30,1,0
BRDA:495,31,0,0
BRDA:495,31,1,0
BRDA:514,32,0,0
BRDA:528,33,0,0
BRDA:528,33,1,0
BRDA:546,34,0,0
BRDA:546,34,1,0
BRDA:555,35,0,0
BRDA:587,36,0,0
BRDA:643,37,0,0
BRDA:690,38,0,0
BRDA:690,38,1,0
BRF:69
BRH:0
end_of_record
TN:
SF:src/app/dashboard/page.tsx
FN:30,DashboardPage
FN:42,(anonymous_6)
FN:46,(anonymous_7)
FN:70,(anonymous_8)
FN:71,(anonymous_9)
FN:87,(anonymous_10)
FN:94,(anonymous_11)
FN:103,(anonymous_12)
FN:107,(anonymous_13)
FN:163,(anonymous_14)
FN:250,(anonymous_15)
FNF:11
FNH:0
FNDA:0,DashboardPage
FNDA:0,(anonymous_6)
FNDA:0,(anonymous_7)
FNDA:0,(anonymous_8)
FNDA:0,(anonymous_9)
FNDA:0,(anonymous_10)
FNDA:0,(anonymous_11)
FNDA:0,(anonymous_12)
FNDA:0,(anonymous_13)
FNDA:0,(anonymous_14)
FNDA:0,(anonymous_15)
DA:3,0
DA:4,0
DA:14,0
DA:15,0
DA:16,0
DA:30,0
DA:31,0
DA:37,0
DA:38,0
DA:39,0
DA:40,0
DA:42,0
DA:43,0
DA:46,0
DA:47,0
DA:49,0
DA:50,0
DA:51,0
DA:52,0
DA:56,0
DA:57,0
DA:58,0
DA:59,0
DA:63,0
DA:64,0
DA:65,0
DA:68,0
DA:69,0
DA:70,0
DA:71,0
DA:73,0
DA:81,0
DA:83,0
DA:87,0
DA:88,0
DA:94,0
DA:95,0
DA:103,0
DA:104,0
DA:107,0
DA:108,0
DA:110,0
DA:112,0
DA:114,0
DA:116,0
DA:120,0
DA:163,0
DA:251,0
DA:252,0
LF:49
LH:0
BRDA:50,0,0,0
BRDA:50,0,1,0
BRDA:57,1,0,0
BRDA:57,1,1,0
BRDA:64,2,0,0
BRDA:64,2,1,0
BRDA:76,3,0,0
BRDA:76,3,1,0
BRDA:104,4,0,0
BRDA:104,4,1,0
BRDA:108,5,0,0
BRDA:108,5,1,0
BRDA:108,5,2,0
BRDA:108,5,3,0
BRDA:120,6,0,0
BRDA:120,6,1,0
BRDA:137,7,0,0
BRDA:137,7,1,0
BRDA:156,8,0,0
BRDA:166,9,0,0
BRDA:249,10,0,0
BRDA:262,11,0,0
BRDA:262,11,1,0
BRDA:265,12,0,0
BRDA:265,12,1,0
BRDA:270,13,0,0
BRDA:270,13,1,0
BRDA:277,14,0,0
BRDA:277,14,1,0
BRDA:279,15,0,0
BRDA:279,15,1,0
BRF:31
BRH:0
end_of_record
TN:
SF:src/app/demo/page.tsx
FN:30,(anonymous_5)
FN:59,(anonymous_6)
FN:62,(anonymous_7)
FN:64,(anonymous_8)
FN:66,(anonymous_9)
FN:112,(anonymous_10)
FN:115,(anonymous_11)
FN:117,(anonymous_12)
FN:119,(anonymous_13)
FN:164,DemoPage
FN:169,(anonymous_15)
FN:173,(anonymous_16)
FN:175,(anonymous_17)
FN:181,(anonymous_18)
FN:185,(anonymous_19)
FN:314,(anonymous_20)
FN:318,(anonymous_21)
FN:461,(anonymous_22)
FN:480,(anonymous_23)
FN:499,(anonymous_24)
FN:518,(anonymous_25)
FN:598,(anonymous_26)
FN:602,(anonymous_27)
FNF:23
FNH:0
FNDA:0,(anonymous_5)
FNDA:0,(anonymous_6)
FNDA:0,(anonymous_7)
FNDA:0,(anonymous_8)
FNDA:0,(anonymous_9)
FNDA:0,(anonymous_10)
FNDA:0,(anonymous_11)
FNDA:0,(anonymous_12)
FNDA:0,(anonymous_13)
FNDA:0,DemoPage
FNDA:0,(anonymous_15)
FNDA:0,(anonymous_16)
FNDA:0,(anonymous_17)
FNDA:0,(anonymous_18)
FNDA:0,(anonymous_19)
FNDA:0,(anonymous_20)
FNDA:0,(anonymous_21)
FNDA:0,(anonymous_22)
FNDA:0,(anonymous_23)
FNDA:0,(anonymous_24)
FNDA:0,(anonymous_25)
FNDA:0,(anonymous_26)
FNDA:0,(anonymous_27)
DA:3,0
DA:4,0
DA:22,0
DA:23,0
DA:30,0
DA:41,0
DA:42,0
DA:59,0
DA:60,0
DA:62,0
DA:63,0
DA:64,0
DA:65,0
DA:66,0
DA:67,0
DA:68,0
DA:112,0
DA:113,0
DA:115,0
DA:116,0
DA:117,0
DA:118,0
DA:119,0
DA:120,0
DA:121,0
DA:164,0
DA:165,0
DA:166,0
DA:167,0
DA:169,0
DA:170,0
DA:173,0
DA:174,0
DA:175,0
DA:176,0
DA:177,0
DA:181,0
DA:182,0
DA:185,0
DA:186,0
DA:189,0
DA:198,0
DA:227,0
DA:256,0
DA:285,0
DA:315,0
DA:316,0
DA:318,0
DA:332,0
DA:461,0
DA:480,0
DA:499,0
DA:518,0
DA:598,0
DA:602,0
LF:55
LH:0
BRDA:33,0,0,0
BRDA:34,1,0,0
BRDA:63,2,0,0
BRDA:63,2,1,0
BRDA:65,3,0,0
BRDA:65,3,1,0
BRDA:77,4,0,0
BRDA:80,5,0,0
BRDA:86,6,0,0
BRDA:93,7,0,0
BRDA:93,7,1,0
BRDA:94,8,0,0
BRDA:94,8,1,0
BRDA:95,9,0,0
BRDA:95,9,1,0
BRDA:99,10,0,0
BRDA:99,10,1,0
BRDA:100,11,0,0
BRDA:100,11,1,0
BRDA:101,12,0,0
BRDA:101,12,1,0
BRDA:116,13,0,0
BRDA:116,13,1,0
BRDA:118,14,0,0
BRDA:118,14,1,0
BRDA:130,15,0,0
BRDA:133,16,0,0
BRDA:139,17,0,0
BRDA:146,18,0,0
BRDA:146,18,1,0
BRDA:147,19,0,0
BRDA:147,19,1,0
BRDA:148,20,0,0
BRDA:148,20,1,0
BRDA:152,21,0,0
BRDA:152,21,1,0
BRDA:153,22,0,0
BRDA:153,22,1,0
BRDA:154,23,0,0
BRDA:154,23,1,0
BRDA:189,24,0,0
BRDA:189,24,1,0
BRDA:198,25,0,0
BRDA:198,25,1,0
BRDA:227,26,0,0
BRDA:227,26,1,0
BRDA:256,27,0,0
BRDA:256,27,1,0
BRDA:285,28,0,0
BRDA:285,28,1,0
BRDA:332,29,0,0
BRDA:332,29,1,0
BRDA:639,30,0,0
BRF:53
BRH:0
end_of_record
TN:
SF:src/app/history/page.tsx
FN:42,TransactionHistoryPage
FN:63,(anonymous_6)
FN:67,(anonymous_7)
FN:90,(anonymous_8)
FN:91,(anonymous_9)
FN:92,(anonymous_10)
FN:95,(anonymous_11)
FN:104,(anonymous_12)
FN:107,(anonymous_13)
FN:116,(anonymous_14)
FN:123,(anonymous_15)
FN:133,(anonymous_16)
FN:148,(anonymous_17)
FN:163,(anonymous_18)
FN:179,(anonymous_19)
FN:206,(anonymous_20)
FN:225,(anonymous_21)
FN:240,(anonymous_22)
FN:258,(anonymous_23)
FN:269,(anonymous_24)
FN:315,(anonymous_25)
FN:389,(anonymous_26)
FN:389,(anonymous_27)
FN:396,(anonymous_28)
FN:396,(anonymous_29)
FN:422,(anonymous_30)
FN:422,(anonymous_31)
FN:430,(anonymous_32)
FN:430,(anonymous_33)
FNF:29
FNH:0
FNDA:0,TransactionHistoryPage
FNDA:0,(anonymous_6)
FNDA:0,(anonymous_7)
FNDA:0,(anonymous_8)
FNDA:0,(anonymous_9)
FNDA:0,(anonymous_10)
FNDA:0,(anonymous_11)
FNDA:0,(anonymous_12)
FNDA:0,(anonymous_13)
FNDA:0,(anonymous_14)
FNDA:0,(anonymous_15)
FNDA:0,(anonymous_16)
FNDA:0,(anonymous_17)
FNDA:0,(anonymous_18)
FNDA:0,(anonymous_19)
FNDA:0,(anonymous_20)
FNDA:0,(anonymous_21)
FNDA:0,(anonymous_22)
FNDA:0,(anonymous_23)
FNDA:0,(anonymous_24)
FNDA:0,(anonymous_25)
FNDA:0,(anonymous_26)
FNDA:0,(anonymous_27)
FNDA:0,(anonymous_28)
FNDA:0,(anonymous_29)
FNDA:0,(anonymous_30)
FNDA:0,(anonymous_31)
FNDA:0,(anonymous_32)
FNDA:0,(anonymous_33)
DA:3,0
DA:4,0
DA:16,0
DA:17,0
DA:18,0
DA:42,0
DA:43,0
DA:44,0
DA:45,0
DA:46,0
DA:53,0
DA:61,0
DA:63,0
DA:64,0
DA:67,0
DA:68,0
DA:69,0
DA:70,0
DA:77,0
DA:78,0
DA:79,0
DA:80,0
DA:81,0
DA:84,0
DA:86,0
DA:90,0
DA:91,0
DA:92,0
DA:95,0
DA:96,0
DA:103,0
DA:104,0
DA:107,0
DA:108,0
DA:110,0
DA:112,0
DA:116,0
DA:117,0
DA:123,0
DA:124,0
DA:133,0
DA:134,0
DA:148,0
DA:149,0
DA:151,0
DA:153,0
DA:155,0
DA:157,0
DA:159,0
DA:163,0
DA:164,0
DA:179,0
DA:206,0
DA:225,0
DA:240,0
DA:258,0
DA:269,0
DA:316,0
DA:317,0
DA:389,0
DA:396,0
DA:422,0
DA:430,0
LF:63
LH:0
BRDA:73,0,0,0
BRDA:73,0,1,0
BRDA:74,1,0,0
BRDA:74,1,1,0
BRDA:78,2,0,0
BRDA:78,2,1,0
BRDA:149,3,0,0
BRDA:149,3,1,0
BRDA:149,3,2,0
BRDA:149,3,3,0
BRDA:149,3,4,0
BRDA:164,4,0,0
BRDA:164,4,1,0
BRDA:213,5,0,0
BRDA:288,6,0,0
BRDA:292,7,0,0
BRDA:328,8,0,0
BRDA:328,8,1,0
BRDA:331,9,0,0
BRDA:331,9,1,0
BRDA:336,10,0,0
BRDA:336,10,1,0
BRDA:344,11,0,0
BRDA:344,11,1,0
BRDA:346,12,0,0
BRDA:346,12,1,0
BRDA:359,13,0,0
BRDA:363,14,0,0
BRDA:363,14,1,0
BRDA:363,14,2,0
BRDA:384,15,0,0
BRF:31
BRH:0
end_of_record
TN:
SF:src/app/payments/page.tsx
FN:33,PaymentMethodsPage
FN:45,(anonymous_6)
FN:49,(anonymous_7)
FN:63,(anonymous_8)
FN:96,(anonymous_9)
FN:154,(anonymous_10)
FN:161,(anonymous_11)
FN:161,(anonymous_12)
FN:168,(anonymous_13)
FN:186,(anonymous_14)
FN:203,(anonymous_15)
FN:210,(anonymous_16)
FN:240,(anonymous_17)
FN:250,(anonymous_18)
FN:301,(anonymous_19)
FN:309,(anonymous_20)
FN:342,(anonymous_21)
FN:358,(anonymous_22)
FN:358,(anonymous_23)
FN:370,(anonymous_24)
FN:370,(anonymous_25)
FN:393,(anonymous_26)
FN:395,(anonymous_27)
FN:415,(anonymous_28)
FN:415,(anonymous_29)
FN:421,(anonymous_30)
FN:421,(anonymous_31)
FN:438,(anonymous_32)
FN:438,(anonymous_33)
FN:444,(anonymous_34)
FN:444,(anonymous_35)
FN:463,(anonymous_36)
FN:465,(anonymous_37)
FN:489,(anonymous_38)
FN:489,(anonymous_39)
FN:504,(anonymous_40)
FN:504,(anonymous_41)
FN:523,(anonymous_42)
FN:523,(anonymous_43)
FN:546,(anonymous_44)
FNF:40
FNH:0
FNDA:0,PaymentMethodsPage
FNDA:0,(anonymous_6)
FNDA:0,(anonymous_7)
FNDA:0,(anonymous_8)
FNDA:0,(anonymous_9)
FNDA:0,(anonymous_10)
FNDA:0,(anonymous_11)
FNDA:0,(anonymous_12)
FNDA:0,(anonymous_13)
FNDA:0,(anonymous_14)
FNDA:0,(anonymous_15)
FNDA:0,(anonymous_16)
FNDA:0,(anonymous_17)
FNDA:0,(anonymous_18)
FNDA:0,(anonymous_19)
FNDA:0,(anonymous_20)
FNDA:0,(anonymous_21)
FNDA:0,(anonymous_22)
FNDA:0,(anonymous_23)
FNDA:0,(anonymous_24)
FNDA:0,(anonymous_25)
FNDA:0,(anonymous_26)
FNDA:0,(anonymous_27)
FNDA:0,(anonymous_28)
FNDA:0,(anonymous_29)
FNDA:0,(anonymous_30)
FNDA:0,(anonymous_31)
FNDA:0,(anonymous_32)
FNDA:0,(anonymous_33)
FNDA:0,(anonymous_34)
FNDA:0,(anonymous_35)
FNDA:0,(anonymous_36)
FNDA:0,(anonymous_37)
FNDA:0,(anonymous_38)
FNDA:0,(anonymous_39)
FNDA:0,(anonymous_40)
FNDA:0,(anonymous_41)
FNDA:0,(anonymous_42)
FNDA:0,(anonymous_43)
FNDA:0,(anonymous_44)
DA:3,0
DA:4,0
DA:16,0
DA:17,0
DA:18,0
DA:33,0
DA:34,0
DA:35,0
DA:36,0
DA:37,0
DA:38,0
DA:43,0
DA:45,0
DA:46,0
DA:49,0
DA:50,0
DA:51,0
DA:52,0
DA:53,0
DA:54,0
DA:57,0
DA:59,0
DA:63,0
DA:64,0
DA:66,0
DA:67,0
DA:68,0
DA:69,0
DA:70,0
DA:73,0
DA:74,0
DA:77,0
DA:78,0
DA:81,0
DA:82,0
DA:83,0
DA:84,0
DA:86,0
DA:87,0
DA:88,0
DA:92,0
DA:93,0
DA:96,0
DA:97,0
DA:99,0
DA:100,0
DA:103,0
DA:121,0
DA:137,0
DA:138,0
DA:139,0
DA:140,0
DA:145,0
DA:148,0
DA:150,0
DA:154,0
DA:155,0
DA:156,0
DA:160,0
DA:161,0
DA:164,0
DA:168,0
DA:169,0
DA:170,0
DA:178,0
DA:179,0
DA:182,0
DA:186,0
DA:187,0
DA:188,0
DA:189,0
DA:190,0
DA:192,0
DA:193,0
DA:196,0
DA:197,0
DA:199,0
DA:203,0
DA:204,0
DA:205,0
DA:207,0
DA:210,0
DA:211,0
DA:212,0
DA:213,0
DA:215,0
DA:216,0
DA:220,0
DA:240,0
DA:251,0
DA:252,0
DA:301,0
DA:309,0
DA:342,0
DA:358,0
DA:370,0
DA:394,0
DA:395,0
DA:415,0
DA:421,0
DA:422,0
DA:438,0
DA:444,0
DA:445,0
DA:464,0
DA:465,0
DA:489,0
DA:504,0
DA:523,0
DA:546,0
LF:110
LH:0
BRDA:52,0,0,0
BRDA:52,0,1,0
BRDA:66,1,0,0
BRDA:66,1,1,0
BRDA:67,2,0,0
BRDA:67,2,1,0
BRDA:69,3,0,0
BRDA:69,3,1,0
BRDA:73,4,0,0
BRDA:73,4,1,0
BRDA:77,5,0,0
BRDA:77,5,1,0
BRDA:81,6,0,0
BRDA:81,6,1,0
BRDA:83,7,0,0
BRDA:83,7,1,0
BRDA:86,8,0,0
BRDA:86,8,1,0
BRDA:87,9,0,0
BRDA:87,9,1,0
BRDA:97,10,0,0
BRDA:97,10,1,0
BRDA:108,11,0,0
BRDA:108,11,1,0
BRDA:111,12,0,0
BRDA:111,12,1,0
BRDA:112,13,0,0
BRDA:112,13,1,0
BRDA:115,14,0,0
BRDA:115,14,1,0
BRDA:129,15,0,0
BRDA:129,15,1,0
BRDA:137,16,0,0
BRDA:137,16,1,0
BRDA:160,17,0,0
BRDA:160,17,1,0
BRDA:178,18,0,0
BRDA:178,18,1,0
BRDA:189,19,0,0
BRDA:189,19,1,0
BRDA:189,19,2,0
BRDA:196,20,0,0
BRDA:196,20,1,0
BRDA:204,21,0,0
BRDA:204,21,1,0
BRDA:205,22,0,0
BRDA:205,22,1,0
BRDA:211,23,0,0
BRDA:211,23,1,0
BRDA:220,24,0,0
BRDA:220,24,1,0
BRDA:260,25,0,0
BRDA:271,26,0,0
BRDA:271,26,1,0
BRDA:274,27,0,0
BRDA:274,27,1,0
BRDA:287,28,0,0
BRDA:297,29,0,0
BRDA:319,30,0,0
BRDA:331,31,0,0
BRDA:360,32,0,0
BRDA:360,32,1,0
BRDA:372,33,0,0
BRDA:372,33,1,0
BRDA:384,34,0,0
BRDA:392,35,0,0
BRDA:392,35,1,0
BRDA:399,36,0,0
BRDA:399,36,1,0
BRDA:403,37,0,0
BRDA:414,38,0,0
BRDA:414,38,1,0
BRDA:417,39,0,0
BRDA:417,39,1,0
BRDA:427,40,0,0
BRDA:437,41,0,0
BRDA:437,41,1,0
BRDA:440,42,0,0
BRDA:440,42,1,0
BRDA:450,43,0,0
BRDA:462,44,0,0
BRDA:462,44,1,0
BRDA:469,45,0,0
BRDA:469,45,1,0
BRDA:473,46,0,0
BRDA:481,47,0,0
BRDA:503,48,0,0
BRDA:503,48,1,0
BRDA:505,49,0,0
BRDA:505,49,1,0
BRDA:507,50,0,0
BRDA:507,50,1,0
BRDA:510,51,0,0
BRDA:538,52,0,0
BRDA:538,52,1,0
BRF:95
BRH:0
end_of_record
TN:
SF:src/app/payments/cancel/page.tsx
FN:5,PaymentCancelPage
FN:25,(anonymous_2)
FN:33,(anonymous_3)
FN:41,(anonymous_4)
FNF:4
FNH:0
FNDA:0,PaymentCancelPage
FNDA:0,(anonymous_2)
FNDA:0,(anonymous_3)
FNDA:0,(anonymous_4)
DA:3,0
DA:5,0
DA:25,0
DA:33,0
DA:41,0
LF:5
LH:0
BRF:0
BRH:0
end_of_record
TN:
SF:src/app/payments/success/page.tsx
FN:16,PaymentSuccessPage
FN:24,(anonymous_2)
FN:25,(anonymous_3)
FN:75,(anonymous_4)
FN:142,(anonymous_5)
FN:148,(anonymous_6)
FNF:6
FNH:0
FNDA:0,PaymentSuccessPage
FNDA:0,(anonymous_2)
FNDA:0,(anonymous_3)
FNDA:0,(anonymous_4)
FNDA:0,(anonymous_5)
FNDA:0,(anonymous_6)
DA:3,0
DA:4,0
DA:5,0
DA:16,0
DA:17,0
DA:18,0
DA:19,0
DA:21,0
DA:22,0
DA:24,0
DA:25,0
DA:26,0
DA:27,0
DA:28,0
DA:29,0
DA:32,0
DA:33,0
DA:39,0
DA:40,0
DA:43,0
DA:44,0
DA:46,0
DA:48,0
DA:52,0
DA:55,0
DA:67,0
DA:75,0
DA:85,0
DA:86,0
DA:142,0
DA:148,0
LF:31
LH:0
BRDA:26,0,0,0
BRDA:26,0,1,0
BRDA:39,1,0,0
BRDA:39,1,1,0
BRDA:46,2,0,0
BRDA:46,2,1,0
BRDA:55,3,0,0
BRDA:55,3,1,0
BRDA:67,4,0,0
BRDA:67,4,1,0
BRDA:67,5,0,0
BRDA:67,5,1,0
BRDA:73,6,0,0
BRDA:73,6,1,0
BRDA:96,7,0,0
BRDA:126,8,0,0
BRDA:126,8,1,0
BRDA:131,9,0,0
BRF:18
BRH:0
end_of_record
TN:
SF:src/app/profile/page.tsx
FN:42,ProfilePage
FN:67,(anonymous_6)
FN:71,(anonymous_7)
FN:85,(anonymous_8)
FN:98,(anonymous_9)
FN:117,(anonymous_10)
FN:142,(anonymous_11)
FN:187,(anonymous_12)
FN:192,(anonymous_13)
FN:244,(anonymous_14)
FN:244,(anonymous_15)
FN:262,(anonymous_16)
FN:262,(anonymous_17)
FN:314,(anonymous_18)
FN:314,(anonymous_19)
FN:336,(anonymous_20)
FN:336,(anonymous_21)
FN:358,(anonymous_22)
FN:358,(anonymous_23)
FN:397,(anonymous_24)
FN:411,(anonymous_25)
FN:411,(anonymous_26)
FN:442,(anonymous_27)
FN:465,(anonymous_28)
FN:484,getNotificationDescription
FNF:25
FNH:0
FNDA:0,ProfilePage
FNDA:0,(anonymous_6)
FNDA:0,(anonymous_7)
FNDA:0,(anonymous_8)
FNDA:0,(anonymous_9)
FNDA:0,(anonymous_10)
FNDA:0,(anonymous_11)
FNDA:0,(anonymous_12)
FNDA:0,(anonymous_13)
FNDA:0,(anonymous_14)
FNDA:0,(anonymous_15)
FNDA:0,(anonymous_16)
FNDA:0,(anonymous_17)
FNDA:0,(anonymous_18)
FNDA:0,(anonymous_19)
FNDA:0,(anonymous_20)
FNDA:0,(anonymous_21)
FNDA:0,(anonymous_22)
FNDA:0,(anonymous_23)
FNDA:0,(anonymous_24)
FNDA:0,(anonymous_25)
FNDA:0,(anonymous_26)
FNDA:0,(anonymous_27)
FNDA:0,(anonymous_28)
FNDA:0,getNotificationDescription
DA:3,0
DA:4,0
DA:17,0
DA:18,0
DA:19,0
DA:42,0
DA:43,0
DA:44,0
DA:48,0
DA:54,0
DA:61,0
DA:62,0
DA:63,0
DA:64,0
DA:65,0
DA:67,0
DA:68,0
DA:71,0
DA:72,0
DA:73,0
DA:74,0
DA:75,0
DA:76,0
DA:77,0
DA:78,0
DA:84,0
DA:85,0
DA:92,0
DA:94,0
DA:98,0
DA:99,0
DA:101,0
DA:102,0
DA:103,0
DA:104,0
DA:107,0
DA:108,0
DA:109,0
DA:110,0
DA:113,0
DA:114,0
DA:117,0
DA:118,0
DA:120,0
DA:121,0
DA:122,0
DA:130,0
DA:131,0
DA:132,0
DA:136,0
DA:138,0
DA:142,0
DA:143,0
DA:144,0
DA:148,0
DA:150,0
DA:153,0
DA:157,0
DA:164,0
DA:188,0
DA:189,0
DA:192,0
DA:244,0
DA:262,0
DA:314,0
DA:336,0
DA:358,0
DA:398,0
DA:411,0
DA:442,0
DA:465,0
DA:485,0
DA:492,0
LF:73
LH:0
BRDA:74,0,0,0
BRDA:74,0,1,0
BRDA:79,1,0,0
BRDA:79,1,1,0
BRDA:80,2,0,0
BRDA:80,2,1,0
BRDA:85,3,0,0
BRDA:85,3,1,0
BRDA:85,4,0,0
BRDA:85,4,1,0
BRDA:87,5,0,0
BRDA:87,5,1,0
BRDA:101,6,0,0
BRDA:101,6,1,0
BRDA:103,7,0,0
BRDA:103,7,1,0
BRDA:107,8,0,0
BRDA:107,8,1,0
BRDA:109,9,0,0
BRDA:109,9,1,0
BRDA:118,10,0,0
BRDA:118,10,1,0
BRDA:130,11,0,0
BRDA:130,11,1,0
BRDA:148,12,0,0
BRDA:148,12,1,0
BRDA:164,13,0,0
BRDA:164,13,1,0
BRDA:194,14,0,0
BRDA:194,14,1,0
BRDA:200,15,0,0
BRDA:200,15,1,0
BRDA:213,16,0,0
BRDA:223,17,0,0
BRDA:223,17,1,0
BRDA:246,18,0,0
BRDA:246,18,1,0
BRDA:250,19,0,0
BRDA:264,20,0,0
BRDA:264,20,1,0
BRDA:268,21,0,0
BRDA:280,22,0,0
BRDA:284,23,0,0
BRDA:284,23,1,0
BRDA:292,24,0,0
BRDA:387,25,0,0
BRDA:427,26,0,0
BRDA:440,27,0,0
BRDA:492,28,0,0
BRDA:492,28,1,0
BRF:50
BRH:0
end_of_record
TN:
SF:src/app/security/page.tsx
FN:51,SecurityPage
FN:59,(anonymous_6)
FN:63,(anonymous_7)
FN:150,(anonymous_8)
FN:153,(anonymous_9)
FN:153,(anonymous_10)
FN:159,(anonymous_11)
FN:162,(anonymous_12)
FN:162,(anonymous_13)
FN:168,(anonymous_14)
FN:178,(anonymous_15)
FN:224,(anonymous_16)
FN:229,(anonymous_17)
FN:274,(anonymous_18)
FN:297,(anonymous_19)
FN:331,(anonymous_20)
FN:342,(anonymous_21)
FN:386,(anonymous_22)
FN:422,(anonymous_23)
FN:454,(anonymous_24)
FN:488,(anonymous_25)
FNF:21
FNH:0
FNDA:0,SecurityPage
FNDA:0,(anonymous_6)
FNDA:0,(anonymous_7)
FNDA:0,(anonymous_8)
FNDA:0,(anonymous_9)
FNDA:0,(anonymous_10)
FNDA:0,(anonymous_11)
FNDA:0,(anonymous_12)
FNDA:0,(anonymous_13)
FNDA:0,(anonymous_14)
FNDA:0,(anonymous_15)
FNDA:0,(anonymous_16)
FNDA:0,(anonymous_17)
FNDA:0,(anonymous_18)
FNDA:0,(anonymous_19)
FNDA:0,(anonymous_20)
FNDA:0,(anonymous_21)
FNDA:0,(anonymous_22)
FNDA:0,(anonymous_23)
FNDA:0,(anonymous_24)
FNDA:0,(anonymous_25)
DA:3,0
DA:4,0
DA:17,0
DA:18,0
DA:19,0
DA:51,0
DA:52,0
DA:53,0
DA:54,0
DA:55,0
DA:56,0
DA:57,0
DA:59,0
DA:60,0
DA:63,0
DA:64,0
DA:66,0
DA:84,0
DA:107,0
DA:144,0
DA:146,0
DA:150,0
DA:151,0
DA:153,0
DA:155,0
DA:159,0
DA:160,0
DA:162,0
DA:164,0
DA:168,0
DA:169,0
DA:178,0
DA:181,0
DA:195,0
DA:202,0
DA:225,0
DA:226,0
DA:229,0
DA:274,0
DA:297,0
DA:331,0
DA:343,0
DA:386,0
DA:423,0
DA:454,0
DA:489,0
LF:46
LH:0
BRDA:202,0,0,0
BRDA:202,0,1,0
BRDA:231,1,0,0
BRDA:231,1,1,0
BRDA:245,2,0,0
BRDA:319,3,0,0
BRDA:341,4,0,0
BRDA:352,5,0,0
BRDA:352,5,1,0
BRDA:355,6,0,0
BRDA:356,7,0,0
BRDA:356,7,1,0
BRDA:369,8,0,0
BRDA:377,9,0,0
BRDA:377,9,1,0
BRDA:381,10,0,0
BRDA:381,10,1,0
BRDA:409,11,0,0
BRDA:438,12,0,0
BRDA:450,13,0,0
BRDA:469,14,0,0
BRDA:503,15,0,0
BRDA:504,16,0,0
BRDA:508,17,0,0
BRDA:508,17,1,0
BRDA:512,18,0,0
BRDA:512,18,1,0
BRF:27
BRH:0
end_of_record
TN:
SF:src/app/settings/page.tsx
FN:37,SettingsPage
FN:55,(anonymous_6)
FN:56,(anonymous_7)
FN:62,(anonymous_8)
FN:66,(anonymous_9)
FN:68,(anonymous_10)
FN:144,(anonymous_11)
FN:149,(anonymous_12)
FN:170,(anonymous_13)
FN:173,(anonymous_14)
FN:187,(anonymous_15)
FN:190,(anonymous_16)
FN:226,(anonymous_17)
FN:240,(anonymous_18)
FN:260,(anonymous_19)
FN:302,(anonymous_20)
FN:318,(anonymous_21)
FN:353,(anonymous_22)
FN:369,(anonymous_23)
FN:383,(anonymous_24)
FNF:20
FNH:0
FNDA:0,SettingsPage
FNDA:0,(anonymous_6)
FNDA:0,(anonymous_7)
FNDA:0,(anonymous_8)
FNDA:0,(anonymous_9)
FNDA:0,(anonymous_10)
FNDA:0,(anonymous_11)
FNDA:0,(anonymous_12)
FNDA:0,(anonymous_13)
FNDA:0,(anonymous_14)
FNDA:0,(anonymous_15)
FNDA:0,(anonymous_16)
FNDA:0,(anonymous_17)
FNDA:0,(anonymous_18)
FNDA:0,(anonymous_19)
FNDA:0,(anonymous_20)
FNDA:0,(anonymous_21)
FNDA:0,(anonymous_22)
FNDA:0,(anonymous_23)
FNDA:0,(anonymous_24)
DA:3,0
DA:4,0
DA:18,0
DA:19,0
DA:20,0
DA:37,0
DA:38,0
DA:52,0
DA:53,0
DA:55,0
DA:56,0
DA:62,0
DA:63,0
DA:64,0
DA:66,0
DA:67,0
DA:68,0
DA:70,0
DA:72,0
DA:76,0
DA:85,0
DA:145,0
DA:146,0
DA:149,0
DA:170,0
DA:174,0
DA:187,0
DA:191,0
DA:226,0
DA:240,0
DA:260,0
DA:302,0
DA:318,0
DA:353,0
DA:369,0
DA:383,0
LF:36
LH:0
BRDA:106,0,0,0
BRDA:106,0,1,0
BRDA:109,1,0,0
BRDA:111,2,0,0
BRDA:151,3,0,0
BRDA:151,3,1,0
BRDA:233,4,0,0
BRDA:289,5,0,0
BRDA:360,6,0,0
BRDA:401,7,0,0
BRDA:401,7,1,0
BRDA:404,8,0,0
BRDA:406,9,0,0
BRF:13
BRH:0
end_of_record
TN:
SF:src/app/settings/biometric/page.tsx
FN:62,BiometricSettingsPage
FN:138,(anonymous_6)
FN:142,(anonymous_7)
FN:151,(anonymous_8)
FN:159,(anonymous_9)
FN:172,(anonymous_10)
FN:173,(anonymous_11)
FN:179,(anonymous_12)
FN:183,(anonymous_13)
FN:192,(anonymous_14)
FN:196,(anonymous_15)
FN:213,(anonymous_16)
FN:213,(anonymous_17)
FN:222,(anonymous_18)
FN:223,(anonymous_19)
FN:223,(anonymous_20)
FN:226,(anonymous_21)
FN:233,(anonymous_22)
FN:240,(anonymous_23)
FN:410,(anonymous_24)
FN:420,(anonymous_25)
FN:440,(anonymous_26)
FN:455,(anonymous_27)
FN:471,(anonymous_28)
FN:489,(anonymous_29)
FN:519,(anonymous_30)
FN:529,(anonymous_31)
FN:565,(anonymous_32)
FN:573,(anonymous_33)
FN:611,(anonymous_34)
FN:670,(anonymous_35)
FN:691,(anonymous_36)
FN:698,(anonymous_37)
FN:739,(anonymous_38)
FNF:34
FNH:0
FNDA:0,BiometricSettingsPage
FNDA:0,(anonymous_6)
FNDA:0,(anonymous_7)
FNDA:0,(anonymous_8)
FNDA:0,(anonymous_9)
FNDA:0,(anonymous_10)
FNDA:0,(anonymous_11)
FNDA:0,(anonymous_12)
FNDA:0,(anonymous_13)
FNDA:0,(anonymous_14)
FNDA:0,(anonymous_15)
FNDA:0,(anonymous_16)
FNDA:0,(anonymous_17)
FNDA:0,(anonymous_18)
FNDA:0,(anonymous_19)
FNDA:0,(anonymous_20)
FNDA:0,(anonymous_21)
FNDA:0,(anonymous_22)
FNDA:0,(anonymous_23)
FNDA:0,(anonymous_24)
FNDA:0,(anonymous_25)
FNDA:0,(anonymous_26)
FNDA:0,(anonymous_27)
FNDA:0,(anonymous_28)
FNDA:0,(anonymous_29)
FNDA:0,(anonymous_30)
FNDA:0,(anonymous_31)
FNDA:0,(anonymous_32)
FNDA:0,(anonymous_33)
FNDA:0,(anonymous_34)
FNDA:0,(anonymous_35)
FNDA:0,(anonymous_36)
FNDA:0,(anonymous_37)
FNDA:0,(anonymous_38)
DA:3,0
DA:4,0
DA:25,0
DA:26,0
DA:27,0
DA:28,0
DA:62,0
DA:63,0
DA:64,0
DA:75,0
DA:98,0
DA:133,0
DA:134,0
DA:135,0
DA:138,0
DA:139,0
DA:142,0
DA:143,0
DA:144,0
DA:145,0
DA:147,0
DA:151,0
DA:152,0
DA:153,0
DA:154,0
DA:155,0
DA:159,0
DA:160,0
DA:162,0
DA:164,0
DA:166,0
DA:168,0
DA:172,0
DA:173,0
DA:179,0
DA:180,0
DA:181,0
DA:183,0
DA:184,0
DA:186,0
DA:188,0
DA:192,0
DA:193,0
DA:194,0
DA:196,0
DA:199,0
DA:200,0
DA:202,0
DA:213,0
DA:214,0
DA:216,0
DA:218,0
DA:222,0
DA:223,0
DA:226,0
DA:227,0
DA:228,0
DA:229,0
DA:230,0
DA:233,0
DA:234,0
DA:235,0
DA:236,0
DA:237,0
DA:240,0
DA:241,0
DA:242,0
DA:244,0
DA:245,0
DA:246,0
DA:247,0
DA:411,0
DA:420,0
DA:440,0
DA:455,0
DA:471,0
DA:489,0
DA:519,0
DA:530,0
DA:531,0
DA:565,0
DA:573,0
DA:612,0
DA:613,0
DA:670,0
DA:691,0
DA:698,0
DA:739,0
LF:88
LH:0
BRDA:152,0,0,0
BRDA:152,0,1,0
BRDA:152,0,2,0
BRDA:160,1,0,0
BRDA:160,1,1,0
BRDA:162,2,0,0
BRDA:162,2,1,0
BRDA:162,2,2,0
BRDA:164,3,0,0
BRDA:164,3,1,0
BRDA:166,4,0,0
BRDA:166,4,1,0
BRDA:200,5,0,0
BRDA:200,5,1,0
BRDA:200,6,0,0
BRDA:200,6,1,0
BRDA:200,7,0,0
BRDA:200,7,1,0
BRDA:206,8,0,0
BRDA:206,8,1,0
BRDA:227,9,0,0
BRDA:227,9,1,0
BRDA:228,10,0,0
BRDA:228,10,1,0
BRDA:229,11,0,0
BRDA:229,11,1,0
BRDA:234,12,0,0
BRDA:234,12,1,0
BRDA:235,13,0,0
BRDA:235,13,1,0
BRDA:236,14,0,0
BRDA:236,14,1,0
BRDA:244,15,0,0
BRDA:244,15,1,0
BRDA:245,16,0,0
BRDA:245,16,1,0
BRDA:246,17,0,0
BRDA:246,17,1,0
BRDA:260,18,0,0
BRDA:263,19,0,0
BRDA:263,19,1,0
BRDA:265,20,0,0
BRDA:265,20,1,0
BRDA:270,21,0,0
BRDA:270,21,1,0
BRDA:272,22,0,0
BRDA:272,22,1,0
BRDA:274,23,0,0
BRDA:274,23,1,0
BRDA:296,24,0,0
BRDA:296,24,1,0
BRDA:296,25,0,0
BRDA:296,25,1,0
BRDA:301,26,0,0
BRDA:303,27,0,0
BRDA:303,27,1,0
BRDA:303,28,0,0
BRDA:303,28,1,0
BRDA:310,29,0,0
BRDA:310,29,1,0
BRDA:310,30,0,0
BRDA:310,30,1,0
BRDA:319,31,0,0
BRDA:319,31,1,0
BRDA:325,32,0,0
BRDA:325,32,1,0
BRDA:327,33,0,0
BRDA:327,33,1,0
BRDA:334,34,0,0
BRDA:334,34,1,0
BRDA:342,35,0,0
BRDA:352,36,0,0
BRDA:352,36,1,0
BRDA:358,37,0,0
BRDA:358,37,1,0
BRDA:364,38,0,0
BRDA:364,38,1,0
BRDA:374,39,0,0
BRDA:374,39,1,0
BRDA:503,40,0,0
BRDA:539,41,0,0
BRDA:539,41,1,0
BRDA:540,42,0,0
BRDA:540,42,1,0
BRDA:545,43,0,0
BRDA:569,44,0,0
BRDA:635,45,0,0
BRDA:685,46,0,0
BRDA:703,47,0,0
BRDA:717,48,0,0
BRDA:717,48,1,0
BRDA:730,49,0,0
BRDA:730,49,1,0
BRF:93
BRH:0
end_of_record
TN:
SF:src/app/test-biometric/page.tsx
FN:6,TestBiometricPage
FNF:1
FNH:0
FNDA:0,TestBiometricPage
DA:3,0
DA:4,0
DA:6,0
LF:3
LH:0
BRF:0
BRH:0
end_of_record
TN:
SF:src/app/webauthn-test/page.tsx
FN:14,WebAuthnTestPage
FN:26,(anonymous_3)
FN:30,(anonymous_4)
FN:37,(anonymous_5)
FN:41,(anonymous_6)
FN:68,(anonymous_7)
FN:148,(anonymous_8)
FN:228,(anonymous_9)
FN:234,(anonymous_10)
FN:237,(anonymous_11)
FN:240,(anonymous_12)
FN:247,(anonymous_13)
FN:249,(anonymous_14)
FN:252,(anonymous_15)
FN:258,(anonymous_16)
FN:263,(anonymous_17)
FN:278,(anonymous_18)
FN:335,(anonymous_19)
FN:345,(anonymous_20)
FN:355,(anonymous_21)
FN:365,(anonymous_22)
FN:394,(anonymous_23)
FN:407,(anonymous_24)
FN:418,(anonymous_25)
FN:531,(anonymous_26)
FN:540,(anonymous_27)
FN:637,(anonymous_28)
FN:711,(anonymous_29)
FN:795,(anonymous_30)
FNF:29
FNH:0
FNDA:0,WebAuthnTestPage
FNDA:0,(anonymous_3)
FNDA:0,(anonymous_4)
FNDA:0,(anonymous_5)
FNDA:0,(anonymous_6)
FNDA:0,(anonymous_7)
FNDA:0,(anonymous_8)
FNDA:0,(anonymous_9)
FNDA:0,(anonymous_10)
FNDA:0,(anonymous_11)
FNDA:0,(anonymous_12)
FNDA:0,(anonymous_13)
FNDA:0,(anonymous_14)
FNDA:0,(anonymous_15)
FNDA:0,(anonymous_16)
FNDA:0,(anonymous_17)
FNDA:0,(anonymous_18)
FNDA:0,(anonymous_19)
FNDA:0,(anonymous_20)
FNDA:0,(anonymous_21)
FNDA:0,(anonymous_22)
FNDA:0,(anonymous_23)
FNDA:0,(anonymous_24)
FNDA:0,(anonymous_25)
FNDA:0,(anonymous_26)
FNDA:0,(anonymous_27)
FNDA:0,(anonymous_28)
FNDA:0,(anonymous_29)
FNDA:0,(anonymous_30)
DA:3,0
DA:4,0
DA:5,0
DA:14,0
DA:15,0
DA:16,0
DA:17,0
DA:18,0
DA:19,0
DA:20,0
DA:21,0
DA:22,0
DA:23,0
DA:24,0
DA:26,0
DA:27,0
DA:30,0
DA:31,0
DA:37,0
DA:38,0
DA:41,0
DA:42,0
DA:43,0
DA:45,0
DA:46,0
DA:47,0
DA:49,0
DA:51,0
DA:52,0
DA:53,0
DA:54,0
DA:55,0
DA:56,0
DA:58,0
DA:61,0
DA:62,0
DA:64,0
DA:68,0
DA:69,0
DA:70,0
DA:73,0
DA:74,0
DA:75,0
DA:77,0
DA:79,0
DA:80,0
DA:88,0
DA:89,0
DA:90,0
DA:93,0
DA:94,0
DA:97,0
DA:98,0
DA:102,0
DA:103,0
DA:106,0
DA:112,0
DA:113,0
DA:132,0
DA:133,0
DA:134,0
DA:137,0
DA:138,0
DA:140,0
DA:141,0
DA:143,0
DA:144,0
DA:148,0
DA:149,0
DA:150,0
DA:153,0
DA:154,0
DA:155,0
DA:157,0
DA:159,0
DA:160,0
DA:168,0
DA:169,0
DA:170,0
DA:173,0
DA:174,0
DA:177,0
DA:178,0
DA:182,0
DA:183,0
DA:186,0
DA:192,0
DA:193,0
DA:212,0
DA:213,0
DA:214,0
DA:217,0
DA:218,0
DA:220,0
DA:221,0
DA:223,0
DA:224,0
DA:228,0
DA:229,0
DA:230,0
DA:231,0
DA:234,0
DA:235,0
DA:237,0
DA:238,0
DA:240,0
DA:241,0
DA:243,0
DA:244,0
DA:247,0
DA:248,0
DA:249,0
DA:251,0
DA:252,0
DA:254,0
DA:255,0
DA:258,0
DA:259,0
DA:260,0
DA:263,0
DA:264,0
DA:266,0
DA:267,0
DA:268,0
DA:269,0
DA:270,0
DA:271,0
DA:272,0
DA:273,0
DA:275,0
DA:278,0
DA:279,0
DA:281,0
DA:282,0
DA:283,0
DA:284,0
DA:285,0
DA:286,0
DA:287,0
DA:288,0
DA:290,0
DA:293,0
DA:335,0
DA:345,0
DA:355,0
DA:365,0
DA:394,0
DA:407,0
DA:418,0
DA:532,0
DA:537,0
DA:538,0
DA:541,0
DA:638,0
DA:712,0
DA:795,0
LF:156
LH:0
BRDA:51,0,0,0
BRDA:51,0,1,0
BRDA:54,1,0,0
BRDA:54,1,1,0
BRDA:69,2,0,0
BRDA:69,2,1,0
BRDA:88,3,0,0
BRDA:88,3,1,0
BRDA:102,4,0,0
BRDA:102,4,1,0
BRDA:132,5,0,0
BRDA:132,5,1,0
BRDA:149,6,0,0
BRDA:149,6,1,0
BRDA:168,7,0,0
BRDA:168,7,1,0
BRDA:182,8,0,0
BRDA:182,8,1,0
BRDA:212,9,0,0
BRDA:212,9,1,0
BRDA:238,10,0,0
BRDA:238,10,1,0
BRDA:264,11,0,0
BRDA:264,11,1,0
BRDA:266,12,0,0
BRDA:266,12,1,0
BRDA:268,13,0,0
BRDA:268,13,1,0
BRDA:270,14,0,0
BRDA:270,14,1,0
BRDA:272,15,0,0
BRDA:272,15,1,0
BRDA:279,16,0,0
BRDA:279,16,1,0
BRDA:281,17,0,0
BRDA:281,17,1,0
BRDA:282,18,0,0
BRDA:282,18,1,0
BRDA:283,19,0,0
BRDA:283,19,1,0
BRDA:284,20,0,0
BRDA:284,20,1,0
BRDA:285,21,0,0
BRDA:285,21,1,0
BRDA:287,22,0,0
BRDA:287,22,1,0
BRDA:293,23,0,0
BRDA:293,23,1,0
BRDA:320,24,0,0
BRDA:337,25,0,0
BRDA:337,25,1,0
BRDA:347,26,0,0
BRDA:347,26,1,0
BRDA:357,27,0,0
BRDA:357,27,1,0
BRDA:367,28,0,0
BRDA:367,28,1,0
BRDA:380,29,0,0
BRDA:433,30,0,0
BRDA:450,31,0,0
BRDA:450,31,1,0
BRDA:450,32,0,0
BRDA:450,32,1,0
BRDA:465,33,0,0
BRDA:465,33,1,0
BRDA:465,34,0,0
BRDA:465,34,1,0
BRDA:480,35,0,0
BRDA:480,35,1,0
BRDA:494,36,0,0
BRDA:511,37,0,0
BRDA:516,38,0,0
BRDA:599,39,0,0
BRDA:599,39,1,0
BRDA:610,40,0,0
BRDA:610,40,1,0
BRDA:611,41,0,0
BRDA:611,41,1,0
BRDA:617,42,0,0
BRDA:617,42,1,0
BRDA:618,43,0,0
BRDA:618,43,1,0
BRDA:624,44,0,0
BRDA:624,44,1,0
BRDA:625,45,0,0
BRDA:625,45,1,0
BRDA:636,46,0,0
BRDA:642,47,0,0
BRDA:642,47,1,0
BRDA:643,48,0,0
BRDA:643,48,1,0
BRDA:644,49,0,0
BRDA:644,49,1,0
BRDA:645,50,0,0
BRDA:645,50,1,0
BRDA:668,51,0,0
BRDA:668,51,1,0
BRDA:675,52,0,0
BRDA:675,52,1,0
BRDA:676,53,0,0
BRDA:676,53,1,0
BRDA:677,54,0,0
BRDA:677,54,1,0
BRDA:678,55,0,0
BRDA:678,55,1,0
BRDA:679,56,0,0
BRDA:679,56,1,0
BRDA:679,56,2,0
BRDA:679,56,3,0
BRDA:679,56,4,0
BRDA:686,57,0,0
BRDA:686,57,1,0
BRDA:695,58,0,0
BRDA:708,59,0,0
BRDA:708,59,1,0
BRDA:715,60,0,0
BRDA:715,60,1,0
BRDA:716,61,0,0
BRDA:716,61,1,0
BRDA:717,62,0,0
BRDA:717,62,1,0
BRDA:725,63,0,0
BRDA:725,63,1,0
BRDA:726,64,0,0
BRDA:726,64,1,0
BRDA:727,65,0,0
BRDA:727,65,1,0
BRDA:737,66,0,0
BRDA:766,67,0,0
BRDA:766,67,1,0
BRDA:767,68,0,0
BRDA:767,68,1,0
BRDA:773,69,0,0
BRDA:773,69,1,0
BRDA:774,70,0,0
BRDA:774,70,1,0
BRDA:780,71,0,0
BRDA:780,71,1,0
BRDA:781,72,0,0
BRDA:781,72,1,0
BRDA:787,73,0,0
BRDA:787,73,1,0
BRDA:788,74,0,0
BRDA:788,74,1,0
BRF:144
BRH:0
end_of_record
TN:
SF:src/components/BiometricAuthExample.tsx
FN:7,BiometricAuthExample
FN:12,(anonymous_6)
FN:19,(anonymous_7)
FN:24,(anonymous_8)
FN:29,(anonymous_9)
FN:34,(anonymous_10)
FNF:6
FNH:0
FNDA:0,BiometricAuthExample
FNDA:0,(anonymous_6)
FNDA:0,(anonymous_7)
FNDA:0,(anonymous_8)
FNDA:0,(anonymous_9)
FNDA:0,(anonymous_10)
DA:3,0
DA:4,0
DA:7,0
DA:8,0
DA:9,0
DA:10,0
DA:12,0
DA:13,0
DA:14,0
DA:15,0
DA:16,0
DA:19,0
DA:20,0
DA:24,0
DA:25,0
DA:26,0
DA:29,0
DA:30,0
DA:31,0
DA:34,0
DA:35,0
DA:36,0
DA:37,0
DA:40,0
LF:24
LH:0
BRDA:40,0,0,0
BRDA:40,0,1,0
BRDA:45,1,0,0
BRDA:45,1,1,0
BRDA:48,2,0,0
BRDA:51,3,0,0
BRDA:55,4,0,0
BRDA:55,4,1,0
BRF:8
BRH:0
end_of_record
TN:
SF:src/components/BiometricWithFallback.tsx
FN:53,BiometricWithFallback
FN:78,(anonymous_5)
FN:125,(anonymous_6)
FN:127,(anonymous_7)
FN:136,(anonymous_8)
FN:142,(anonymous_9)
FN:145,(anonymous_10)
FN:160,(anonymous_11)
FN:173,(anonymous_12)
FN:242,(anonymous_13)
FN:290,(anonymous_14)
FN:310,(anonymous_15)
FN:336,(anonymous_16)
FN:344,(anonymous_17)
FN:353,(anonymous_18)
FN:396,(anonymous_19)
FN:403,(anonymous_20)
FN:415,(anonymous_21)
FN:432,(anonymous_22)
FN:558,(anonymous_25)
FN:586,(anonymous_27)
FN:595,(anonymous_28)
FNF:22
FNH:0
FNDA:0,BiometricWithFallback
FNDA:0,(anonymous_5)
FNDA:0,(anonymous_6)
FNDA:0,(anonymous_7)
FNDA:0,(anonymous_8)
FNDA:0,(anonymous_9)
FNDA:0,(anonymous_10)
FNDA:0,(anonymous_11)
FNDA:0,(anonymous_12)
FNDA:0,(anonymous_13)
FNDA:0,(anonymous_14)
FNDA:0,(anonymous_15)
FNDA:0,(anonymous_16)
FNDA:0,(anonymous_17)
FNDA:0,(anonymous_18)
FNDA:0,(anonymous_19)
FNDA:0,(anonymous_20)
FNDA:0,(anonymous_21)
FNDA:0,(anonymous_22)
FNDA:0,(anonymous_25)
FNDA:0,(anonymous_27)
FNDA:0,(anonymous_28)
DA:3,0
DA:4,0
DA:17,0
DA:18,0
DA:19,0
DA:53,0
DA:66,0
DA:67,0
DA:68,0
DA:69,0
DA:70,0
DA:71,0
DA:73,0
DA:74,0
DA:75,0
DA:78,0
DA:79,0
DA:80,0
DA:81,0
DA:84,0
DA:85,0
DA:88,0
DA:90,0
DA:92,0
DA:93,0
DA:94,0
DA:95,0
DA:97,0
DA:101,0
DA:102,0
DA:103,0
DA:104,0
DA:108,0
DA:109,0
DA:111,0
DA:118,0
DA:119,0
DA:120,0
DA:125,0
DA:126,0
DA:127,0
DA:128,0
DA:130,0
DA:131,0
DA:132,0
DA:136,0
DA:137,0
DA:138,0
DA:142,0
DA:143,0
DA:144,0
DA:145,0
DA:146,0
DA:147,0
DA:148,0
DA:150,0
DA:151,0
DA:153,0
DA:156,0
DA:160,0
DA:161,0
DA:162,0
DA:165,0
DA:166,0
DA:168,0
DA:171,0
DA:173,0
DA:174,0
DA:176,0
DA:177,0
DA:178,0
DA:190,0
DA:194,0
DA:195,0
DA:201,0
DA:202,0
DA:215,0
DA:217,0
DA:218,0
DA:233,0
DA:235,0
DA:236,0
DA:237,0
DA:242,0
DA:243,0
DA:244,0
DA:246,0
DA:247,0
DA:248,0
DA:251,0
DA:256,0
DA:257,0
DA:258,0
DA:259,0
DA:260,0
DA:261,0
DA:265,0
DA:267,0
DA:278,0
DA:284,0
DA:285,0
DA:290,0
DA:291,0
DA:292,0
DA:295,0
DA:297,0
DA:310,0
DA:311,0
DA:313,0
DA:316,0
DA:318,0
DA:319,0
DA:321,0
DA:322,0
DA:324,0
DA:325,0
DA:327,0
DA:330,0
DA:333,0
DA:334,0
DA:335,0
DA:336,0
DA:338,0
DA:344,0
DA:345,0
DA:346,0
DA:347,0
DA:348,0
DA:349,0
DA:353,0
DA:354,0
DA:356,0
DA:358,0
DA:364,0
DA:365,0
DA:373,0
DA:379,0
DA:385,0
DA:393,0
DA:396,0
DA:397,0
DA:403,0
DA:415,0
DA:432,0
DA:558,0
DA:586,0
DA:595,0
DA:606,0
LF:148
LH:0
BRDA:54,0,0,0
BRDA:55,1,0,0
BRDA:59,2,0,0
BRDA:60,3,0,0
BRDA:62,4,0,0
BRDA:63,5,0,0
BRDA:90,6,0,0
BRDA:90,6,1,0
BRDA:92,7,0,0
BRDA:92,7,1,0
BRDA:92,8,0,0
BRDA:92,8,1,0
BRDA:92,8,2,0
BRDA:94,9,0,0
BRDA:94,9,1,0
BRDA:94,10,0,0
BRDA:94,10,1,0
BRDA:94,10,2,0
BRDA:101,11,0,0
BRDA:101,11,1,0
BRDA:101,12,0,0
BRDA:101,12,1,0
BRDA:103,13,0,0
BRDA:103,13,1,0
BRDA:103,14,0,0
BRDA:103,14,1,0
BRDA:126,15,0,0
BRDA:126,15,1,0
BRDA:130,16,0,0
BRDA:130,16,1,0
BRDA:142,17,0,0
BRDA:150,18,0,0
BRDA:150,18,1,0
BRDA:161,19,0,0
BRDA:161,19,1,0
BRDA:171,20,0,0
BRDA:171,20,1,0
BRDA:176,21,0,0
BRDA:176,21,1,0
BRDA:181,22,0,0
BRDA:181,22,1,0
BRDA:194,23,0,0
BRDA:194,23,1,0
BRDA:205,24,0,0
BRDA:205,24,1,0
BRDA:221,25,0,0
BRDA:221,25,1,0
BRDA:247,26,0,0
BRDA:247,26,1,0
BRDA:256,27,0,0
BRDA:256,27,1,0
BRDA:271,28,0,0
BRDA:271,28,1,0
BRDA:272,29,0,0
BRDA:272,29,1,0
BRDA:273,30,0,0
BRDA:273,30,1,0
BRDA:301,31,0,0
BRDA:301,31,1,0
BRDA:302,32,0,0
BRDA:302,32,1,0
BRDA:303,33,0,0
BRDA:303,33,1,0
BRDA:311,34,0,0
BRDA:311,34,1,0
BRDA:316,35,0,0
BRDA:316,35,1,0
BRDA:316,35,2,0
BRDA:316,35,3,0
BRDA:333,36,0,0
BRDA:333,36,1,0
BRDA:354,37,0,0
BRDA:354,37,1,0
BRDA:356,38,0,0
BRDA:356,38,1,0
BRDA:356,38,2,0
BRDA:356,38,3,0
BRDA:356,38,4,0
BRDA:366,39,0,0
BRDA:366,39,1,0
BRDA:367,40,0,0
BRDA:367,40,1,0
BRDA:368,41,0,0
BRDA:368,41,1,0
BRDA:369,42,0,0
BRDA:369,42,1,0
BRDA:370,43,0,0
BRDA:370,43,1,0
BRDA:397,44,0,0
BRDA:397,44,1,0
BRDA:404,45,0,0
BRDA:404,45,1,0
BRDA:413,46,0,0
BRDA:416,47,0,0
BRDA:416,47,1,0
BRDA:421,48,0,0
BRDA:425,49,0,0
BRDA:425,49,1,0
BRDA:430,50,0,0
BRDA:430,50,1,0
BRDA:430,50,2,0
BRDA:433,51,0,0
BRDA:433,51,1,0
BRDA:449,52,0,0
BRDA:456,53,0,0
BRDA:456,53,1,0
BRDA:466,54,0,0
BRDA:466,54,1,0
BRDA:467,55,0,0
BRDA:467,55,1,0
BRDA:470,56,0,0
BRDA:470,56,1,0
BRDA:471,57,0,0
BRDA:471,57,1,0
BRDA:480,58,0,0
BRDA:499,59,0,0
BRDA:511,60,0,0
BRDA:521,61,0,0
BRDA:542,62,0,0
BRDA:542,62,1,0
BRDA:543,63,0,0
BRDA:543,63,1,0
BRDA:543,64,0,0
BRDA:543,64,1,0
BRDA:544,65,0,0
BRDA:544,65,1,0
BRDA:545,66,0,0
BRDA:545,66,1,0
BRDA:549,67,0,0
BRDA:549,67,1,0
BRDA:550,68,0,0
BRDA:550,68,1,0
BRDA:551,69,0,0
BRDA:551,69,1,0
BRDA:551,70,0,0
BRDA:551,70,1,0
BRDA:552,71,0,0
BRDA:552,71,1,0
BRDA:556,72,0,0
BRDA:562,73,0,0
BRDA:562,73,1,0
BRDA:567,74,0,0
BRDA:567,74,1,0
BRDA:567,74,2,0
BRDA:584,75,0,0
BRDA:606,76,0,0
BRDA:606,76,1,0
BRDA:623,77,0,0
BRDA:626,78,0,0
BRDA:636,79,0,0
BRDA:636,79,1,0
BRDA:641,80,0,0
BRDA:644,81,0,0
BRDA:644,81,1,0
BRDA:647,82,0,0
BRDA:647,82,1,0
[...]
DA:147,0
DA:157,0
DA:158,0
DA:159,0
DA:160,0
DA:162,0
DA:182,0
DA:183,0
DA:189,0
DA:194,0
DA:196,0
DA:218,0
DA:219,0
DA:220,0
DA:223,0
DA:227,0
DA:228,0
DA:230,0
DA:231,0
DA:232,0
DA:236,0
DA:237,0
DA:241,0
DA:245,0
DA:249,0
DA:250,0
DA:257,0
DA:269,0
LF:35
LH:0
BRDA:128,0,0,0
BRDA:128,0,1,0
BRDA:131,1,0,0
BRDA:131,1,1,0
BRDA:136,2,0,0
BRDA:136,2,1,0
BRDA:146,3,0,0
BRDA:146,3,1,0
BRDA:160,4,0,0
BRDA:160,4,1,0
BRDA:160,4,2,0
BRDA:163,5,0,0
BRDA:163,5,1,0
BRDA:168,6,0,0
BRDA:168,6,1,0
BRDA:171,7,0,0
BRDA:171,7,1,0
BRDA:175,8,0,0
BRDA:175,8,1,0
BRDA:182,9,0,0
BRDA:199,10,0,0
BRDA:199,10,1,0
BRDA:203,11,0,0
BRDA:203,11,1,0
BRDA:209,12,0,0
BRDA:209,12,1,0
BRDA:228,13,0,0
BRDA:228,13,1,0
BRDA:236,14,0,0
BRDA:236,14,1,0
BRDA:241,15,0,0
BRDA:241,15,1,0
BRF:32
BRH:0
end_of_record
TN:
SF:src/services/faceDetectionExample.ts
FN:17,initializeFaceDetection
FN:31,setupWebcamDetection
FN:54,(anonymous_9)
FN:55,(anonymous_10)
FN:76,startContinuousDetection
FN:84,(anonymous_12)
FN:126,(anonymous_13)
FN:134,authenticateWithFace
FN:193,enrollFace
FN:259,getQualityFeedback
FN:303,(anonymous_17)
FN:335,(anonymous_18)
FN:343,(anonymous_19)
FN:352,(anonymous_20)
FN:359,(anonymous_21)
FN:370,(anonymous_22)
FN:382,(anonymous_23)
FN:391,(anonymous_24)
FN:395,(anonymous_25)
FNF:19
FNH:0
FNDA:0,initializeFaceDetection
FNDA:0,setupWebcamDetection
FNDA:0,(anonymous_9)
FNDA:0,(anonymous_10)
FNDA:0,startContinuousDetection
FNDA:0,(anonymous_12)
FNDA:0,(anonymous_13)
FNDA:0,authenticateWithFace
FNDA:0,enrollFace
FNDA:0,getQualityFeedback
FNDA:0,(anonymous_17)
FNDA:0,(anonymous_18)
FNDA:0,(anonymous_19)
FNDA:0,(anonymous_20)
FNDA:0,(anonymous_21)
FNDA:0,(anonymous_22)
FNDA:0,(anonymous_23)
FNDA:0,(anonymous_24)
FNDA:0,(anonymous_25)
DA:7,0
DA:17,0
DA:18,0
DA:19,0
DA:20,0
DA:21,0
DA:23,0
DA:24,0
DA:31,0
DA:36,0
DA:38,0
DA:48,0
DA:49,0
DA:50,0
DA:51,0
DA:54,0
DA:55,0
DA:56,0
DA:57,0
DA:61,0
DA:63,0
DA:64,0
DA:65,0
DA:76,0
DA:82,0
DA:84,0
DA:85,0
DA:86,0
DA:87,0
DA:89,0
DA:92,0
DA:94,0
DA:96,0
DA:98,0
DA:99,0
DA:101,0
DA:104,0
DA:105,0
DA:107,0
DA:117,0
DA:118,0
DA:123,0
DA:126,0
DA:127,0
DA:134,0
DA:140,0
DA:142,0
DA:147,0
DA:148,0
DA:155,0
DA:158,0
DA:159,0
DA:160,0
DA:168,0
DA:175,0
DA:182,0
DA:183,0
DA:193,0
DA:199,0
DA:201,0
DA:206,0
DA:207,0
DA:214,0
DA:216,0
DA:217,0
DA:218,0
DA:226,0
DA:234,0
DA:241,0
DA:248,0
DA:249,0
DA:260,0
DA:262,0
DA:263,0
DA:266,0
DA:267,0
DA:270,0
DA:271,0
DA:274,0
DA:275,0
DA:276,0
DA:277,0
DA:280,0
DA:281,0
DA:284,0
DA:285,0
DA:288,0
DA:296,0
DA:297,0
DA:298,0
DA:299,0
DA:300,0
DA:301,0
DA:304,0
DA:306,0
DA:307,0
DA:310,0
DA:311,0
DA:312,0
DA:313,0
DA:316,0
DA:317,0
DA:320,0
DA:323,0
DA:324,0
DA:325,0
DA:328,0
DA:330,0
DA:331,0
DA:339,0
DA:341,0
DA:345,0
DA:346,0
DA:353,0
DA:354,0
DA:355,0
DA:360,0
DA:362,0
DA:363,0
DA:364,0
DA:367,0
DA:370,0
DA:371,0
DA:373,0
DA:376,0
DA:377,0
DA:378,0
DA:381,0
DA:382,0
DA:383,0
DA:384,0
DA:385,0
DA:386,0
DA:392,0
DA:394,0
DA:395,0
DA:396,0
DA:399,0
DA:400,0
DA:401,0
DA:403,0
LF:141
LH:0
BRDA:63,0,0,0
BRDA:63,0,1,0
BRDA:80,1,0,0
BRDA:85,2,0,0
BRDA:85,2,1,0
BRDA:85,3,0,0
BRDA:85,3,1,0
BRDA:86,4,0,0
BRDA:86,4,1,0
BRDA:96,5,0,0
BRDA:96,5,1,0
BRDA:104,6,0,0
BRDA:104,6,1,0
BRDA:104,7,0,0
BRDA:104,7,1,0
BRDA:104,7,2,0
BRDA:117,8,0,0
BRDA:117,8,1,0
BRDA:147,9,0,0
BRDA:147,9,1,0
BRDA:159,10,0,0
BRDA:159,10,1,0
BRDA:182,11,0,0
BRDA:182,11,1,0
BRDA:206,12,0,0
BRDA:206,12,1,0
BRDA:217,13,0,0
BRDA:217,13,1,0
BRDA:248,14,0,0
BRDA:248,14,1,0
BRDA:262,15,0,0
BRDA:262,15,1,0
BRDA:266,16,0,0
BRDA:266,16,1,0
BRDA:270,17,0,0
BRDA:270,17,1,0
BRDA:274,18,0,0
BRDA:274,18,1,0
BRDA:276,19,0,0
BRDA:276,19,1,0
BRDA:280,20,0,0
BRDA:280,20,1,0
BRDA:284,21,0,0
BRDA:284,21,1,0
BRDA:288,22,0,0
BRDA:288,22,1,0
BRDA:307,23,0,0
BRDA:307,23,1,0
BRDA:311,24,0,0
BRDA:311,24,1,0
BRDA:311,25,0,0
BRDA:311,25,1,0
BRDA:311,25,2,0
BRDA:323,26,0,0
BRDA:323,26,1,0
BRDA:339,27,0,0
BRDA:339,27,1,0
BRDA:353,28,0,0
BRDA:353,28,1,0
BRDA:360,29,0,0
BRDA:360,29,1,0
BRDA:360,30,0,0
BRDA:360,30,1,0
BRDA:360,30,2,0
BRDA:373,31,0,0
BRDA:373,31,1,0
BRDA:383,32,0,0
BRDA:383,32,1,0
BRDA:394,33,0,0
BRDA:394,33,1,0
BRF:70
BRH:0
end_of_record
TN:
SF:src/services/faceDetectionTest.ts
FN:16,(anonymous_3)
FN:31,(anonymous_4)
FN:49,(anonymous_5)
FN:50,(anonymous_6)
FN:67,(anonymous_7)
FN:99,(anonymous_8)
FN:137,(anonymous_9)
FN:162,(anonymous_10)
FN:183,(anonymous_11)
FN:223,(anonymous_12)
FN:225,(anonymous_13)
FN:237,testFaceDetection
FNF:12
FNH:0
FNDA:0,(anonymous_3)
FNDA:0,(anonymous_4)
FNDA:0,(anonymous_5)
FNDA:0,(anonymous_6)
FNDA:0,(anonymous_7)
FNDA:0,(anonymous_8)
FNDA:0,(anonymous_9)
FNDA:0,(anonymous_10)
FNDA:0,(anonymous_11)
FNDA:0,(anonymous_12)
FNDA:0,(anonymous_13)
FNDA:0,testFaceDetection
DA:6,0
DA:9,0
DA:10,0
DA:11,0
DA:17,0
DA:18,0
DA:19,0
DA:20,0
DA:21,0
DA:23,0
DA:24,0
DA:32,0
DA:33,0
DA:35,0
DA:44,0
DA:45,0
DA:46,0
DA:47,0
DA:49,0
DA:50,0
DA:51,0
DA:52,0
DA:56,0
DA:57,0
DA:59,0
DA:60,0
DA:68,0
DA:69,0
DA:70,0
DA:73,0
DA:74,0
DA:76,0
DA:78,0
DA:79,0
DA:80,0
DA:85,0
DA:87,0
DA:91,0
DA:92,0
DA:100,0
DA:101,0
DA:102,0
DA:105,0
DA:106,0
DA:108,0
DA:110,0
DA:111,0
DA:113,0
DA:114,0
DA:123,0
DA:125,0
DA:126,0
DA:129,0
DA:130,0
DA:138,0
DA:139,0
DA:140,0
DA:143,0
DA:144,0
DA:146,0
DA:148,0
DA:149,0
DA:150,0
DA:152,0
DA:154,0
DA:155,0
DA:163,0
DA:164,0
DA:166,0
DA:175,0
DA:177,0
DA:179,0
DA:181,0
DA:183,0
DA:186,0
DA:189,0
DA:192,0
DA:197,0
DA:200,0
DA:201,0
DA:202,0
DA:203,0
DA:204,0
DA:205,0
DA:206,0
DA:208,0
DA:209,0
DA:211,0
DA:213,0
DA:214,0
DA:216,0
DA:224,0
DA:225,0
DA:226,0
DA:229,0
DA:230,0
DA:237,0
DA:238,0
DA:239,0
DA:243,0
DA:244,0
LF:101
LH:0
BRDA:68,0,0,0
BRDA:68,0,1,0
BRDA:68,1,0,0
BRDA:68,1,1,0
BRDA:78,2,0,0
BRDA:78,2,1,0
BRDA:100,3,0,0
BRDA:100,3,1,0
BRDA:100,4,0,0
BRDA:100,4,1,0
BRDA:110,5,0,0
BRDA:110,5,1,0
BRDA:138,6,0,0
BRDA:138,6,1,0
BRDA:138,7,0,0
BRDA:138,7,1,0
BRDA:149,8,0,0
BRDA:149,8,1,0
BRDA:177,9,0,0
BRDA:177,9,1,0
BRDA:181,10,0,0
BRDA:181,10,1,0
BRDA:202,11,0,0
BRDA:202,11,1,0
BRDA:203,12,0,0
BRDA:203,12,1,0
BRDA:204,13,0,0
BRDA:204,13,1,0
BRDA:205,14,0,0
BRDA:205,14,1,0
BRDA:206,15,0,0
BRDA:206,15,1,0
BRDA:213,16,0,0
BRDA:213,16,1,0
BRDA:224,17,0,0
BRDA:224,17,1,0
BRDA:243,18,0,0
BRDA:243,18,1,0
BRF:38
BRH:0
end_of_record
TN:
SF:src/services/faceVerification.ts
FN:84,(anonymous_6)
FN:95,(anonymous_7)
FN:188,(anonymous_8)
FN:333,(anonymous_9)
FN:373,(anonymous_10)
FN:413,(anonymous_11)
FN:427,(anonymous_12)
FN:441,(anonymous_13)
FN:459,(anonymous_14)
FN:495,(anonymous_15)
FN:529,(anonymous_16)
FN:565,(anonymous_17)
FN:586,(anonymous_18)
FN:617,(anonymous_19)
FN:631,(anonymous_20)
FN:648,(anonymous_21)
FN:665,(anonymous_22)
FN:675,(anonymous_23)
FN:685,(anonymous_24)
FN:698,(anonymous_25)
FN:708,(anonymous_26)
FN:713,(anonymous_27)
FN:718,(anonymous_28)
FN:729,createFaceVerificationService
FNF:24
FNH:0
FNDA:0,(anonymous_6)
FNDA:0,(anonymous_7)
FNDA:0,(anonymous_8)
FNDA:0,(anonymous_9)
FNDA:0,(anonymous_10)
FNDA:0,(anonymous_11)
FNDA:0,(anonymous_12)
FNDA:0,(anonymous_13)
FNDA:0,(anonymous_14)
FNDA:0,(anonymous_15)
FNDA:0,(anonymous_16)
FNDA:0,(anonymous_17)
FNDA:0,(anonymous_18)
FNDA:0,(anonymous_19)
FNDA:0,(anonymous_20)
FNDA:0,(anonymous_21)
FNDA:0,(anonymous_22)
FNDA:0,(anonymous_23)
FNDA:0,(anonymous_24)
FNDA:0,(anonymous_25)
FNDA:0,(anonymous_26)
FNDA:0,(anonymous_27)
FNDA:0,(anonymous_28)
FNDA:0,createFaceVerificationService
DA:1,0
DA:2,0
DA:3,0
DA:16,0
DA:81,0
DA:85,0
DA:100,0
DA:102,0
DA:104,0
DA:105,0
DA:106,0
DA:115,0
DA:116,0
DA:117,0
DA:126,0
DA:127,0
DA:136,0
DA:137,0
DA:139,0
DA:140,0
DA:141,0
DA:151,0
DA:153,0
DA:156,0
DA:157,0
DA:160,0
DA:171,0
DA:172,0
DA:193,0
DA:194,0
DA:196,0
DA:198,0
DA:199,0
DA:200,0
DA:210,0
DA:211,0
DA:212,0
DA:222,0
DA:223,0
DA:224,0
DA:234,0
DA:235,0
DA:236,0
DA:247,0
DA:262,0
DA:263,0
DA:264,0
DA:274,0
DA:276,0
DA:277,0
DA:279,0
DA:280,0
DA:281,0
DA:286,0
DA:287,0
DA:288,0
DA:291,0
DA:292,0
DA:304,0
DA:318,0
DA:319,0
DA:334,0
DA:336,0
DA:342,0
DA:345,0
DA:346,0
DA:349,0
DA:352,0
DA:354,0
DA:365,0
DA:366,0
DA:374,0
DA:375,0
DA:376,0
DA:378,0
DA:379,0
DA:383,0
DA:384,0
DA:385,0
DA:387,0
DA:388,0
DA:389,0
DA:390,0
DA:393,0
DA:394,0
DA:396,0
DA:397,0
DA:400,0
DA:403,0
DA:405,0
DA:406,0
DA:414,0
DA:415,0
DA:416,0
DA:417,0
DA:419,0
DA:420,0
DA:428,0
DA:429,0
DA:430,0
DA:431,0
DA:433,0
DA:434,0
DA:442,0
DA:444,0
DA:453,0
DA:463,0
DA:467,0
DA:475,0
DA:477,0
DA:478,0
DA:479,0
DA:480,0
DA:485,0
DA:489,0
DA:496,0
DA:497,0
DA:502,0
DA:503,0
DA:507,0
DA:508,0
DA:512,0
DA:513,0
DA:514,0
DA:516,0
DA:517,0
DA:520,0
DA:522,0
DA:530,0
DA:531,0
DA:534,0
DA:535,0
DA:543,0
DA:546,0
DA:549,0
DA:550,0
DA:551,0
DA:553,0
DA:555,0
DA:557,0
DA:566,0
DA:567,0
DA:570,0
DA:574,0
DA:575,0
DA:577,0
DA:591,0
DA:594,0
DA:595,0
DA:599,0
DA:600,0
DA:601,0
DA:602,0
DA:606,0
DA:607,0
DA:608,0
DA:609,0
DA:612,0
DA:618,0
DA:619,0
DA:622,0
DA:623,0
DA:624,0
DA:628,0
DA:633,0
DA:634,0
DA:636,0
DA:639,0
DA:640,0
DA:643,0
DA:645,0
DA:649,0
DA:650,0
DA:651,0
DA:654,0
DA:655,0
DA:656,0
DA:657,0
DA:658,0
DA:662,0
DA:667,0
DA:668,0
DA:669,0
DA:672,0
DA:678,0
DA:679,0
DA:682,0
DA:686,0
DA:699,0
DA:710,0
DA:715,0
DA:721,0
DA:726,0
DA:729,0
DA:730,0
LF:195
LH:0
BRDA:84,0,0,0
BRDA:98,1,0,0
BRDA:105,2,0,0
BRDA:105,2,1,0
BRDA:110,3,0,0
BRDA:110,3,1,0
BRDA:116,4,0,0
BRDA:116,4,1,0
BRDA:126,5,0,0
BRDA:126,5,1,0
BRDA:136,6,0,0
BRDA:136,6,1,0
BRDA:140,7,0,0
BRDA:140,7,1,0
BRDA:156,8,0,0
BRDA:156,8,1,0
BRDA:199,9,0,0
BRDA:199,9,1,0
BRDA:211,10,0,0
BRDA:211,10,1,0
BRDA:217,11,0,0
BRDA:217,11,1,0
BRDA:223,12,0,0
BRDA:223,12,1,0
BRDA:235,13,0,0
BRDA:235,13,1,0
BRDA:263,14,0,0
BRDA:263,14,1,0
BRDA:279,15,0,0
BRDA:279,15,1,0
BRDA:280,16,0,0
BRDA:280,16,1,0
BRDA:280,17,0,0
BRDA:280,17,1,0
BRDA:287,18,0,0
BRDA:287,18,1,0
BRDA:291,19,0,0
BRDA:291,19,1,0
BRDA:294,20,0,0
BRDA:294,20,1,0
BRDA:307,21,0,0
BRDA:307,21,1,0
BRDA:310,22,0,0
BRDA:310,22,1,0
BRDA:336,23,0,0
BRDA:336,23,1,0
BRDA:346,24,0,0
BRDA:346,24,1,0
BRDA:378,25,0,0
BRDA:378,25,1,0
BRDA:396,26,0,0
BRDA:396,26,1,0
BRDA:396,27,0,0
BRDA:396,27,1,0
BRDA:463,28,0,0
BRDA:463,28,1,0
BRDA:497,29,0,0
BRDA:497,29,1,0
BRDA:502,30,0,0
BRDA:502,30,1,0
BRDA:507,31,0,0
BRDA:507,31,1,0
BRDA:513,32,0,0
BRDA:513,32,1,0
BRDA:514,33,0,0
BRDA:514,33,1,0
BRDA:514,33,2,0
BRDA:514,33,3,0
BRDA:516,34,0,0
BRDA:516,34,1,0
BRDA:516,35,0,0
BRDA:516,35,1,0
BRDA:530,36,0,0
BRDA:530,36,1,0
BRDA:535,37,0,0
BRDA:535,37,1,0
BRDA:550,38,0,0
BRDA:550,38,1,0
BRDA:551,39,0,0
BRDA:551,39,1,0
BRDA:566,40,0,0
BRDA:566,40,1,0
BRDA:594,41,0,0
BRDA:594,41,1,0
BRDA:599,42,0,0
BRDA:599,42,1,0
BRDA:601,43,0,0
BRDA:601,43,1,0
BRDA:606,44,0,0
BRDA:606,44,1,0
BRDA:608,45,0,0
BRDA:608,45,1,0
BRDA:639,46,0,0
BRDA:639,46,1,0
BRDA:640,47,0,0
BRDA:640,47,1,0
BRDA:656,48,0,0
BRDA:656,48,1,0
BRDA:668,49,0,0
BRDA:668,49,1,0
BRDA:668,50,0,0
BRDA:668,50,1,0
BRDA:668,50,2,0
BRF:103
BRH:0
end_of_record
TN:
SF:src/services/payments.ts
FN:10,(anonymous_2)
FN:56,(anonymous_3)
FN:63,(anonymous_4)
FN:73,(anonymous_5)
FN:80,(anonymous_6)
FN:86,(anonymous_7)
FN:94,(anonymous_8)
FN:114,(anonymous_9)
FN:123,(anonymous_10)
FN:128,(anonymous_11)
FN:142,(anonymous_12)
FN:153,(anonymous_13)
FN:162,(anonymous_14)
FN:171,(anonymous_15)
FN:191,(anonymous_16)
FN:198,(anonymous_17)
FN:203,(anonymous_18)
FN:215,(anonymous_19)
FNF:18
FNH:0
FNDA:0,(anonymous_2)
FNDA:0,(anonymous_3)
FNDA:0,(anonymous_4)
FNDA:0,(anonymous_5)
FNDA:0,(anonymous_6)
FNDA:0,(anonymous_7)
FNDA:0,(anonymous_8)
FNDA:0,(anonymous_9)
FNDA:0,(anonymous_10)
FNDA:0,(anonymous_11)
FNDA:0,(anonymous_12)
FNDA:0,(anonymous_13)
FNDA:0,(anonymous_14)
FNDA:0,(anonymous_15)
FNDA:0,(anonymous_16)
FNDA:0,(anonymous_17)
FNDA:0,(anonymous_18)
FNDA:0,(anonymous_19)
DA:1,0
DA:2,0
DA:4,0
DA:8,0
DA:27,0
DA:29,0
DA:49,0
DA:50,0
DA:53,0
DA:57,0
DA:64,0
DA:74,0
DA:81,0
DA:87,0
DA:99,0
DA:103,0
DA:105,0
DA:111,0
DA:115,0
DA:119,0
DA:120,0
DA:124,0
DA:129,0
DA:131,0
DA:133,0
DA:135,0
DA:137,0
DA:138,0
DA:144,0
DA:145,0
DA:154,0
DA:155,0
DA:163,0
DA:164,0
DA:173,0
DA:178,0
DA:179,0
DA:183,0
DA:192,0
DA:199,0
DA:204,0
DA:208,0
DA:212,0
DA:216,0
LF:44
LH:0
BRDA:21,0,0,0
BRDA:37,1,0,0
BRDA:37,1,1,0
BRDA:44,2,0,0
BRDA:44,2,1,0
BRDA:45,3,0,0
BRDA:45,3,1,0
BRDA:49,4,0,0
BRDA:49,4,1,0
BRDA:63,5,0,0
BRDA:129,6,0,0
BRDA:129,6,1,0
BRDA:129,6,2,0
BRDA:129,6,3,0
BRDA:178,7,0,0
BRDA:178,7,1,0
BRDA:186,8,0,0
BRDA:186,8,1,0
BRDA:208,9,0,0
BRDA:208,9,1,0
BRF:20
BRH:0
end_of_record
TN:
SF:src/services/realFaceID.ts
FN:108,(anonymous_1)
FN:112,(anonymous_2)
FN:120,(anonymous_3)
FN:144,(anonymous_4)
FN:147,(anonymous_5)
FN:148,(anonymous_6)
FN:150,(anonymous_7)
FN:162,(anonymous_8)
FN:188,(anonymous_9)
FN:252,(anonymous_10)
FN:336,(anonymous_11)
FN:420,(anonymous_12)
FN:443,(anonymous_13)
FN:449,(anonymous_14)
FN:470,(anonymous_15)
FN:483,(anonymous_16)
FN:492,(anonymous_17)
FN:501,(anonymous_18)
FN:505,(anonymous_19)
FN:516,(anonymous_20)
FN:520,(anonymous_21)
FN:527,(anonymous_22)
FN:539,(anonymous_23)
FNF:23
FNH:0
FNDA:0,(anonymous_1)
FNDA:0,(anonymous_2)
FNDA:0,(anonymous_3)
FNDA:0,(anonymous_4)
FNDA:0,(anonymous_5)
FNDA:0,(anonymous_6)
FNDA:0,(anonymous_7)
FNDA:0,(anonymous_8)
FNDA:0,(anonymous_9)
FNDA:0,(anonymous_10)
FNDA:0,(anonymous_11)
FNDA:0,(anonymous_12)
FNDA:0,(anonymous_13)
FNDA:0,(anonymous_14)
FNDA:0,(anonymous_15)
FNDA:0,(anonymous_16)
FNDA:0,(anonymous_17)
FNDA:0,(anonymous_18)
FNDA:0,(anonymous_19)
FNDA:0,(anonymous_20)
FNDA:0,(anonymous_21)
FNDA:0,(anonymous_22)
FNDA:0,(anonymous_23)
DA:3,0
DA:92,0
DA:93,0
DA:94,0
DA:95,0
DA:96,0
DA:98,0
DA:106,0
DA:109,0
DA:113,0
DA:114,0
DA:115,0
DA:116,0
DA:121,0
DA:122,0
DA:123,0
DA:127,0
DA:138,0
DA:139,0
DA:140,0
DA:141,0
DA:142,0
DA:144,0
DA:145,0
DA:147,0
DA:148,0
DA:150,0
DA:153,0
DA:154,0
DA:156,0
DA:157,0
DA:158,0
DA:163,0
DA:164,0
DA:167,0
DA:169,0
DA:170,0
DA:172,0
DA:173,0
DA:176,0
DA:178,0
DA:180,0
DA:181,0
DA:190,0
DA:193,0
DA:194,0
DA:195,0
DA:197,0
DA:198,0
DA:199,0
DA:200,0
DA:201,0
DA:203,0
DA:204,0
DA:205,0
DA:209,0
DA:210,0
DA:213,0
DA:214,0
DA:215,0
DA:216,0
DA:218,0
DA:219,0
DA:225,0
DA:253,0
DA:254,0
DA:263,0
DA:264,0
DA:265,0
DA:266,0
DA:267,0
DA:269,0
DA:271,0
DA:272,0
DA:273,0
DA:275,0
DA:277,0
DA:278,0
DA:281,0
DA:283,0
DA:286,0
DA:287,0
DA:296,0
DA:299,0
DA:302,0
DA:314,0
DA:316,0
DA:318,0
DA:326,0
DA:337,0
DA:338,0
DA:347,0
DA:349,0
DA:350,0
DA:351,0
DA:360,0
DA:362,0
DA:363,0
DA:364,0
DA:366,0
DA:367,0
DA:368,0
DA:370,0
DA:372,0
DA:373,0
DA:376,0
DA:377,0
DA:380,0
DA:381,0
DA:390,0
DA:393,0
DA:396,0
DA:397,0
DA:399,0
DA:401,0
DA:410,0
DA:422,0
DA:426,0
DA:427,0
DA:428,0
DA:431,0
DA:440,0
DA:444,0
DA:445,0
DA:446,0
DA:449,0
DA:450,0
DA:453,0
DA:454,0
DA:455,0
DA:456,0
DA:458,0
DA:461,0
DA:462,0
DA:464,0
DA:466,0
DA:471,0
DA:472,0
DA:473,0
DA:477,0
DA:479,0
DA:484,0
DA:485,0
DA:486,0
DA:488,0
DA:493,0
DA:494,0
DA:495,0
DA:497,0
DA:502,0
DA:506,0
DA:507,0
DA:508,0
DA:509,0
DA:510,0
DA:512,0
DA:517,0
DA:521,0
DA:522,0
DA:523,0
DA:526,0
DA:527,0
DA:528,0
DA:531,0
DA:532,0
DA:533,0
DA:536,0
DA:540,0
DA:554,0
DA:558,0
LF:170
LH:0
BRDA:113,0,0,0
BRDA:113,0,1,0
BRDA:122,1,0,0
BRDA:122,1,1,0
BRDA:145,2,0,0
BRDA:145,2,1,0
BRDA:163,3,0,0
BRDA:163,3,1,0
BRDA:163,4,0,0
BRDA:163,4,1,0
BRDA:163,4,2,0
BRDA:170,5,0,0
BRDA:170,5,1,0
BRDA:203,6,0,0
BRDA:203,6,1,0
BRDA:213,7,0,0
BRDA:213,7,1,0
BRDA:215,8,0,0
BRDA:215,8,1,0
BRDA:215,9,0,0
BRDA:215,9,1,0
BRDA:218,10,0,0
BRDA:218,10,1,0
BRDA:253,11,0,0
BRDA:253,11,1,0
BRDA:271,12,0,0
BRDA:271,12,1,0
BRDA:271,12,2,0
BRDA:277,13,0,0
BRDA:277,13,1,0
BRDA:277,14,0,0
BRDA:277,14,1,0
BRDA:277,15,0,0
BRDA:277,15,1,0
BRDA:283,16,0,0
BRDA:283,16,1,0
BRDA:286,17,0,0
BRDA:286,17,1,0
BRDA:286,18,0,0
BRDA:286,18,1,0
BRDA:291,19,0,0
BRDA:291,19,1,0
BRDA:331,20,0,0
BRDA:331,20,1,0
BRDA:337,21,0,0
BRDA:337,21,1,0
BRDA:350,22,0,0
BRDA:350,22,1,0
BRDA:366,23,0,0
BRDA:366,23,1,0
BRDA:366,23,2,0
BRDA:372,24,0,0
BRDA:372,24,1,0
BRDA:372,25,0,0
BRDA:372,25,1,0
BRDA:372,26,0,0
BRDA:372,26,1,0
BRDA:377,27,0,0
BRDA:377,27,1,0
BRDA:380,28,0,0
BRDA:380,28,1,0
BRDA:380,29,0,0
BRDA:380,29,1,0
BRDA:384,30,0,0
BRDA:384,30,1,0
BRDA:405,31,0,0
BRDA:405,31,1,0
BRDA:415,32,0,0
BRDA:415,32,1,0
BRDA:427,33,0,0
BRDA:427,33,1,0
BRDA:486,34,0,0
BRDA:486,34,1,0
BRDA:495,35,0,0
BRDA:495,35,1,0
BRDA:521,36,0,0
BRDA:521,36,1,0
BRDA:526,37,0,0
BRDA:526,37,1,0
BRDA:531,38,0,0
BRDA:531,38,1,0
BRDA:554,39,0,0
BRDA:554,39,1,0
BRF:83
BRH:0
end_of_record
TN:
SF:src/services/webauthn.ts
FN:43,(anonymous_1)
FN:129,(anonymous_2)
FN:170,(anonymous_3)
FN:232,(anonymous_4)
FN:278,(anonymous_5)
FN:292,(anonymous_6)
FN:304,(anonymous_7)
FN:317,(anonymous_8)
FN:333,(anonymous_9)
FNF:9
FNH:0
FNDA:0,(anonymous_1)
FNDA:0,(anonymous_2)
FNDA:0,(anonymous_3)
FNDA:0,(anonymous_4)
FNDA:0,(anonymous_5)
FNDA:0,(anonymous_6)
FNDA:0,(anonymous_7)
FNDA:0,(anonymous_8)
FNDA:0,(anonymous_9)
DA:39,0
DA:44,0
DA:45,0
DA:46,0
DA:49,0
DA:50,0
DA:72,0
DA:73,0
DA:74,0
DA:75,0
DA:76,0
DA:77,0
DA:80,0
DA:81,0
DA:82,0
DA:83,0
DA:86,0
DA:87,0
DA:88,0
DA:89,0
DA:90,0
DA:91,0
DA:92,0
DA:93,0
DA:94,0
DA:96,0
DA:101,0
DA:104,0
DA:130,0
DA:132,0
DA:134,0
DA:142,0
DA:150,0
DA:158,0
DA:171,0
DA:172,0
DA:173,0
DA:176,0
DA:177,0
DA:178,0
DA:180,0
DA:206,0
DA:207,0
DA:209,0
DA:210,0
DA:213,0
DA:223,0
DA:224,0
DA:225,0
DA:233,0
DA:234,0
DA:235,0
DA:238,0
DA:239,0
DA:241,0
DA:251,0
DA:252,0
DA:254,0
DA:255,0
DA:258,0
DA:269,0
DA:270,0
DA:271,0
DA:279,0
DA:280,0
DA:286,0
DA:293,0
DA:305,0
DA:318,0
DA:319,0
DA:320,0
DA:321,0
DA:323,0
DA:324,0
DA:327,0
DA:334,0
DA:336,0
DA:338,0
DA:340,0
LF:79
LH:0
BRDA:49,0,0,0
BRDA:49,0,1,0
BRDA:49,1,0,0
BRDA:49,1,1,0
BRDA:75,2,0,0
BRDA:75,2,1,0
BRDA:81,3,0,0
BRDA:81,3,1,0
BRDA:81,4,0,0
BRDA:81,4,1,0
BRDA:86,5,0,0
BRDA:86,5,1,0
BRDA:87,6,0,0
BRDA:87,6,1,0
BRDA:89,7,0,0
BRDA:89,7,1,0
BRDA:91,8,0,0
BRDA:91,8,1,0
BRDA:93,9,0,0
BRDA:93,9,1,0
BRDA:109,10,0,0
BRDA:109,10,1,0
BRDA:110,11,0,0
BRDA:110,11,1,0
BRDA:110,11,2,0
BRDA:111,12,0,0
BRDA:111,12,1,0
BRDA:112,13,0,0
BRDA:112,13,1,0
BRDA:113,14,0,0
BRDA:113,14,1,0
BRDA:130,15,0,0
BRDA:130,15,1,0
BRDA:130,15,2,0
BRDA:132,16,0,0
BRDA:132,16,1,0
BRDA:132,16,2,0
BRDA:132,16,3,0
BRDA:172,17,0,0
BRDA:172,17,1,0
BRDA:172,18,0,0
BRDA:172,18,1,0
BRDA:209,19,0,0
BRDA:209,19,1,0
BRDA:234,20,0,0
BRDA:234,20,1,0
BRDA:234,21,0,0
BRDA:234,21,1,0
BRDA:254,22,0,0
BRDA:254,22,1,0
BRDA:279,23,0,0
BRDA:279,23,1,0
BRDA:279,24,0,0
BRDA:279,24,1,0
BRDA:294,25,0,0
BRDA:294,25,1,0
BRDA:295,26,0,0
BRDA:295,26,1,0
BRDA:296,27,0,0
BRDA:296,27,1,0
BRDA:297,28,0,0
BRDA:297,28,1,0
BRDA:307,29,0,0
BRDA:307,29,1,0
BRDA:308,30,0,0
BRDA:308,30,1,0
BRDA:309,31,0,0
BRDA:309,31,1,0
BRDA:318,32,0,0
BRDA:318,32,1,0
BRDA:319,33,0,0
BRDA:319,33,1,0
BRDA:320,34,0,0
BRDA:320,34,1,0
BRDA:321,35,0,0
BRDA:321,35,1,0
BRDA:322,36,0,0
BRDA:322,36,1,0
BRDA:323,37,0,0
BRDA:323,37,1,0
BRDA:323,38,0,0
BRDA:323,38,1,0
BRDA:334,39,0,0
BRDA:334,39,1,0
BRDA:336,40,0,0
BRDA:336,40,1,0
BRDA:338,41,0,0
BRDA:338,41,1,0
BRDA:340,42,0,0
BRDA:340,42,1,0
BRF:90
BRH:0
end_of_record
TN:
SF:src/utils/biometric-test.ts
FN:7,testBiometricCapabilities
FN:62,testBiometricRegistration
FN:86,testBiometricAuthentication
FN:111,runBiometricTests
FNF:4
FNH:0
FNDA:0,testBiometricCapabilities
FNDA:0,testBiometricRegistration
FNDA:0,testBiometricAuthentication
FNDA:0,runBiometricTests
DA:5,0
DA:7,0
DA:8,0
DA:9,0
DA:12,0
DA:14,0
DA:15,0
DA:16,0
DA:17,0
DA:18,0
DA:19,0
DA:21,0
DA:22,0
DA:23,0
DA:24,0
DA:25,0
DA:26,0
DA:28,0
DA:29,0
DA:30,0
DA:31,0
DA:32,0
DA:33,0
DA:34,0
DA:35,0
DA:38,0
DA:39,0
DA:40,0
DA:41,0
DA:42,0
DA:43,0
DA:44,0
DA:45,0
DA:46,0
DA:47,0
DA:48,0
DA:50,0
DA:51,0
DA:54,0
DA:57,0
DA:58,0
DA:62,0
DA:63,0
DA:64,0
DA:66,0
DA:70,0
DA:71,0
DA:72,0
DA:74,0
DA:77,0
DA:78,0
DA:79,0
DA:80,0
DA:82,0
DA:86,0
DA:87,0
DA:88,0
DA:90,0
DA:94,0
DA:95,0
DA:96,0
DA:98,0
DA:101,0
DA:102,0
DA:103,0
DA:104,0
DA:106,0
DA:111,0
DA:112,0
DA:114,0
DA:117,0
DA:119,0
DA:122,0
DA:124,0
DA:126,0
DA:130,0
LF:76
LH:0
BRDA:35,0,0,0
BRDA:35,0,1,0
BRDA:39,1,0,0
BRDA:39,1,1,0
BRDA:42,2,0,0
BRDA:42,2,1,0
BRDA:46,3,0,0
BRDA:46,3,1,0
BRDA:62,4,0,0
BRDA:62,5,0,0
BRDA:72,6,0,0
BRDA:72,6,1,0
BRDA:77,7,0,0
BRDA:77,7,1,0
BRDA:78,8,0,0
BRDA:78,8,1,0
BRDA:96,9,0,0
BRDA:96,9,1,0
BRDA:101,10,0,0
BRDA:101,10,1,0
BRDA:102,11,0,0
BRDA:102,11,1,0
BRDA:117,12,0,0
BRDA:117,12,1,0
BRDA:117,13,0,0
BRDA:117,13,1,0
BRF:26
BRH:0
end_of_record
